CRITICAL - 2023-12-12 01:06:06 --> Trying to access array offset on value of type null
in APPPATH\Views\Employer\jobdetails.php on line 53.
 1 APPPATH\Views\Employer\jobdetails.php(53): CodeIgniter\Debug\Exceptions->errorHandler(2, 'Trying to access array offset on value of type null', 'C:\\laragon\\www\\pesolink1\\app\\Views\\Employer\\jobdetails.php', 53)
 2 SYSTEMPATH\View\View.php(226): include('C:\\laragon\\www\\pesolink1\\app\\Views\\Employer\\jobdetails.php')
 3 SYSTEMPATH\View\View.php(229): CodeIgniter\View\View->CodeIgniter\View\{closure}()
 4 SYSTEMPATH\Common.php(1188): CodeIgniter\View\View->render('Employer/jobdetails', [], true)
 5 APPPATH\Controllers\EmployerController.php(46): view('Employer/jobdetails', [...])
 6 SYSTEMPATH\CodeIgniter.php(919): App\Controllers\EmployerController->jobdetails('20')
 7 SYSTEMPATH\CodeIgniter.php(494): CodeIgniter\CodeIgniter->runController(Object(App\Controllers\EmployerController))
 8 SYSTEMPATH\CodeIgniter.php(353): CodeIgniter\CodeIgniter->handleRequest(null, Object(Config\Cache), false)
 9 FCPATH\index.php(87): CodeIgniter\CodeIgniter->run()
10 SYSTEMPATH\Commands\Server\rewrite.php(47): require_once('C:\\laragon\\www\\pesolink1\\public\\index.php')
CRITICAL - 2023-12-12 01:21:55 --> CodeIgniter\Router\RouteCollection::post(): Argument #3 ($options) must be of type ?array, string given, called in C:\laragon\www\pesolink1\app\Config\Routes.php on line 13
in SYSTEMPATH\Router\RouteCollection.php on line 1023.
 1 APPPATH\Config\Routes.php(13): CodeIgniter\Router\RouteCollection->post('Hello', 'HelloController', 'Hello')
 2 SYSTEMPATH\Router\RouteCollection.php(772): CodeIgniter\Router\RouteCollection->{closure}(Object(CodeIgniter\Router\RouteCollection))
 3 APPPATH\Config\Routes.php(15): CodeIgniter\Router\RouteCollection->group('', [...], Object(Closure))
 4 SYSTEMPATH\Router\RouteCollection.php(339): require('C:\\laragon\\www\\pesolink1\\app\\Config\\Routes.php')
 5 SYSTEMPATH\CodeIgniter.php(787): CodeIgniter\Router\RouteCollection->loadRoutes()
 6 SYSTEMPATH\CodeIgniter.php(442): CodeIgniter\CodeIgniter->tryToRouteIt(null)
 7 SYSTEMPATH\CodeIgniter.php(353): CodeIgniter\CodeIgniter->handleRequest(null, Object(Config\Cache), false)
 8 FCPATH\index.php(87): CodeIgniter\CodeIgniter->run()
 9 SYSTEMPATH\Commands\Server\rewrite.php(47): require_once('C:\\laragon\\www\\pesolink1\\public\\index.php')
CRITICAL - 2023-12-12 01:23:18 --> CodeIgniter\Router\RouteCollection::get(): Argument #3 ($options) must be of type ?array, string given, called in C:\laragon\www\pesolink1\app\Config\Routes.php on line 13
in SYSTEMPATH\Router\RouteCollection.php on line 1011.
 1 APPPATH\Config\Routes.php(13): CodeIgniter\Router\RouteCollection->get('Hello', 'HelloController', 'Hello')
 2 SYSTEMPATH\Router\RouteCollection.php(772): CodeIgniter\Router\RouteCollection->{closure}(Object(CodeIgniter\Router\RouteCollection))
 3 APPPATH\Config\Routes.php(15): CodeIgniter\Router\RouteCollection->group('', [...], Object(Closure))
 4 SYSTEMPATH\Router\RouteCollection.php(339): require('C:\\laragon\\www\\pesolink1\\app\\Config\\Routes.php')
 5 SYSTEMPATH\CodeIgniter.php(787): CodeIgniter\Router\RouteCollection->loadRoutes()
 6 SYSTEMPATH\CodeIgniter.php(442): CodeIgniter\CodeIgniter->tryToRouteIt(null)
 7 SYSTEMPATH\CodeIgniter.php(353): CodeIgniter\CodeIgniter->handleRequest(null, Object(Config\Cache), false)
 8 FCPATH\index.php(87): CodeIgniter\CodeIgniter->run()
 9 SYSTEMPATH\Commands\Server\rewrite.php(47): require_once('C:\\laragon\\www\\pesolink1\\public\\index.php')
CRITICAL - 2023-12-12 01:23:18 --> CodeIgniter\Router\RouteCollection::get(): Argument #3 ($options) must be of type ?array, string given, called in C:\laragon\www\pesolink1\app\Config\Routes.php on line 13
in SYSTEMPATH\Router\RouteCollection.php on line 1011.
 1 APPPATH\Config\Routes.php(13): CodeIgniter\Router\RouteCollection->get('Hello', 'HelloController', 'Hello')
 2 SYSTEMPATH\Router\RouteCollection.php(772): CodeIgniter\Router\RouteCollection->{closure}(Object(CodeIgniter\Router\RouteCollection))
 3 APPPATH\Config\Routes.php(15): CodeIgniter\Router\RouteCollection->group('', [...], Object(Closure))
 4 SYSTEMPATH\Router\RouteCollection.php(339): require('C:\\laragon\\www\\pesolink1\\app\\Config\\Routes.php')
 5 SYSTEMPATH\CodeIgniter.php(787): CodeIgniter\Router\RouteCollection->loadRoutes()
 6 SYSTEMPATH\CodeIgniter.php(442): CodeIgniter\CodeIgniter->tryToRouteIt(null)
 7 SYSTEMPATH\CodeIgniter.php(353): CodeIgniter\CodeIgniter->handleRequest(null, Object(Config\Cache), false)
 8 FCPATH\index.php(87): CodeIgniter\CodeIgniter->run()
 9 SYSTEMPATH\Commands\Server\rewrite.php(47): require_once('C:\\laragon\\www\\pesolink1\\public\\index.php')
CRITICAL - 2023-12-12 01:23:19 --> CodeIgniter\Router\RouteCollection::get(): Argument #3 ($options) must be of type ?array, string given, called in C:\laragon\www\pesolink1\app\Config\Routes.php on line 13
in SYSTEMPATH\Router\RouteCollection.php on line 1011.
 1 APPPATH\Config\Routes.php(13): CodeIgniter\Router\RouteCollection->get('Hello', 'HelloController', 'Hello')
 2 SYSTEMPATH\Router\RouteCollection.php(772): CodeIgniter\Router\RouteCollection->{closure}(Object(CodeIgniter\Router\RouteCollection))
 3 APPPATH\Config\Routes.php(15): CodeIgniter\Router\RouteCollection->group('', [...], Object(Closure))
 4 SYSTEMPATH\Router\RouteCollection.php(339): require('C:\\laragon\\www\\pesolink1\\app\\Config\\Routes.php')
 5 SYSTEMPATH\CodeIgniter.php(787): CodeIgniter\Router\RouteCollection->loadRoutes()
 6 SYSTEMPATH\CodeIgniter.php(442): CodeIgniter\CodeIgniter->tryToRouteIt(null)
 7 SYSTEMPATH\CodeIgniter.php(353): CodeIgniter\CodeIgniter->handleRequest(null, Object(Config\Cache), false)
 8 FCPATH\index.php(87): CodeIgniter\CodeIgniter->run()
 9 SYSTEMPATH\Commands\Server\rewrite.php(47): require_once('C:\\laragon\\www\\pesolink1\\public\\index.php')
CRITICAL - 2023-12-12 01:23:25 --> CodeIgniter\Router\RouteCollection::post(): Argument #3 ($options) must be of type ?array, string given, called in C:\laragon\www\pesolink1\app\Config\Routes.php on line 13
in SYSTEMPATH\Router\RouteCollection.php on line 1023.
 1 APPPATH\Config\Routes.php(13): CodeIgniter\Router\RouteCollection->post('Hello', 'HelloController', 'Hello')
 2 SYSTEMPATH\Router\RouteCollection.php(772): CodeIgniter\Router\RouteCollection->{closure}(Object(CodeIgniter\Router\RouteCollection))
 3 APPPATH\Config\Routes.php(15): CodeIgniter\Router\RouteCollection->group('', [...], Object(Closure))
 4 SYSTEMPATH\Router\RouteCollection.php(339): require('C:\\laragon\\www\\pesolink1\\app\\Config\\Routes.php')
 5 SYSTEMPATH\CodeIgniter.php(787): CodeIgniter\Router\RouteCollection->loadRoutes()
 6 SYSTEMPATH\CodeIgniter.php(442): CodeIgniter\CodeIgniter->tryToRouteIt(null)
 7 SYSTEMPATH\CodeIgniter.php(353): CodeIgniter\CodeIgniter->handleRequest(null, Object(Config\Cache), false)
 8 FCPATH\index.php(87): CodeIgniter\CodeIgniter->run()
 9 SYSTEMPATH\Commands\Server\rewrite.php(47): require_once('C:\\laragon\\www\\pesolink1\\public\\index.php')
CRITICAL - 2023-12-12 01:23:26 --> CodeIgniter\Router\RouteCollection::post(): Argument #3 ($options) must be of type ?array, string given, called in C:\laragon\www\pesolink1\app\Config\Routes.php on line 13
in SYSTEMPATH\Router\RouteCollection.php on line 1023.
 1 APPPATH\Config\Routes.php(13): CodeIgniter\Router\RouteCollection->post('Hello', 'HelloController', 'Hello')
 2 SYSTEMPATH\Router\RouteCollection.php(772): CodeIgniter\Router\RouteCollection->{closure}(Object(CodeIgniter\Router\RouteCollection))
 3 APPPATH\Config\Routes.php(15): CodeIgniter\Router\RouteCollection->group('', [...], Object(Closure))
 4 SYSTEMPATH\Router\RouteCollection.php(339): require('C:\\laragon\\www\\pesolink1\\app\\Config\\Routes.php')
 5 SYSTEMPATH\CodeIgniter.php(787): CodeIgniter\Router\RouteCollection->loadRoutes()
 6 SYSTEMPATH\CodeIgniter.php(442): CodeIgniter\CodeIgniter->tryToRouteIt(null)
 7 SYSTEMPATH\CodeIgniter.php(353): CodeIgniter\CodeIgniter->handleRequest(null, Object(Config\Cache), false)
 8 FCPATH\index.php(87): CodeIgniter\CodeIgniter->run()
 9 SYSTEMPATH\Commands\Server\rewrite.php(47): require_once('C:\\laragon\\www\\pesolink1\\public\\index.php')
CRITICAL - 2023-12-12 01:23:30 --> CodeIgniter\Router\RouteCollection::post(): Argument #3 ($options) must be of type ?array, string given, called in C:\laragon\www\pesolink1\app\Config\Routes.php on line 13
in SYSTEMPATH\Router\RouteCollection.php on line 1023.
 1 APPPATH\Config\Routes.php(13): CodeIgniter\Router\RouteCollection->post('Hello', 'HelloController', 'Hello')
 2 SYSTEMPATH\Router\RouteCollection.php(772): CodeIgniter\Router\RouteCollection->{closure}(Object(CodeIgniter\Router\RouteCollection))
 3 APPPATH\Config\Routes.php(15): CodeIgniter\Router\RouteCollection->group('', [...], Object(Closure))
 4 SYSTEMPATH\Router\RouteCollection.php(339): require('C:\\laragon\\www\\pesolink1\\app\\Config\\Routes.php')
 5 SYSTEMPATH\CodeIgniter.php(787): CodeIgniter\Router\RouteCollection->loadRoutes()
 6 SYSTEMPATH\CodeIgniter.php(442): CodeIgniter\CodeIgniter->tryToRouteIt(null)
 7 SYSTEMPATH\CodeIgniter.php(353): CodeIgniter\CodeIgniter->handleRequest(null, Object(Config\Cache), false)
 8 FCPATH\index.php(87): CodeIgniter\CodeIgniter->run()
 9 SYSTEMPATH\Commands\Server\rewrite.php(47): require_once('C:\\laragon\\www\\pesolink1\\public\\index.php')
CRITICAL - 2023-12-12 01:24:03 --> CodeIgniter\Router\RouteCollection::get(): Argument #3 ($options) must be of type ?array, string given, called in C:\laragon\www\pesolink1\app\Config\Routes.php on line 13
in SYSTEMPATH\Router\RouteCollection.php on line 1011.
 1 APPPATH\Config\Routes.php(13): CodeIgniter\Router\RouteCollection->get('Hello', 'HelloController', 'Hello')
 2 SYSTEMPATH\Router\RouteCollection.php(772): CodeIgniter\Router\RouteCollection->{closure}(Object(CodeIgniter\Router\RouteCollection))
 3 APPPATH\Config\Routes.php(15): CodeIgniter\Router\RouteCollection->group('', [...], Object(Closure))
 4 SYSTEMPATH\Router\RouteCollection.php(339): require('C:\\laragon\\www\\pesolink1\\app\\Config\\Routes.php')
 5 SYSTEMPATH\CodeIgniter.php(787): CodeIgniter\Router\RouteCollection->loadRoutes()
 6 SYSTEMPATH\CodeIgniter.php(442): CodeIgniter\CodeIgniter->tryToRouteIt(null)
 7 SYSTEMPATH\CodeIgniter.php(353): CodeIgniter\CodeIgniter->handleRequest(null, Object(Config\Cache), false)
 8 FCPATH\index.php(87): CodeIgniter\CodeIgniter->run()
 9 SYSTEMPATH\Commands\Server\rewrite.php(47): require_once('C:\\laragon\\www\\pesolink1\\public\\index.php')
CRITICAL - 2023-12-12 01:24:07 --> CodeIgniter\Router\RouteCollection::get(): Argument #3 ($options) must be of type ?array, string given, called in C:\laragon\www\pesolink1\app\Config\Routes.php on line 13
in SYSTEMPATH\Router\RouteCollection.php on line 1011.
 1 APPPATH\Config\Routes.php(13): CodeIgniter\Router\RouteCollection->get('Hello', 'HelloController', 'Hello')
 2 SYSTEMPATH\Router\RouteCollection.php(772): CodeIgniter\Router\RouteCollection->{closure}(Object(CodeIgniter\Router\RouteCollection))
 3 APPPATH\Config\Routes.php(15): CodeIgniter\Router\RouteCollection->group('', [...], Object(Closure))
 4 SYSTEMPATH\Router\RouteCollection.php(339): require('C:\\laragon\\www\\pesolink1\\app\\Config\\Routes.php')
 5 SYSTEMPATH\CodeIgniter.php(787): CodeIgniter\Router\RouteCollection->loadRoutes()
 6 SYSTEMPATH\CodeIgniter.php(442): CodeIgniter\CodeIgniter->tryToRouteIt(null)
 7 SYSTEMPATH\CodeIgniter.php(353): CodeIgniter\CodeIgniter->handleRequest(null, Object(Config\Cache), false)
 8 FCPATH\index.php(87): CodeIgniter\CodeIgniter->run()
 9 SYSTEMPATH\Commands\Server\rewrite.php(47): require_once('C:\\laragon\\www\\pesolink1\\public\\index.php')
