CRITICAL - 2023-11-07 00:04:08 --> Invalid file: "Employer/employerregister.php"
in SYSTEMPATH\Exceptions\FrameworkException.php on line 39.
 1 SYSTEMPATH\View\View.php(214): CodeIgniter\Exceptions\FrameworkException::forInvalidFile('Employer/employerregister.php')
 2 SYSTEMPATH\Common.php(1188): CodeIgniter\View\View->render('Employer/employerregister', [], true)
 3 APPPATH\Controllers\EmployerController.php(40): view('Employer/employerregister')
 4 SYSTEMPATH\CodeIgniter.php(919): App\Controllers\EmployerController->empregister()
 5 SYSTEMPATH\CodeIgniter.php(494): CodeIgniter\CodeIgniter->runController(Object(App\Controllers\EmployerController))
 6 SYSTEMPATH\CodeIgniter.php(353): CodeIgniter\CodeIgniter->handleRequest(null, Object(Config\Cache), false)
 7 FCPATH\index.php(79): CodeIgniter\CodeIgniter->run()
 8 SYSTEMPATH\Commands\Server\rewrite.php(47): require_once('D:\\laragon\\www\\PesoLink\\public\\index.php')
CRITICAL - 2023-11-07 03:13:42 --> Undefined property: App\Controllers\EmployerController::$postjob
in APPPATH\Controllers\EmployerController.php on line 32.
 1 APPPATH\Controllers\EmployerController.php(32): CodeIgniter\Debug\Exceptions->errorHandler(2, 'Undefined property: App\\Controllers\\EmployerController::$postjob', 'D:\\laragon\\www\\PesoLink\\app\\Controllers\\EmployerController.php', 32)
 2 SYSTEMPATH\CodeIgniter.php(919): App\Controllers\EmployerController->jobpost()
 3 SYSTEMPATH\CodeIgniter.php(494): CodeIgniter\CodeIgniter->runController(Object(App\Controllers\EmployerController))
 4 SYSTEMPATH\CodeIgniter.php(353): CodeIgniter\CodeIgniter->handleRequest(null, Object(Config\Cache), false)
 5 FCPATH\index.php(79): CodeIgniter\CodeIgniter->run()
 6 SYSTEMPATH\Commands\Server\rewrite.php(47): require_once('D:\\laragon\\www\\PesoLink\\public\\index.php')
CRITICAL - 2023-11-07 03:14:28 --> Object of class App\Models\PostjobModel could not be converted to string
in APPPATH\Controllers\EmployerController.php on line 32.
 1 SYSTEMPATH\CodeIgniter.php(919): App\Controllers\EmployerController->jobpost()
 2 SYSTEMPATH\CodeIgniter.php(494): CodeIgniter\CodeIgniter->runController(Object(App\Controllers\EmployerController))
 3 SYSTEMPATH\CodeIgniter.php(353): CodeIgniter\CodeIgniter->handleRequest(null, Object(Config\Cache), false)
 4 FCPATH\index.php(79): CodeIgniter\CodeIgniter->run()
 5 SYSTEMPATH\Commands\Server\rewrite.php(47): require_once('D:\\laragon\\www\\PesoLink\\public\\index.php')
CRITICAL - 2023-11-07 03:15:17 --> Undefined property: App\Controllers\EmployerController::$postjob
in APPPATH\Controllers\EmployerController.php on line 32.
 1 APPPATH\Controllers\EmployerController.php(32): CodeIgniter\Debug\Exceptions->errorHandler(2, 'Undefined property: App\\Controllers\\EmployerController::$postjob', 'D:\\laragon\\www\\PesoLink\\app\\Controllers\\EmployerController.php', 32)
 2 SYSTEMPATH\CodeIgniter.php(919): App\Controllers\EmployerController->jobpost()
 3 SYSTEMPATH\CodeIgniter.php(494): CodeIgniter\CodeIgniter->runController(Object(App\Controllers\EmployerController))
 4 SYSTEMPATH\CodeIgniter.php(353): CodeIgniter\CodeIgniter->handleRequest(null, Object(Config\Cache), false)
 5 FCPATH\index.php(79): CodeIgniter\CodeIgniter->run()
 6 SYSTEMPATH\Commands\Server\rewrite.php(47): require_once('D:\\laragon\\www\\PesoLink\\public\\index.php')
CRITICAL - 2023-11-07 03:16:12 --> Undefined property: App\Controllers\EmployerController::$postjob
in APPPATH\Controllers\EmployerController.php on line 32.
 1 APPPATH\Controllers\EmployerController.php(32): CodeIgniter\Debug\Exceptions->errorHandler(2, 'Undefined property: App\\Controllers\\EmployerController::$postjob', 'D:\\laragon\\www\\PesoLink\\app\\Controllers\\EmployerController.php', 32)
 2 SYSTEMPATH\CodeIgniter.php(919): App\Controllers\EmployerController->jobpost()
 3 SYSTEMPATH\CodeIgniter.php(494): CodeIgniter\CodeIgniter->runController(Object(App\Controllers\EmployerController))
 4 SYSTEMPATH\CodeIgniter.php(353): CodeIgniter\CodeIgniter->handleRequest(null, Object(Config\Cache), false)
 5 FCPATH\index.php(79): CodeIgniter\CodeIgniter->run()
 6 SYSTEMPATH\Commands\Server\rewrite.php(47): require_once('D:\\laragon\\www\\PesoLink\\public\\index.php')
CRITICAL - 2023-11-07 03:16:54 --> Undefined constant "App\Controllers\this"
in APPPATH\Controllers\EmployerController.php on line 32.
 1 SYSTEMPATH\CodeIgniter.php(919): App\Controllers\EmployerController->jobpost()
 2 SYSTEMPATH\CodeIgniter.php(494): CodeIgniter\CodeIgniter->runController(Object(App\Controllers\EmployerController))
 3 SYSTEMPATH\CodeIgniter.php(353): CodeIgniter\CodeIgniter->handleRequest(null, Object(Config\Cache), false)
 4 FCPATH\index.php(79): CodeIgniter\CodeIgniter->run()
 5 SYSTEMPATH\Commands\Server\rewrite.php(47): require_once('D:\\laragon\\www\\PesoLink\\public\\index.php')
CRITICAL - 2023-11-07 03:17:05 --> Undefined property: App\Controllers\EmployerController::$postjob
in APPPATH\Controllers\EmployerController.php on line 32.
 1 APPPATH\Controllers\EmployerController.php(32): CodeIgniter\Debug\Exceptions->errorHandler(2, 'Undefined property: App\\Controllers\\EmployerController::$postjob', 'D:\\laragon\\www\\PesoLink\\app\\Controllers\\EmployerController.php', 32)
 2 SYSTEMPATH\CodeIgniter.php(919): App\Controllers\EmployerController->jobpost()
 3 SYSTEMPATH\CodeIgniter.php(494): CodeIgniter\CodeIgniter->runController(Object(App\Controllers\EmployerController))
 4 SYSTEMPATH\CodeIgniter.php(353): CodeIgniter\CodeIgniter->handleRequest(null, Object(Config\Cache), false)
 5 FCPATH\index.php(79): CodeIgniter\CodeIgniter->run()
 6 SYSTEMPATH\Commands\Server\rewrite.php(47): require_once('D:\\laragon\\www\\PesoLink\\public\\index.php')
CRITICAL - 2023-11-07 03:19:55 --> Undefined array key "id"
in APPPATH\Views\Employer\jobpost.php on line 217.
 1 APPPATH\Views\Employer\jobpost.php(217): CodeIgniter\Debug\Exceptions->errorHandler(2, 'Undefined array key "id"', 'D:\\laragon\\www\\PesoLink\\app\\Views\\Employer\\jobpost.php', 217)
 2 SYSTEMPATH\View\View.php(226): include('D:\\laragon\\www\\PesoLink\\app\\Views\\Employer\\jobpost.php')
 3 SYSTEMPATH\View\View.php(229): CodeIgniter\View\View->CodeIgniter\View\{closure}()
 4 SYSTEMPATH\Common.php(1188): CodeIgniter\View\View->render('Employer/jobpost', [], true)
 5 APPPATH\Controllers\EmployerController.php(36): view('Employer/jobpost', [...])
 6 SYSTEMPATH\CodeIgniter.php(919): App\Controllers\EmployerController->jobpost()
 7 SYSTEMPATH\CodeIgniter.php(494): CodeIgniter\CodeIgniter->runController(Object(App\Controllers\EmployerController))
 8 SYSTEMPATH\CodeIgniter.php(353): CodeIgniter\CodeIgniter->handleRequest(null, Object(Config\Cache), false)
 9 FCPATH\index.php(79): CodeIgniter\CodeIgniter->run()
10 SYSTEMPATH\Commands\Server\rewrite.php(47): require_once('D:\\laragon\\www\\PesoLink\\public\\index.php')
CRITICAL - 2023-11-07 03:22:54 --> Class "App\Controllers\PostjobModel" not found
in APPPATH\Controllers\EmployerController.php on line 54.
 1 SYSTEMPATH\CodeIgniter.php(919): App\Controllers\EmployerController->addjob()
 2 SYSTEMPATH\CodeIgniter.php(494): CodeIgniter\CodeIgniter->runController(Object(App\Controllers\EmployerController))
 3 SYSTEMPATH\CodeIgniter.php(353): CodeIgniter\CodeIgniter->handleRequest(null, Object(Config\Cache), false)
 4 FCPATH\index.php(79): CodeIgniter\CodeIgniter->run()
 5 SYSTEMPATH\Commands\Server\rewrite.php(47): require_once('D:\\laragon\\www\\PesoLink\\public\\index.php')
CRITICAL - 2023-11-07 03:23:24 --> Undefined constant "App\Controllers\postjob"
in APPPATH\Controllers\EmployerController.php on line 67.
 1 SYSTEMPATH\CodeIgniter.php(919): App\Controllers\EmployerController->addjob()
 2 SYSTEMPATH\CodeIgniter.php(494): CodeIgniter\CodeIgniter->runController(Object(App\Controllers\EmployerController))
 3 SYSTEMPATH\CodeIgniter.php(353): CodeIgniter\CodeIgniter->handleRequest(null, Object(Config\Cache), false)
 4 FCPATH\index.php(79): CodeIgniter\CodeIgniter->run()
 5 SYSTEMPATH\Commands\Server\rewrite.php(47): require_once('D:\\laragon\\www\\PesoLink\\public\\index.php')
CRITICAL - 2023-11-07 03:23:41 --> Undefined variable $postjob
in APPPATH\Controllers\EmployerController.php on line 67.
 1 APPPATH\Controllers\EmployerController.php(67): CodeIgniter\Debug\Exceptions->errorHandler(2, 'Undefined variable $postjob', 'D:\\laragon\\www\\PesoLink\\app\\Controllers\\EmployerController.php', 67)
 2 SYSTEMPATH\CodeIgniter.php(919): App\Controllers\EmployerController->addjob()
 3 SYSTEMPATH\CodeIgniter.php(494): CodeIgniter\CodeIgniter->runController(Object(App\Controllers\EmployerController))
 4 SYSTEMPATH\CodeIgniter.php(353): CodeIgniter\CodeIgniter->handleRequest(null, Object(Config\Cache), false)
 5 FCPATH\index.php(79): CodeIgniter\CodeIgniter->run()
 6 SYSTEMPATH\Commands\Server\rewrite.php(47): require_once('D:\\laragon\\www\\PesoLink\\public\\index.php')
CRITICAL - 2023-11-07 03:24:20 --> Undefined constant "App\Controllers\postjob"
in APPPATH\Controllers\EmployerController.php on line 67.
 1 SYSTEMPATH\CodeIgniter.php(919): App\Controllers\EmployerController->addjob()
 2 SYSTEMPATH\CodeIgniter.php(494): CodeIgniter\CodeIgniter->runController(Object(App\Controllers\EmployerController))
 3 SYSTEMPATH\CodeIgniter.php(353): CodeIgniter\CodeIgniter->handleRequest(null, Object(Config\Cache), false)
 4 FCPATH\index.php(79): CodeIgniter\CodeIgniter->run()
 5 SYSTEMPATH\Commands\Server\rewrite.php(47): require_once('D:\\laragon\\www\\PesoLink\\public\\index.php')
CRITICAL - 2023-11-07 04:10:26 --> There is no data to update.
in SYSTEMPATH\BaseModel.php on line 930.
 1 SYSTEMPATH\BaseModel.php(930): CodeIgniter\Database\Exceptions\DataException::forEmptyDataset('update')
 2 SYSTEMPATH\Model.php(776): CodeIgniter\BaseModel->update(null, [])
 3 APPPATH\Controllers\EmployerController.php(75): CodeIgniter\Model->update()
 4 SYSTEMPATH\CodeIgniter.php(919): App\Controllers\EmployerController->jobpost_cancel('15')
 5 SYSTEMPATH\CodeIgniter.php(494): CodeIgniter\CodeIgniter->runController(Object(App\Controllers\EmployerController))
 6 SYSTEMPATH\CodeIgniter.php(353): CodeIgniter\CodeIgniter->handleRequest(null, Object(Config\Cache), false)
 7 FCPATH\index.php(79): CodeIgniter\CodeIgniter->run()
 8 SYSTEMPATH\Commands\Server\rewrite.php(47): require_once('D:\\laragon\\www\\PesoLink\\public\\index.php')
CRITICAL - 2023-11-07 04:11:55 --> There is no data to update.
in SYSTEMPATH\BaseModel.php on line 930.
 1 SYSTEMPATH\BaseModel.php(930): CodeIgniter\Database\Exceptions\DataException::forEmptyDataset('update')
 2 SYSTEMPATH\Model.php(776): CodeIgniter\BaseModel->update(null, [])
 3 APPPATH\Controllers\EmployerController.php(75): CodeIgniter\Model->update()
 4 SYSTEMPATH\CodeIgniter.php(919): App\Controllers\EmployerController->jobpost_cancel('16')
 5 SYSTEMPATH\CodeIgniter.php(494): CodeIgniter\CodeIgniter->runController(Object(App\Controllers\EmployerController))
 6 SYSTEMPATH\CodeIgniter.php(353): CodeIgniter\CodeIgniter->handleRequest(null, Object(Config\Cache), false)
 7 FCPATH\index.php(79): CodeIgniter\CodeIgniter->run()
 8 SYSTEMPATH\Commands\Server\rewrite.php(47): require_once('D:\\laragon\\www\\PesoLink\\public\\index.php')
CRITICAL - 2023-11-07 04:13:26 --> There is no data to update.
in SYSTEMPATH\BaseModel.php on line 930.
 1 SYSTEMPATH\BaseModel.php(930): CodeIgniter\Database\Exceptions\DataException::forEmptyDataset('update')
 2 SYSTEMPATH\Model.php(776): CodeIgniter\BaseModel->update(null, [])
 3 APPPATH\Controllers\EmployerController.php(75): CodeIgniter\Model->update()
 4 SYSTEMPATH\CodeIgniter.php(919): App\Controllers\EmployerController->jobpost_cancel('16')
 5 SYSTEMPATH\CodeIgniter.php(494): CodeIgniter\CodeIgniter->runController(Object(App\Controllers\EmployerController))
 6 SYSTEMPATH\CodeIgniter.php(353): CodeIgniter\CodeIgniter->handleRequest(null, Object(Config\Cache), false)
 7 FCPATH\index.php(79): CodeIgniter\CodeIgniter->run()
 8 SYSTEMPATH\Commands\Server\rewrite.php(47): require_once('D:\\laragon\\www\\PesoLink\\public\\index.php')
CRITICAL - 2023-11-07 04:14:13 --> There is no data to update.
in SYSTEMPATH\BaseModel.php on line 930.
 1 SYSTEMPATH\BaseModel.php(930): CodeIgniter\Database\Exceptions\DataException::forEmptyDataset('update')
 2 SYSTEMPATH\Model.php(776): CodeIgniter\BaseModel->update(null, [])
 3 APPPATH\Controllers\EmployerController.php(75): CodeIgniter\Model->update()
 4 SYSTEMPATH\CodeIgniter.php(919): App\Controllers\EmployerController->jobpost_cancel('16')
 5 SYSTEMPATH\CodeIgniter.php(494): CodeIgniter\CodeIgniter->runController(Object(App\Controllers\EmployerController))
 6 SYSTEMPATH\CodeIgniter.php(353): CodeIgniter\CodeIgniter->handleRequest(null, Object(Config\Cache), false)
 7 FCPATH\index.php(79): CodeIgniter\CodeIgniter->run()
 8 SYSTEMPATH\Commands\Server\rewrite.php(47): require_once('D:\\laragon\\www\\PesoLink\\public\\index.php')
CRITICAL - 2023-11-07 04:14:18 --> There is no data to update.
in SYSTEMPATH\BaseModel.php on line 930.
 1 SYSTEMPATH\BaseModel.php(930): CodeIgniter\Database\Exceptions\DataException::forEmptyDataset('update')
 2 SYSTEMPATH\Model.php(776): CodeIgniter\BaseModel->update(null, [])
 3 APPPATH\Controllers\EmployerController.php(75): CodeIgniter\Model->update()
 4 SYSTEMPATH\CodeIgniter.php(919): App\Controllers\EmployerController->jobpost_cancel('16')
 5 SYSTEMPATH\CodeIgniter.php(494): CodeIgniter\CodeIgniter->runController(Object(App\Controllers\EmployerController))
 6 SYSTEMPATH\CodeIgniter.php(353): CodeIgniter\CodeIgniter->handleRequest(null, Object(Config\Cache), false)
 7 FCPATH\index.php(79): CodeIgniter\CodeIgniter->run()
 8 SYSTEMPATH\Commands\Server\rewrite.php(47): require_once('D:\\laragon\\www\\PesoLink\\public\\index.php')
CRITICAL - 2023-11-07 04:14:23 --> There is no data to update.
in SYSTEMPATH\BaseModel.php on line 930.
 1 SYSTEMPATH\BaseModel.php(930): CodeIgniter\Database\Exceptions\DataException::forEmptyDataset('update')
 2 SYSTEMPATH\Model.php(776): CodeIgniter\BaseModel->update(null, [])
 3 APPPATH\Controllers\EmployerController.php(75): CodeIgniter\Model->update()
 4 SYSTEMPATH\CodeIgniter.php(919): App\Controllers\EmployerController->jobpost_cancel('16')
 5 SYSTEMPATH\CodeIgniter.php(494): CodeIgniter\CodeIgniter->runController(Object(App\Controllers\EmployerController))
 6 SYSTEMPATH\CodeIgniter.php(353): CodeIgniter\CodeIgniter->handleRequest(null, Object(Config\Cache), false)
 7 FCPATH\index.php(79): CodeIgniter\CodeIgniter->run()
 8 SYSTEMPATH\Commands\Server\rewrite.php(47): require_once('D:\\laragon\\www\\PesoLink\\public\\index.php')
CRITICAL - 2023-11-07 04:16:10 --> There is no data to update.
in SYSTEMPATH\BaseModel.php on line 930.
 1 SYSTEMPATH\BaseModel.php(930): CodeIgniter\Database\Exceptions\DataException::forEmptyDataset('update')
 2 SYSTEMPATH\Model.php(776): CodeIgniter\BaseModel->update(null, [])
 3 APPPATH\Controllers\EmployerController.php(75): CodeIgniter\Model->update()
 4 SYSTEMPATH\CodeIgniter.php(919): App\Controllers\EmployerController->jobpost_cancel('15')
 5 SYSTEMPATH\CodeIgniter.php(494): CodeIgniter\CodeIgniter->runController(Object(App\Controllers\EmployerController))
 6 SYSTEMPATH\CodeIgniter.php(353): CodeIgniter\CodeIgniter->handleRequest(null, Object(Config\Cache), false)
 7 FCPATH\index.php(79): CodeIgniter\CodeIgniter->run()
 8 SYSTEMPATH\Commands\Server\rewrite.php(47): require_once('D:\\laragon\\www\\PesoLink\\public\\index.php')
CRITICAL - 2023-11-07 04:16:35 --> There is no data to update.
in SYSTEMPATH\BaseModel.php on line 930.
 1 SYSTEMPATH\BaseModel.php(930): CodeIgniter\Database\Exceptions\DataException::forEmptyDataset('update')
 2 SYSTEMPATH\Model.php(776): CodeIgniter\BaseModel->update(null, [])
 3 APPPATH\Controllers\EmployerController.php(75): CodeIgniter\Model->update()
 4 SYSTEMPATH\CodeIgniter.php(919): App\Controllers\EmployerController->jobpost_cancel('15')
 5 SYSTEMPATH\CodeIgniter.php(494): CodeIgniter\CodeIgniter->runController(Object(App\Controllers\EmployerController))
 6 SYSTEMPATH\CodeIgniter.php(353): CodeIgniter\CodeIgniter->handleRequest(null, Object(Config\Cache), false)
 7 FCPATH\index.php(79): CodeIgniter\CodeIgniter->run()
 8 SYSTEMPATH\Commands\Server\rewrite.php(47): require_once('D:\\laragon\\www\\PesoLink\\public\\index.php')
CRITICAL - 2023-11-07 04:16:43 --> There is no data to update.
in SYSTEMPATH\BaseModel.php on line 930.
 1 SYSTEMPATH\BaseModel.php(930): CodeIgniter\Database\Exceptions\DataException::forEmptyDataset('update')
 2 SYSTEMPATH\Model.php(776): CodeIgniter\BaseModel->update(null, [])
 3 APPPATH\Controllers\EmployerController.php(75): CodeIgniter\Model->update()
 4 SYSTEMPATH\CodeIgniter.php(919): App\Controllers\EmployerController->jobpost_cancel('16')
 5 SYSTEMPATH\CodeIgniter.php(494): CodeIgniter\CodeIgniter->runController(Object(App\Controllers\EmployerController))
 6 SYSTEMPATH\CodeIgniter.php(353): CodeIgniter\CodeIgniter->handleRequest(null, Object(Config\Cache), false)
 7 FCPATH\index.php(79): CodeIgniter\CodeIgniter->run()
 8 SYSTEMPATH\Commands\Server\rewrite.php(47): require_once('D:\\laragon\\www\\PesoLink\\public\\index.php')
CRITICAL - 2023-11-07 04:19:52 --> There is no data to update.
in SYSTEMPATH\BaseModel.php on line 930.
 1 SYSTEMPATH\BaseModel.php(930): CodeIgniter\Database\Exceptions\DataException::forEmptyDataset('update')
 2 SYSTEMPATH\Model.php(776): CodeIgniter\BaseModel->update(null, [])
 3 APPPATH\Controllers\EmployerController.php(75): CodeIgniter\Model->update()
 4 SYSTEMPATH\CodeIgniter.php(919): App\Controllers\EmployerController->jobpost_cancel('15')
 5 SYSTEMPATH\CodeIgniter.php(494): CodeIgniter\CodeIgniter->runController(Object(App\Controllers\EmployerController))
 6 SYSTEMPATH\CodeIgniter.php(353): CodeIgniter\CodeIgniter->handleRequest(null, Object(Config\Cache), false)
 7 FCPATH\index.php(79): CodeIgniter\CodeIgniter->run()
 8 SYSTEMPATH\Commands\Server\rewrite.php(47): require_once('D:\\laragon\\www\\PesoLink\\public\\index.php')
CRITICAL - 2023-11-07 04:21:07 --> There is no data to update.
in SYSTEMPATH\BaseModel.php on line 930.
 1 SYSTEMPATH\BaseModel.php(930): CodeIgniter\Database\Exceptions\DataException::forEmptyDataset('update')
 2 SYSTEMPATH\Model.php(776): CodeIgniter\BaseModel->update(null, [])
 3 APPPATH\Controllers\EmployerController.php(75): CodeIgniter\Model->update()
 4 SYSTEMPATH\CodeIgniter.php(919): App\Controllers\EmployerController->jobpost_cancel('15')
 5 SYSTEMPATH\CodeIgniter.php(494): CodeIgniter\CodeIgniter->runController(Object(App\Controllers\EmployerController))
 6 SYSTEMPATH\CodeIgniter.php(353): CodeIgniter\CodeIgniter->handleRequest(null, Object(Config\Cache), false)
 7 FCPATH\index.php(79): CodeIgniter\CodeIgniter->run()
 8 SYSTEMPATH\Commands\Server\rewrite.php(47): require_once('D:\\laragon\\www\\PesoLink\\public\\index.php')
CRITICAL - 2023-11-07 04:48:32 --> Undefined variable $veri
in APPPATH\Views\Employer\jobpost.php on line 84.
 1 APPPATH\Views\Employer\jobpost.php(84): CodeIgniter\Debug\Exceptions->errorHandler(2, 'Undefined variable $veri', 'D:\\laragon\\www\\PesoLink\\app\\Views\\Employer\\jobpost.php', 84)
 2 SYSTEMPATH\View\View.php(226): include('D:\\laragon\\www\\PesoLink\\app\\Views\\Employer\\jobpost.php')
 3 SYSTEMPATH\View\View.php(229): CodeIgniter\View\View->CodeIgniter\View\{closure}()
 4 SYSTEMPATH\Common.php(1188): CodeIgniter\View\View->render('Employer/jobpost', [], true)
 5 APPPATH\Controllers\EmployerController.php(35): view('Employer/jobpost', [...])
 6 SYSTEMPATH\CodeIgniter.php(919): App\Controllers\EmployerController->jobpost()
 7 SYSTEMPATH\CodeIgniter.php(494): CodeIgniter\CodeIgniter->runController(Object(App\Controllers\EmployerController))
 8 SYSTEMPATH\CodeIgniter.php(353): CodeIgniter\CodeIgniter->handleRequest(null, Object(Config\Cache), false)
 9 FCPATH\index.php(79): CodeIgniter\CodeIgniter->run()
10 SYSTEMPATH\Commands\Server\rewrite.php(47): require_once('D:\\laragon\\www\\PesoLink\\public\\index.php')
ERROR - 2023-11-07 06:32:44 --> mysqli_sql_exception: Column 'employer_id' cannot be null in D:\laragon\www\PesoLink\system\Database\MySQLi\Connection.php:306
Stack trace:
#0 D:\laragon\www\PesoLink\system\Database\MySQLi\Connection.php(306): mysqli->query('INSERT INTO `em...', 0)
#1 D:\laragon\www\PesoLink\system\Database\BaseConnection.php(692): CodeIgniter\Database\MySQLi\Connection->execute('INSERT INTO `em...')
#2 D:\laragon\www\PesoLink\system\Database\BaseConnection.php(606): CodeIgniter\Database\BaseConnection->simpleQuery('INSERT INTO `em...')
#3 D:\laragon\www\PesoLink\system\Database\BaseBuilder.php(2308): CodeIgniter\Database\BaseConnection->query('INSERT INTO `em...', Array, false)
#4 D:\laragon\www\PesoLink\system\Model.php(319): CodeIgniter\Database\BaseBuilder->insert()
#5 D:\laragon\www\PesoLink\system\BaseModel.php(788): CodeIgniter\Model->doInsert(Array)
#6 D:\laragon\www\PesoLink\system\Model.php(715): CodeIgniter\BaseModel->insert(Array, true)
#7 D:\laragon\www\PesoLink\app\Controllers\EmployerController.php(93): CodeIgniter\Model->insert(Array)
#8 D:\laragon\www\PesoLink\system\CodeIgniter.php(919): App\Controllers\EmployerController->empregister()
#9 D:\laragon\www\PesoLink\system\CodeIgniter.php(494): CodeIgniter\CodeIgniter->runController(Object(App\Controllers\EmployerController))
#10 D:\laragon\www\PesoLink\system\CodeIgniter.php(353): CodeIgniter\CodeIgniter->handleRequest(NULL, Object(Config\Cache), false)
#11 D:\laragon\www\PesoLink\public\index.php(79): CodeIgniter\CodeIgniter->run()
#12 D:\laragon\www\PesoLink\system\Commands\Server\rewrite.php(47): require_once('D:\\laragon\\www\\...')
#13 {main}
CRITICAL - 2023-11-07 06:32:45 --> Column 'employer_id' cannot be null
in SYSTEMPATH\Database\BaseConnection.php on line 646.
 1 SYSTEMPATH\Database\BaseBuilder.php(2308): CodeIgniter\Database\BaseConnection->query('INSERT INTO `empregister` (`employer_id`, `empprofile`, `company_name`, `company_address`, `full_name`, `address`, `contactnum`, `email`, `password`) VALUES (:employer_id:, :empprofile:, :company_name:, :company_address:, :full_name:, :address:, :contactnum:, :email:, :password:)', [...], false)
 2 SYSTEMPATH\Model.php(319): CodeIgniter\Database\BaseBuilder->insert()
 3 SYSTEMPATH\BaseModel.php(788): CodeIgniter\Model->doInsert([...])
 4 SYSTEMPATH\Model.php(715): CodeIgniter\BaseModel->insert([...], true)
 5 APPPATH\Controllers\EmployerController.php(93): CodeIgniter\Model->insert([...])
 6 SYSTEMPATH\CodeIgniter.php(919): App\Controllers\EmployerController->empregister()
 7 SYSTEMPATH\CodeIgniter.php(494): CodeIgniter\CodeIgniter->runController(Object(App\Controllers\EmployerController))
 8 SYSTEMPATH\CodeIgniter.php(353): CodeIgniter\CodeIgniter->handleRequest(null, Object(Config\Cache), false)
 9 FCPATH\index.php(79): CodeIgniter\CodeIgniter->run()
10 SYSTEMPATH\Commands\Server\rewrite.php(47): require_once('D:\\laragon\\www\\PesoLink\\public\\index.php')
ERROR - 2023-11-07 06:33:20 --> mysqli_sql_exception: Column 'employer_id' cannot be null in D:\laragon\www\PesoLink\system\Database\MySQLi\Connection.php:306
Stack trace:
#0 D:\laragon\www\PesoLink\system\Database\MySQLi\Connection.php(306): mysqli->query('INSERT INTO `em...', 0)
#1 D:\laragon\www\PesoLink\system\Database\BaseConnection.php(692): CodeIgniter\Database\MySQLi\Connection->execute('INSERT INTO `em...')
#2 D:\laragon\www\PesoLink\system\Database\BaseConnection.php(606): CodeIgniter\Database\BaseConnection->simpleQuery('INSERT INTO `em...')
#3 D:\laragon\www\PesoLink\system\Database\BaseBuilder.php(2308): CodeIgniter\Database\BaseConnection->query('INSERT INTO `em...', Array, false)
#4 D:\laragon\www\PesoLink\system\Model.php(319): CodeIgniter\Database\BaseBuilder->insert()
#5 D:\laragon\www\PesoLink\system\BaseModel.php(788): CodeIgniter\Model->doInsert(Array)
#6 D:\laragon\www\PesoLink\system\Model.php(715): CodeIgniter\BaseModel->insert(Array, true)
#7 D:\laragon\www\PesoLink\app\Controllers\EmployerController.php(93): CodeIgniter\Model->insert(Array)
#8 D:\laragon\www\PesoLink\system\CodeIgniter.php(919): App\Controllers\EmployerController->empregister()
#9 D:\laragon\www\PesoLink\system\CodeIgniter.php(494): CodeIgniter\CodeIgniter->runController(Object(App\Controllers\EmployerController))
#10 D:\laragon\www\PesoLink\system\CodeIgniter.php(353): CodeIgniter\CodeIgniter->handleRequest(NULL, Object(Config\Cache), false)
#11 D:\laragon\www\PesoLink\public\index.php(79): CodeIgniter\CodeIgniter->run()
#12 D:\laragon\www\PesoLink\system\Commands\Server\rewrite.php(47): require_once('D:\\laragon\\www\\...')
#13 {main}
CRITICAL - 2023-11-07 06:33:20 --> Column 'employer_id' cannot be null
in SYSTEMPATH\Database\BaseConnection.php on line 646.
 1 SYSTEMPATH\Database\BaseBuilder.php(2308): CodeIgniter\Database\BaseConnection->query('INSERT INTO `empregister` (`employer_id`, `empprofile`, `company_name`, `company_address`, `full_name`, `address`, `contactnum`, `email`, `password`) VALUES (:employer_id:, :empprofile:, :company_name:, :company_address:, :full_name:, :address:, :contactnum:, :email:, :password:)', [...], false)
 2 SYSTEMPATH\Model.php(319): CodeIgniter\Database\BaseBuilder->insert()
 3 SYSTEMPATH\BaseModel.php(788): CodeIgniter\Model->doInsert([...])
 4 SYSTEMPATH\Model.php(715): CodeIgniter\BaseModel->insert([...], true)
 5 APPPATH\Controllers\EmployerController.php(93): CodeIgniter\Model->insert([...])
 6 SYSTEMPATH\CodeIgniter.php(919): App\Controllers\EmployerController->empregister()
 7 SYSTEMPATH\CodeIgniter.php(494): CodeIgniter\CodeIgniter->runController(Object(App\Controllers\EmployerController))
 8 SYSTEMPATH\CodeIgniter.php(353): CodeIgniter\CodeIgniter->handleRequest(null, Object(Config\Cache), false)
 9 FCPATH\index.php(79): CodeIgniter\CodeIgniter->run()
10 SYSTEMPATH\Commands\Server\rewrite.php(47): require_once('D:\\laragon\\www\\PesoLink\\public\\index.php')
ERROR - 2023-11-07 06:34:08 --> mysqli_sql_exception: Column 'employer_id' cannot be null in D:\laragon\www\PesoLink\system\Database\MySQLi\Connection.php:306
Stack trace:
#0 D:\laragon\www\PesoLink\system\Database\MySQLi\Connection.php(306): mysqli->query('INSERT INTO `em...', 0)
#1 D:\laragon\www\PesoLink\system\Database\BaseConnection.php(692): CodeIgniter\Database\MySQLi\Connection->execute('INSERT INTO `em...')
#2 D:\laragon\www\PesoLink\system\Database\BaseConnection.php(606): CodeIgniter\Database\BaseConnection->simpleQuery('INSERT INTO `em...')
#3 D:\laragon\www\PesoLink\system\Database\BaseBuilder.php(2308): CodeIgniter\Database\BaseConnection->query('INSERT INTO `em...', Array, false)
#4 D:\laragon\www\PesoLink\system\Model.php(319): CodeIgniter\Database\BaseBuilder->insert()
#5 D:\laragon\www\PesoLink\system\BaseModel.php(788): CodeIgniter\Model->doInsert(Array)
#6 D:\laragon\www\PesoLink\system\Model.php(715): CodeIgniter\BaseModel->insert(Array, true)
#7 D:\laragon\www\PesoLink\app\Controllers\EmployerController.php(93): CodeIgniter\Model->insert(Array)
#8 D:\laragon\www\PesoLink\system\CodeIgniter.php(919): App\Controllers\EmployerController->empregister()
#9 D:\laragon\www\PesoLink\system\CodeIgniter.php(494): CodeIgniter\CodeIgniter->runController(Object(App\Controllers\EmployerController))
#10 D:\laragon\www\PesoLink\system\CodeIgniter.php(353): CodeIgniter\CodeIgniter->handleRequest(NULL, Object(Config\Cache), false)
#11 D:\laragon\www\PesoLink\public\index.php(79): CodeIgniter\CodeIgniter->run()
#12 D:\laragon\www\PesoLink\system\Commands\Server\rewrite.php(47): require_once('D:\\laragon\\www\\...')
#13 {main}
CRITICAL - 2023-11-07 06:34:08 --> Column 'employer_id' cannot be null
in SYSTEMPATH\Database\BaseConnection.php on line 646.
 1 SYSTEMPATH\Database\BaseBuilder.php(2308): CodeIgniter\Database\BaseConnection->query('INSERT INTO `empregister` (`employer_id`, `empprofile`, `company_name`, `company_address`, `full_name`, `address`, `contactnum`, `email`, `password`) VALUES (:employer_id:, :empprofile:, :company_name:, :company_address:, :full_name:, :address:, :contactnum:, :email:, :password:)', [...], false)
 2 SYSTEMPATH\Model.php(319): CodeIgniter\Database\BaseBuilder->insert()
 3 SYSTEMPATH\BaseModel.php(788): CodeIgniter\Model->doInsert([...])
 4 SYSTEMPATH\Model.php(715): CodeIgniter\BaseModel->insert([...], true)
 5 APPPATH\Controllers\EmployerController.php(93): CodeIgniter\Model->insert([...])
 6 SYSTEMPATH\CodeIgniter.php(919): App\Controllers\EmployerController->empregister()
 7 SYSTEMPATH\CodeIgniter.php(494): CodeIgniter\CodeIgniter->runController(Object(App\Controllers\EmployerController))
 8 SYSTEMPATH\CodeIgniter.php(353): CodeIgniter\CodeIgniter->handleRequest(null, Object(Config\Cache), false)
 9 FCPATH\index.php(79): CodeIgniter\CodeIgniter->run()
10 SYSTEMPATH\Commands\Server\rewrite.php(47): require_once('D:\\laragon\\www\\PesoLink\\public\\index.php')
ERROR - 2023-11-07 06:35:07 --> mysqli_sql_exception: Column 'employer_id' cannot be null in D:\laragon\www\PesoLink\system\Database\MySQLi\Connection.php:306
Stack trace:
#0 D:\laragon\www\PesoLink\system\Database\MySQLi\Connection.php(306): mysqli->query('INSERT INTO `em...', 0)
#1 D:\laragon\www\PesoLink\system\Database\BaseConnection.php(692): CodeIgniter\Database\MySQLi\Connection->execute('INSERT INTO `em...')
#2 D:\laragon\www\PesoLink\system\Database\BaseConnection.php(606): CodeIgniter\Database\BaseConnection->simpleQuery('INSERT INTO `em...')
#3 D:\laragon\www\PesoLink\system\Database\BaseBuilder.php(2308): CodeIgniter\Database\BaseConnection->query('INSERT INTO `em...', Array, false)
#4 D:\laragon\www\PesoLink\system\Model.php(319): CodeIgniter\Database\BaseBuilder->insert()
#5 D:\laragon\www\PesoLink\system\BaseModel.php(788): CodeIgniter\Model->doInsert(Array)
#6 D:\laragon\www\PesoLink\system\Model.php(715): CodeIgniter\BaseModel->insert(Array, true)
#7 D:\laragon\www\PesoLink\app\Controllers\EmployerController.php(93): CodeIgniter\Model->insert(Array)
#8 D:\laragon\www\PesoLink\system\CodeIgniter.php(919): App\Controllers\EmployerController->empregister()
#9 D:\laragon\www\PesoLink\system\CodeIgniter.php(494): CodeIgniter\CodeIgniter->runController(Object(App\Controllers\EmployerController))
#10 D:\laragon\www\PesoLink\system\CodeIgniter.php(353): CodeIgniter\CodeIgniter->handleRequest(NULL, Object(Config\Cache), false)
#11 D:\laragon\www\PesoLink\public\index.php(79): CodeIgniter\CodeIgniter->run()
#12 D:\laragon\www\PesoLink\system\Commands\Server\rewrite.php(47): require_once('D:\\laragon\\www\\...')
#13 {main}
CRITICAL - 2023-11-07 06:35:07 --> Column 'employer_id' cannot be null
in SYSTEMPATH\Database\BaseConnection.php on line 646.
 1 SYSTEMPATH\Database\BaseBuilder.php(2308): CodeIgniter\Database\BaseConnection->query('INSERT INTO `empregister` (`employer_id`, `empprofile`, `company_name`, `company_address`, `full_name`, `address`, `contactnum`, `email`, `password`) VALUES (:employer_id:, :empprofile:, :company_name:, :company_address:, :full_name:, :address:, :contactnum:, :email:, :password:)', [...], false)
 2 SYSTEMPATH\Model.php(319): CodeIgniter\Database\BaseBuilder->insert()
 3 SYSTEMPATH\BaseModel.php(788): CodeIgniter\Model->doInsert([...])
 4 SYSTEMPATH\Model.php(715): CodeIgniter\BaseModel->insert([...], true)
 5 APPPATH\Controllers\EmployerController.php(93): CodeIgniter\Model->insert([...])
 6 SYSTEMPATH\CodeIgniter.php(919): App\Controllers\EmployerController->empregister()
 7 SYSTEMPATH\CodeIgniter.php(494): CodeIgniter\CodeIgniter->runController(Object(App\Controllers\EmployerController))
 8 SYSTEMPATH\CodeIgniter.php(353): CodeIgniter\CodeIgniter->handleRequest(null, Object(Config\Cache), false)
 9 FCPATH\index.php(79): CodeIgniter\CodeIgniter->run()
10 SYSTEMPATH\Commands\Server\rewrite.php(47): require_once('D:\\laragon\\www\\PesoLink\\public\\index.php')
ERROR - 2023-11-07 06:35:09 --> mysqli_sql_exception: Column 'employer_id' cannot be null in D:\laragon\www\PesoLink\system\Database\MySQLi\Connection.php:306
Stack trace:
#0 D:\laragon\www\PesoLink\system\Database\MySQLi\Connection.php(306): mysqli->query('INSERT INTO `em...', 0)
#1 D:\laragon\www\PesoLink\system\Database\BaseConnection.php(692): CodeIgniter\Database\MySQLi\Connection->execute('INSERT INTO `em...')
#2 D:\laragon\www\PesoLink\system\Database\BaseConnection.php(606): CodeIgniter\Database\BaseConnection->simpleQuery('INSERT INTO `em...')
#3 D:\laragon\www\PesoLink\system\Database\BaseBuilder.php(2308): CodeIgniter\Database\BaseConnection->query('INSERT INTO `em...', Array, false)
#4 D:\laragon\www\PesoLink\system\Model.php(319): CodeIgniter\Database\BaseBuilder->insert()
#5 D:\laragon\www\PesoLink\system\BaseModel.php(788): CodeIgniter\Model->doInsert(Array)
#6 D:\laragon\www\PesoLink\system\Model.php(715): CodeIgniter\BaseModel->insert(Array, true)
#7 D:\laragon\www\PesoLink\app\Controllers\EmployerController.php(93): CodeIgniter\Model->insert(Array)
#8 D:\laragon\www\PesoLink\system\CodeIgniter.php(919): App\Controllers\EmployerController->empregister()
#9 D:\laragon\www\PesoLink\system\CodeIgniter.php(494): CodeIgniter\CodeIgniter->runController(Object(App\Controllers\EmployerController))
#10 D:\laragon\www\PesoLink\system\CodeIgniter.php(353): CodeIgniter\CodeIgniter->handleRequest(NULL, Object(Config\Cache), false)
#11 D:\laragon\www\PesoLink\public\index.php(79): CodeIgniter\CodeIgniter->run()
#12 D:\laragon\www\PesoLink\system\Commands\Server\rewrite.php(47): require_once('D:\\laragon\\www\\...')
#13 {main}
CRITICAL - 2023-11-07 06:35:09 --> Column 'employer_id' cannot be null
in SYSTEMPATH\Database\BaseConnection.php on line 646.
 1 SYSTEMPATH\Database\BaseBuilder.php(2308): CodeIgniter\Database\BaseConnection->query('INSERT INTO `empregister` (`employer_id`, `empprofile`, `company_name`, `company_address`, `full_name`, `address`, `contactnum`, `email`, `password`) VALUES (:employer_id:, :empprofile:, :company_name:, :company_address:, :full_name:, :address:, :contactnum:, :email:, :password:)', [...], false)
 2 SYSTEMPATH\Model.php(319): CodeIgniter\Database\BaseBuilder->insert()
 3 SYSTEMPATH\BaseModel.php(788): CodeIgniter\Model->doInsert([...])
 4 SYSTEMPATH\Model.php(715): CodeIgniter\BaseModel->insert([...], true)
 5 APPPATH\Controllers\EmployerController.php(93): CodeIgniter\Model->insert([...])
 6 SYSTEMPATH\CodeIgniter.php(919): App\Controllers\EmployerController->empregister()
 7 SYSTEMPATH\CodeIgniter.php(494): CodeIgniter\CodeIgniter->runController(Object(App\Controllers\EmployerController))
 8 SYSTEMPATH\CodeIgniter.php(353): CodeIgniter\CodeIgniter->handleRequest(null, Object(Config\Cache), false)
 9 FCPATH\index.php(79): CodeIgniter\CodeIgniter->run()
10 SYSTEMPATH\Commands\Server\rewrite.php(47): require_once('D:\\laragon\\www\\PesoLink\\public\\index.php')
ERROR - 2023-11-07 06:35:47 --> mysqli_sql_exception: Column 'employer_id' cannot be null in D:\laragon\www\PesoLink\system\Database\MySQLi\Connection.php:306
Stack trace:
#0 D:\laragon\www\PesoLink\system\Database\MySQLi\Connection.php(306): mysqli->query('INSERT INTO `em...', 0)
#1 D:\laragon\www\PesoLink\system\Database\BaseConnection.php(692): CodeIgniter\Database\MySQLi\Connection->execute('INSERT INTO `em...')
#2 D:\laragon\www\PesoLink\system\Database\BaseConnection.php(606): CodeIgniter\Database\BaseConnection->simpleQuery('INSERT INTO `em...')
#3 D:\laragon\www\PesoLink\system\Database\BaseBuilder.php(2308): CodeIgniter\Database\BaseConnection->query('INSERT INTO `em...', Array, false)
#4 D:\laragon\www\PesoLink\system\Model.php(319): CodeIgniter\Database\BaseBuilder->insert()
#5 D:\laragon\www\PesoLink\system\BaseModel.php(788): CodeIgniter\Model->doInsert(Array)
#6 D:\laragon\www\PesoLink\system\Model.php(715): CodeIgniter\BaseModel->insert(Array, true)
#7 D:\laragon\www\PesoLink\app\Controllers\EmployerController.php(93): CodeIgniter\Model->insert(Array)
#8 D:\laragon\www\PesoLink\system\CodeIgniter.php(919): App\Controllers\EmployerController->empregister()
#9 D:\laragon\www\PesoLink\system\CodeIgniter.php(494): CodeIgniter\CodeIgniter->runController(Object(App\Controllers\EmployerController))
#10 D:\laragon\www\PesoLink\system\CodeIgniter.php(353): CodeIgniter\CodeIgniter->handleRequest(NULL, Object(Config\Cache), false)
#11 D:\laragon\www\PesoLink\public\index.php(79): CodeIgniter\CodeIgniter->run()
#12 D:\laragon\www\PesoLink\system\Commands\Server\rewrite.php(47): require_once('D:\\laragon\\www\\...')
#13 {main}
CRITICAL - 2023-11-07 06:35:47 --> Column 'employer_id' cannot be null
in SYSTEMPATH\Database\BaseConnection.php on line 646.
 1 SYSTEMPATH\Database\BaseBuilder.php(2308): CodeIgniter\Database\BaseConnection->query('INSERT INTO `empregister` (`employer_id`, `empprofile`, `company_name`, `company_address`, `full_name`, `address`, `contactnum`, `email`, `password`) VALUES (:employer_id:, :empprofile:, :company_name:, :company_address:, :full_name:, :address:, :contactnum:, :email:, :password:)', [...], false)
 2 SYSTEMPATH\Model.php(319): CodeIgniter\Database\BaseBuilder->insert()
 3 SYSTEMPATH\BaseModel.php(788): CodeIgniter\Model->doInsert([...])
 4 SYSTEMPATH\Model.php(715): CodeIgniter\BaseModel->insert([...], true)
 5 APPPATH\Controllers\EmployerController.php(93): CodeIgniter\Model->insert([...])
 6 SYSTEMPATH\CodeIgniter.php(919): App\Controllers\EmployerController->empregister()
 7 SYSTEMPATH\CodeIgniter.php(494): CodeIgniter\CodeIgniter->runController(Object(App\Controllers\EmployerController))
 8 SYSTEMPATH\CodeIgniter.php(353): CodeIgniter\CodeIgniter->handleRequest(null, Object(Config\Cache), false)
 9 FCPATH\index.php(79): CodeIgniter\CodeIgniter->run()
10 SYSTEMPATH\Commands\Server\rewrite.php(47): require_once('D:\\laragon\\www\\PesoLink\\public\\index.php')
ERROR - 2023-11-07 06:36:25 --> mysqli_sql_exception: Column 'employer_id' cannot be null in D:\laragon\www\PesoLink\system\Database\MySQLi\Connection.php:306
Stack trace:
#0 D:\laragon\www\PesoLink\system\Database\MySQLi\Connection.php(306): mysqli->query('INSERT INTO `em...', 0)
#1 D:\laragon\www\PesoLink\system\Database\BaseConnection.php(692): CodeIgniter\Database\MySQLi\Connection->execute('INSERT INTO `em...')
#2 D:\laragon\www\PesoLink\system\Database\BaseConnection.php(606): CodeIgniter\Database\BaseConnection->simpleQuery('INSERT INTO `em...')
#3 D:\laragon\www\PesoLink\system\Database\BaseBuilder.php(2308): CodeIgniter\Database\BaseConnection->query('INSERT INTO `em...', Array, false)
#4 D:\laragon\www\PesoLink\system\Model.php(319): CodeIgniter\Database\BaseBuilder->insert()
#5 D:\laragon\www\PesoLink\system\BaseModel.php(788): CodeIgniter\Model->doInsert(Array)
#6 D:\laragon\www\PesoLink\system\Model.php(715): CodeIgniter\BaseModel->insert(Array, true)
#7 D:\laragon\www\PesoLink\app\Controllers\EmployerController.php(93): CodeIgniter\Model->insert(Array)
#8 D:\laragon\www\PesoLink\system\CodeIgniter.php(919): App\Controllers\EmployerController->empregister()
#9 D:\laragon\www\PesoLink\system\CodeIgniter.php(494): CodeIgniter\CodeIgniter->runController(Object(App\Controllers\EmployerController))
#10 D:\laragon\www\PesoLink\system\CodeIgniter.php(353): CodeIgniter\CodeIgniter->handleRequest(NULL, Object(Config\Cache), false)
#11 D:\laragon\www\PesoLink\public\index.php(79): CodeIgniter\CodeIgniter->run()
#12 D:\laragon\www\PesoLink\system\Commands\Server\rewrite.php(47): require_once('D:\\laragon\\www\\...')
#13 {main}
CRITICAL - 2023-11-07 06:36:25 --> Column 'employer_id' cannot be null
in SYSTEMPATH\Database\BaseConnection.php on line 646.
 1 SYSTEMPATH\Database\BaseBuilder.php(2308): CodeIgniter\Database\BaseConnection->query('INSERT INTO `empregister` (`employer_id`, `empprofile`, `company_name`, `company_address`, `full_name`, `address`, `contactnum`, `email`, `password`) VALUES (:employer_id:, :empprofile:, :company_name:, :company_address:, :full_name:, :address:, :contactnum:, :email:, :password:)', [...], false)
 2 SYSTEMPATH\Model.php(319): CodeIgniter\Database\BaseBuilder->insert()
 3 SYSTEMPATH\BaseModel.php(788): CodeIgniter\Model->doInsert([...])
 4 SYSTEMPATH\Model.php(715): CodeIgniter\BaseModel->insert([...], true)
 5 APPPATH\Controllers\EmployerController.php(93): CodeIgniter\Model->insert([...])
 6 SYSTEMPATH\CodeIgniter.php(919): App\Controllers\EmployerController->empregister()
 7 SYSTEMPATH\CodeIgniter.php(494): CodeIgniter\CodeIgniter->runController(Object(App\Controllers\EmployerController))
 8 SYSTEMPATH\CodeIgniter.php(353): CodeIgniter\CodeIgniter->handleRequest(null, Object(Config\Cache), false)
 9 FCPATH\index.php(79): CodeIgniter\CodeIgniter->run()
10 SYSTEMPATH\Commands\Server\rewrite.php(47): require_once('D:\\laragon\\www\\PesoLink\\public\\index.php')
ERROR - 2023-11-07 06:37:26 --> mysqli_sql_exception: Column 'employer_id' cannot be null in D:\laragon\www\PesoLink\system\Database\MySQLi\Connection.php:306
Stack trace:
#0 D:\laragon\www\PesoLink\system\Database\MySQLi\Connection.php(306): mysqli->query('INSERT INTO `em...', 0)
#1 D:\laragon\www\PesoLink\system\Database\BaseConnection.php(692): CodeIgniter\Database\MySQLi\Connection->execute('INSERT INTO `em...')
#2 D:\laragon\www\PesoLink\system\Database\BaseConnection.php(606): CodeIgniter\Database\BaseConnection->simpleQuery('INSERT INTO `em...')
#3 D:\laragon\www\PesoLink\system\Database\BaseBuilder.php(2308): CodeIgniter\Database\BaseConnection->query('INSERT INTO `em...', Array, false)
#4 D:\laragon\www\PesoLink\system\Model.php(319): CodeIgniter\Database\BaseBuilder->insert()
#5 D:\laragon\www\PesoLink\system\BaseModel.php(788): CodeIgniter\Model->doInsert(Array)
#6 D:\laragon\www\PesoLink\system\Model.php(715): CodeIgniter\BaseModel->insert(Array, true)
#7 D:\laragon\www\PesoLink\app\Controllers\EmployerController.php(93): CodeIgniter\Model->insert(Array)
#8 D:\laragon\www\PesoLink\system\CodeIgniter.php(919): App\Controllers\EmployerController->empregister()
#9 D:\laragon\www\PesoLink\system\CodeIgniter.php(494): CodeIgniter\CodeIgniter->runController(Object(App\Controllers\EmployerController))
#10 D:\laragon\www\PesoLink\system\CodeIgniter.php(353): CodeIgniter\CodeIgniter->handleRequest(NULL, Object(Config\Cache), false)
#11 D:\laragon\www\PesoLink\public\index.php(79): CodeIgniter\CodeIgniter->run()
#12 D:\laragon\www\PesoLink\system\Commands\Server\rewrite.php(47): require_once('D:\\laragon\\www\\...')
#13 {main}
CRITICAL - 2023-11-07 06:37:26 --> Column 'employer_id' cannot be null
in SYSTEMPATH\Database\BaseConnection.php on line 646.
 1 SYSTEMPATH\Database\BaseBuilder.php(2308): CodeIgniter\Database\BaseConnection->query('INSERT INTO `empregister` (`employer_id`, `empprofile`, `company_name`, `company_address`, `full_name`, `address`, `contactnum`, `email`, `password`) VALUES (:employer_id:, :empprofile:, :company_name:, :company_address:, :full_name:, :address:, :contactnum:, :email:, :password:)', [...], false)
 2 SYSTEMPATH\Model.php(319): CodeIgniter\Database\BaseBuilder->insert()
 3 SYSTEMPATH\BaseModel.php(788): CodeIgniter\Model->doInsert([...])
 4 SYSTEMPATH\Model.php(715): CodeIgniter\BaseModel->insert([...], true)
 5 APPPATH\Controllers\EmployerController.php(93): CodeIgniter\Model->insert([...])
 6 SYSTEMPATH\CodeIgniter.php(919): App\Controllers\EmployerController->empregister()
 7 SYSTEMPATH\CodeIgniter.php(494): CodeIgniter\CodeIgniter->runController(Object(App\Controllers\EmployerController))
 8 SYSTEMPATH\CodeIgniter.php(353): CodeIgniter\CodeIgniter->handleRequest(null, Object(Config\Cache), false)
 9 FCPATH\index.php(79): CodeIgniter\CodeIgniter->run()
10 SYSTEMPATH\Commands\Server\rewrite.php(47): require_once('D:\\laragon\\www\\PesoLink\\public\\index.php')
ERROR - 2023-11-07 06:38:17 --> mysqli_sql_exception: Column 'employer_id' cannot be null in D:\laragon\www\PesoLink\system\Database\MySQLi\Connection.php:306
Stack trace:
#0 D:\laragon\www\PesoLink\system\Database\MySQLi\Connection.php(306): mysqli->query('INSERT INTO `em...', 0)
#1 D:\laragon\www\PesoLink\system\Database\BaseConnection.php(692): CodeIgniter\Database\MySQLi\Connection->execute('INSERT INTO `em...')
#2 D:\laragon\www\PesoLink\system\Database\BaseConnection.php(606): CodeIgniter\Database\BaseConnection->simpleQuery('INSERT INTO `em...')
#3 D:\laragon\www\PesoLink\system\Database\BaseBuilder.php(2308): CodeIgniter\Database\BaseConnection->query('INSERT INTO `em...', Array, false)
#4 D:\laragon\www\PesoLink\system\Model.php(319): CodeIgniter\Database\BaseBuilder->insert()
#5 D:\laragon\www\PesoLink\system\BaseModel.php(788): CodeIgniter\Model->doInsert(Array)
#6 D:\laragon\www\PesoLink\system\Model.php(715): CodeIgniter\BaseModel->insert(Array, true)
#7 D:\laragon\www\PesoLink\app\Controllers\EmployerController.php(93): CodeIgniter\Model->insert(Array)
#8 D:\laragon\www\PesoLink\system\CodeIgniter.php(919): App\Controllers\EmployerController->empregister()
#9 D:\laragon\www\PesoLink\system\CodeIgniter.php(494): CodeIgniter\CodeIgniter->runController(Object(App\Controllers\EmployerController))
#10 D:\laragon\www\PesoLink\system\CodeIgniter.php(353): CodeIgniter\CodeIgniter->handleRequest(NULL, Object(Config\Cache), false)
#11 D:\laragon\www\PesoLink\public\index.php(79): CodeIgniter\CodeIgniter->run()
#12 D:\laragon\www\PesoLink\system\Commands\Server\rewrite.php(47): require_once('D:\\laragon\\www\\...')
#13 {main}
CRITICAL - 2023-11-07 06:38:17 --> Column 'employer_id' cannot be null
in SYSTEMPATH\Database\BaseConnection.php on line 646.
 1 SYSTEMPATH\Database\BaseBuilder.php(2308): CodeIgniter\Database\BaseConnection->query('INSERT INTO `empregister` (`employer_id`, `empprofile`, `company_name`, `company_address`, `full_name`, `address`, `contactnum`, `email`, `password`) VALUES (:employer_id:, :empprofile:, :company_name:, :company_address:, :full_name:, :address:, :contactnum:, :email:, :password:)', [...], false)
 2 SYSTEMPATH\Model.php(319): CodeIgniter\Database\BaseBuilder->insert()
 3 SYSTEMPATH\BaseModel.php(788): CodeIgniter\Model->doInsert([...])
 4 SYSTEMPATH\Model.php(715): CodeIgniter\BaseModel->insert([...], true)
 5 APPPATH\Controllers\EmployerController.php(93): CodeIgniter\Model->insert([...])
 6 SYSTEMPATH\CodeIgniter.php(919): App\Controllers\EmployerController->empregister()
 7 SYSTEMPATH\CodeIgniter.php(494): CodeIgniter\CodeIgniter->runController(Object(App\Controllers\EmployerController))
 8 SYSTEMPATH\CodeIgniter.php(353): CodeIgniter\CodeIgniter->handleRequest(null, Object(Config\Cache), false)
 9 FCPATH\index.php(79): CodeIgniter\CodeIgniter->run()
10 SYSTEMPATH\Commands\Server\rewrite.php(47): require_once('D:\\laragon\\www\\PesoLink\\public\\index.php')
ERROR - 2023-11-07 06:51:06 --> mysqli_sql_exception: Column 'employer_id' cannot be null in D:\laragon\www\PesoLink\system\Database\MySQLi\Connection.php:306
Stack trace:
#0 D:\laragon\www\PesoLink\system\Database\MySQLi\Connection.php(306): mysqli->query('INSERT INTO `em...', 0)
#1 D:\laragon\www\PesoLink\system\Database\BaseConnection.php(692): CodeIgniter\Database\MySQLi\Connection->execute('INSERT INTO `em...')
#2 D:\laragon\www\PesoLink\system\Database\BaseConnection.php(606): CodeIgniter\Database\BaseConnection->simpleQuery('INSERT INTO `em...')
#3 D:\laragon\www\PesoLink\system\Database\BaseBuilder.php(2308): CodeIgniter\Database\BaseConnection->query('INSERT INTO `em...', Array, false)
#4 D:\laragon\www\PesoLink\system\Model.php(319): CodeIgniter\Database\BaseBuilder->insert()
#5 D:\laragon\www\PesoLink\system\BaseModel.php(788): CodeIgniter\Model->doInsert(Array)
#6 D:\laragon\www\PesoLink\system\Model.php(715): CodeIgniter\BaseModel->insert(Array, true)
#7 D:\laragon\www\PesoLink\app\Controllers\EmployerController.php(94): CodeIgniter\Model->insert(Array)
#8 D:\laragon\www\PesoLink\system\CodeIgniter.php(919): App\Controllers\EmployerController->registeremployer()
#9 D:\laragon\www\PesoLink\system\CodeIgniter.php(494): CodeIgniter\CodeIgniter->runController(Object(App\Controllers\EmployerController))
#10 D:\laragon\www\PesoLink\system\CodeIgniter.php(353): CodeIgniter\CodeIgniter->handleRequest(NULL, Object(Config\Cache), false)
#11 D:\laragon\www\PesoLink\public\index.php(79): CodeIgniter\CodeIgniter->run()
#12 D:\laragon\www\PesoLink\system\Commands\Server\rewrite.php(47): require_once('D:\\laragon\\www\\...')
#13 {main}
CRITICAL - 2023-11-07 06:51:06 --> Column 'employer_id' cannot be null
in SYSTEMPATH\Database\BaseConnection.php on line 646.
 1 SYSTEMPATH\Database\BaseBuilder.php(2308): CodeIgniter\Database\BaseConnection->query('INSERT INTO `empregister` (`employer_id`, `empprofile`, `company_name`, `company_address`, `full_name`, `address`, `contactnum`, `email`, `password`) VALUES (:employer_id:, :empprofile:, :company_name:, :company_address:, :full_name:, :address:, :contactnum:, :email:, :password:)', [...], false)
 2 SYSTEMPATH\Model.php(319): CodeIgniter\Database\BaseBuilder->insert()
 3 SYSTEMPATH\BaseModel.php(788): CodeIgniter\Model->doInsert([...])
 4 SYSTEMPATH\Model.php(715): CodeIgniter\BaseModel->insert([...], true)
 5 APPPATH\Controllers\EmployerController.php(94): CodeIgniter\Model->insert([...])
 6 SYSTEMPATH\CodeIgniter.php(919): App\Controllers\EmployerController->registeremployer()
 7 SYSTEMPATH\CodeIgniter.php(494): CodeIgniter\CodeIgniter->runController(Object(App\Controllers\EmployerController))
 8 SYSTEMPATH\CodeIgniter.php(353): CodeIgniter\CodeIgniter->handleRequest(null, Object(Config\Cache), false)
 9 FCPATH\index.php(79): CodeIgniter\CodeIgniter->run()
10 SYSTEMPATH\Commands\Server\rewrite.php(47): require_once('D:\\laragon\\www\\PesoLink\\public\\index.php')
CRITICAL - 2023-11-07 09:56:43 --> syntax error, unexpected end of file
in APPPATH\Views\Admin\employerregistration.php on line 149.
 1 SYSTEMPATH\View\View.php(229): CodeIgniter\View\View->CodeIgniter\View\{closure}()
 2 SYSTEMPATH\Common.php(1188): CodeIgniter\View\View->render('Admin/employerregistration', [], true)
 3 APPPATH\Controllers\AdminController.php(24): view('Admin/employerregistration')
 4 SYSTEMPATH\CodeIgniter.php(919): App\Controllers\AdminController->employerregister()
 5 SYSTEMPATH\CodeIgniter.php(494): CodeIgniter\CodeIgniter->runController(Object(App\Controllers\AdminController))
 6 SYSTEMPATH\CodeIgniter.php(353): CodeIgniter\CodeIgniter->handleRequest(null, Object(Config\Cache), false)
 7 FCPATH\index.php(79): CodeIgniter\CodeIgniter->run()
 8 SYSTEMPATH\Commands\Server\rewrite.php(47): require_once('D:\\laragon\\www\\PesoLink\\public\\index.php')
CRITICAL - 2023-11-07 09:58:19 --> Undefined variable $regemp
in APPPATH\Views\Admin\employerregistration.php on line 71.
 1 APPPATH\Views\Admin\employerregistration.php(71): CodeIgniter\Debug\Exceptions->errorHandler(2, 'Undefined variable $regemp', 'D:\\laragon\\www\\PesoLink\\app\\Views\\Admin\\employerregistration.php', 71)
 2 SYSTEMPATH\View\View.php(226): include('D:\\laragon\\www\\PesoLink\\app\\Views\\Admin\\employerregistration.php')
 3 SYSTEMPATH\View\View.php(229): CodeIgniter\View\View->CodeIgniter\View\{closure}()
 4 SYSTEMPATH\Common.php(1188): CodeIgniter\View\View->render('Admin/employerregistration', [], true)
 5 APPPATH\Controllers\AdminController.php(24): view('Admin/employerregistration')
 6 SYSTEMPATH\CodeIgniter.php(919): App\Controllers\AdminController->employerregister()
 7 SYSTEMPATH\CodeIgniter.php(494): CodeIgniter\CodeIgniter->runController(Object(App\Controllers\AdminController))
 8 SYSTEMPATH\CodeIgniter.php(353): CodeIgniter\CodeIgniter->handleRequest(null, Object(Config\Cache), false)
 9 FCPATH\index.php(79): CodeIgniter\CodeIgniter->run()
10 SYSTEMPATH\Commands\Server\rewrite.php(47): require_once('D:\\laragon\\www\\PesoLink\\public\\index.php')
CRITICAL - 2023-11-07 09:58:22 --> Undefined variable $regemp
in APPPATH\Views\Admin\employerregistration.php on line 71.
 1 APPPATH\Views\Admin\employerregistration.php(71): CodeIgniter\Debug\Exceptions->errorHandler(2, 'Undefined variable $regemp', 'D:\\laragon\\www\\PesoLink\\app\\Views\\Admin\\employerregistration.php', 71)
 2 SYSTEMPATH\View\View.php(226): include('D:\\laragon\\www\\PesoLink\\app\\Views\\Admin\\employerregistration.php')
 3 SYSTEMPATH\View\View.php(229): CodeIgniter\View\View->CodeIgniter\View\{closure}()
 4 SYSTEMPATH\Common.php(1188): CodeIgniter\View\View->render('Admin/employerregistration', [], true)
 5 APPPATH\Controllers\AdminController.php(24): view('Admin/employerregistration')
 6 SYSTEMPATH\CodeIgniter.php(919): App\Controllers\AdminController->employerregister()
 7 SYSTEMPATH\CodeIgniter.php(494): CodeIgniter\CodeIgniter->runController(Object(App\Controllers\AdminController))
 8 SYSTEMPATH\CodeIgniter.php(353): CodeIgniter\CodeIgniter->handleRequest(null, Object(Config\Cache), false)
 9 FCPATH\index.php(79): CodeIgniter\CodeIgniter->run()
10 SYSTEMPATH\Commands\Server\rewrite.php(47): require_once('D:\\laragon\\www\\PesoLink\\public\\index.php')
CRITICAL - 2023-11-07 09:58:23 --> Undefined variable $regemp
in APPPATH\Views\Admin\employerregistration.php on line 71.
 1 APPPATH\Views\Admin\employerregistration.php(71): CodeIgniter\Debug\Exceptions->errorHandler(2, 'Undefined variable $regemp', 'D:\\laragon\\www\\PesoLink\\app\\Views\\Admin\\employerregistration.php', 71)
 2 SYSTEMPATH\View\View.php(226): include('D:\\laragon\\www\\PesoLink\\app\\Views\\Admin\\employerregistration.php')
 3 SYSTEMPATH\View\View.php(229): CodeIgniter\View\View->CodeIgniter\View\{closure}()
 4 SYSTEMPATH\Common.php(1188): CodeIgniter\View\View->render('Admin/employerregistration', [], true)
 5 APPPATH\Controllers\AdminController.php(24): view('Admin/employerregistration')
 6 SYSTEMPATH\CodeIgniter.php(919): App\Controllers\AdminController->employerregister()
 7 SYSTEMPATH\CodeIgniter.php(494): CodeIgniter\CodeIgniter->runController(Object(App\Controllers\AdminController))
 8 SYSTEMPATH\CodeIgniter.php(353): CodeIgniter\CodeIgniter->handleRequest(null, Object(Config\Cache), false)
 9 FCPATH\index.php(79): CodeIgniter\CodeIgniter->run()
10 SYSTEMPATH\Commands\Server\rewrite.php(47): require_once('D:\\laragon\\www\\PesoLink\\public\\index.php')
CRITICAL - 2023-11-07 09:59:07 --> Undefined variable $regemp
in APPPATH\Views\Admin\employerregistration.php on line 71.
 1 APPPATH\Views\Admin\employerregistration.php(71): CodeIgniter\Debug\Exceptions->errorHandler(2, 'Undefined variable $regemp', 'D:\\laragon\\www\\PesoLink\\app\\Views\\Admin\\employerregistration.php', 71)
 2 SYSTEMPATH\View\View.php(226): include('D:\\laragon\\www\\PesoLink\\app\\Views\\Admin\\employerregistration.php')
 3 SYSTEMPATH\View\View.php(229): CodeIgniter\View\View->CodeIgniter\View\{closure}()
 4 SYSTEMPATH\Common.php(1188): CodeIgniter\View\View->render('Admin/employerregistration', [], true)
 5 APPPATH\Controllers\AdminController.php(24): view('Admin/employerregistration')
 6 SYSTEMPATH\CodeIgniter.php(919): App\Controllers\AdminController->employerregister()
 7 SYSTEMPATH\CodeIgniter.php(494): CodeIgniter\CodeIgniter->runController(Object(App\Controllers\AdminController))
 8 SYSTEMPATH\CodeIgniter.php(353): CodeIgniter\CodeIgniter->handleRequest(null, Object(Config\Cache), false)
 9 FCPATH\index.php(79): CodeIgniter\CodeIgniter->run()
10 SYSTEMPATH\Commands\Server\rewrite.php(47): require_once('D:\\laragon\\www\\PesoLink\\public\\index.php')
CRITICAL - 2023-11-07 09:59:35 --> Undefined variable $myregemp
in APPPATH\Views\Admin\employerregistration.php on line 71.
 1 APPPATH\Views\Admin\employerregistration.php(71): CodeIgniter\Debug\Exceptions->errorHandler(2, 'Undefined variable $myregemp', 'D:\\laragon\\www\\PesoLink\\app\\Views\\Admin\\employerregistration.php', 71)
 2 SYSTEMPATH\View\View.php(226): include('D:\\laragon\\www\\PesoLink\\app\\Views\\Admin\\employerregistration.php')
 3 SYSTEMPATH\View\View.php(229): CodeIgniter\View\View->CodeIgniter\View\{closure}()
 4 SYSTEMPATH\Common.php(1188): CodeIgniter\View\View->render('Admin/employerregistration', [], true)
 5 APPPATH\Controllers\AdminController.php(24): view('Admin/employerregistration')
 6 SYSTEMPATH\CodeIgniter.php(919): App\Controllers\AdminController->employerregister()
 7 SYSTEMPATH\CodeIgniter.php(494): CodeIgniter\CodeIgniter->runController(Object(App\Controllers\AdminController))
 8 SYSTEMPATH\CodeIgniter.php(353): CodeIgniter\CodeIgniter->handleRequest(null, Object(Config\Cache), false)
 9 FCPATH\index.php(79): CodeIgniter\CodeIgniter->run()
10 SYSTEMPATH\Commands\Server\rewrite.php(47): require_once('D:\\laragon\\www\\PesoLink\\public\\index.php')
CRITICAL - 2023-11-07 10:01:02 --> Undefined array key "position"
in APPPATH\Views\Admin\employerregistration.php on line 74.
 1 APPPATH\Views\Admin\employerregistration.php(74): CodeIgniter\Debug\Exceptions->errorHandler(2, 'Undefined array key "position"', 'D:\\laragon\\www\\PesoLink\\app\\Views\\Admin\\employerregistration.php', 74)
 2 SYSTEMPATH\View\View.php(226): include('D:\\laragon\\www\\PesoLink\\app\\Views\\Admin\\employerregistration.php')
 3 SYSTEMPATH\View\View.php(229): CodeIgniter\View\View->CodeIgniter\View\{closure}()
 4 SYSTEMPATH\Common.php(1188): CodeIgniter\View\View->render('Admin/employerregistration', [], true)
 5 APPPATH\Controllers\AdminController.php(42): view('Admin/employerregistration', [...])
 6 SYSTEMPATH\CodeIgniter.php(919): App\Controllers\AdminController->registeremps()
 7 SYSTEMPATH\CodeIgniter.php(494): CodeIgniter\CodeIgniter->runController(Object(App\Controllers\AdminController))
 8 SYSTEMPATH\CodeIgniter.php(353): CodeIgniter\CodeIgniter->handleRequest(null, Object(Config\Cache), false)
 9 FCPATH\index.php(79): CodeIgniter\CodeIgniter->run()
10 SYSTEMPATH\Commands\Server\rewrite.php(47): require_once('D:\\laragon\\www\\PesoLink\\public\\index.php')
CRITICAL - 2023-11-07 10:05:32 --> Undefined array key "company"
in APPPATH\Views\Admin\employerregistration.php on line 75.
 1 APPPATH\Views\Admin\employerregistration.php(75): CodeIgniter\Debug\Exceptions->errorHandler(2, 'Undefined array key "company"', 'D:\\laragon\\www\\PesoLink\\app\\Views\\Admin\\employerregistration.php', 75)
 2 SYSTEMPATH\View\View.php(226): include('D:\\laragon\\www\\PesoLink\\app\\Views\\Admin\\employerregistration.php')
 3 SYSTEMPATH\View\View.php(229): CodeIgniter\View\View->CodeIgniter\View\{closure}()
 4 SYSTEMPATH\Common.php(1188): CodeIgniter\View\View->render('Admin/employerregistration', [], true)
 5 APPPATH\Controllers\AdminController.php(42): view('Admin/employerregistration', [...])
 6 SYSTEMPATH\CodeIgniter.php(919): App\Controllers\AdminController->registeremps()
 7 SYSTEMPATH\CodeIgniter.php(494): CodeIgniter\CodeIgniter->runController(Object(App\Controllers\AdminController))
 8 SYSTEMPATH\CodeIgniter.php(353): CodeIgniter\CodeIgniter->handleRequest(null, Object(Config\Cache), false)
 9 FCPATH\index.php(79): CodeIgniter\CodeIgniter->run()
10 SYSTEMPATH\Commands\Server\rewrite.php(47): require_once('D:\\laragon\\www\\PesoLink\\public\\index.php')
CRITICAL - 2023-11-07 11:59:35 --> Undefined variable $jobsposted
in APPPATH\Views\Admin\employerdetails.php on line 76.
 1 APPPATH\Views\Admin\employerdetails.php(76): CodeIgniter\Debug\Exceptions->errorHandler(2, 'Undefined variable $jobsposted', 'D:\\laragon\\www\\PesoLink\\app\\Views\\Admin\\employerdetails.php', 76)
 2 SYSTEMPATH\View\View.php(226): include('D:\\laragon\\www\\PesoLink\\app\\Views\\Admin\\employerdetails.php')
 3 SYSTEMPATH\View\View.php(229): CodeIgniter\View\View->CodeIgniter\View\{closure}()
 4 SYSTEMPATH\Common.php(1188): CodeIgniter\View\View->render('Admin/employerdetails', [], true)
 5 APPPATH\Controllers\AdminController.php(34): view('Admin/employerdetails')
 6 SYSTEMPATH\CodeIgniter.php(919): App\Controllers\AdminController->empdetails()
 7 SYSTEMPATH\CodeIgniter.php(494): CodeIgniter\CodeIgniter->runController(Object(App\Controllers\AdminController))
 8 SYSTEMPATH\CodeIgniter.php(353): CodeIgniter\CodeIgniter->handleRequest(null, Object(Config\Cache), false)
 9 FCPATH\index.php(79): CodeIgniter\CodeIgniter->run()
10 SYSTEMPATH\Commands\Server\rewrite.php(47): require_once('D:\\laragon\\www\\PesoLink\\public\\index.php')
