CRITICAL - 2023-11-15 08:34:49 --> Trying to access array offset on value of type null
in APPPATH\Views\Admin\employerdetails.php on line 131.
 1 APPPATH\Views\Admin\employerdetails.php(131): CodeIgniter\Debug\Exceptions->errorHandler(2, 'Trying to access array offset on value of type null', 'C:\\laragon\\www\\PesoLink\\app\\Views\\Admin\\employerdetails.php', 131)
 2 SYSTEMPATH\View\View.php(226): include('C:\\laragon\\www\\PesoLink\\app\\Views\\Admin\\employerdetails.php')
 3 SYSTEMPATH\View\View.php(229): CodeIgniter\View\View->CodeIgniter\View\{closure}()
 4 SYSTEMPATH\Common.php(1188): CodeIgniter\View\View->render('Admin/employerdetails', [], true)
 5 APPPATH\Controllers\AdminController.php(39): view('Admin/employerdetails', [...])
 6 SYSTEMPATH\CodeIgniter.php(919): App\Controllers\AdminController->empdetails('assets', 'employer', 'plugins', 'fontawesome-free', 'css', 'all.min.css')
 7 SYSTEMPATH\CodeIgniter.php(494): CodeIgniter\CodeIgniter->runController(Object(App\Controllers\AdminController))
 8 SYSTEMPATH\CodeIgniter.php(353): CodeIgniter\CodeIgniter->handleRequest(null, Object(Config\Cache), false)
 9 FCPATH\index.php(79): CodeIgniter\CodeIgniter->run()
10 SYSTEMPATH\Commands\Server\rewrite.php(47): require_once('C:\\laragon\\www\\PesoLink\\public\\index.php')
CRITICAL - 2023-11-15 08:34:50 --> Trying to access array offset on value of type null
in APPPATH\Views\Admin\employerdetails.php on line 131.
 1 APPPATH\Views\Admin\employerdetails.php(131): CodeIgniter\Debug\Exceptions->errorHandler(2, 'Trying to access array offset on value of type null', 'C:\\laragon\\www\\PesoLink\\app\\Views\\Admin\\employerdetails.php', 131)
 2 SYSTEMPATH\View\View.php(226): include('C:\\laragon\\www\\PesoLink\\app\\Views\\Admin\\employerdetails.php')
 3 SYSTEMPATH\View\View.php(229): CodeIgniter\View\View->CodeIgniter\View\{closure}()
 4 SYSTEMPATH\Common.php(1188): CodeIgniter\View\View->render('Admin/employerdetails', [], true)
 5 APPPATH\Controllers\AdminController.php(39): view('Admin/employerdetails', [...])
 6 SYSTEMPATH\CodeIgniter.php(919): App\Controllers\AdminController->empdetails('assets', 'employer', 'dist', 'css', 'adminlte.min.css')
 7 SYSTEMPATH\CodeIgniter.php(494): CodeIgniter\CodeIgniter->runController(Object(App\Controllers\AdminController))
 8 SYSTEMPATH\CodeIgniter.php(353): CodeIgniter\CodeIgniter->handleRequest(null, Object(Config\Cache), false)
 9 FCPATH\index.php(79): CodeIgniter\CodeIgniter->run()
10 SYSTEMPATH\Commands\Server\rewrite.php(47): require_once('C:\\laragon\\www\\PesoLink\\public\\index.php')
CRITICAL - 2023-11-15 08:34:50 --> Trying to access array offset on value of type null
in APPPATH\Views\Admin\employerdetails.php on line 131.
 1 APPPATH\Views\Admin\employerdetails.php(131): CodeIgniter\Debug\Exceptions->errorHandler(2, 'Trying to access array offset on value of type null', 'C:\\laragon\\www\\PesoLink\\app\\Views\\Admin\\employerdetails.php', 131)
 2 SYSTEMPATH\View\View.php(226): include('C:\\laragon\\www\\PesoLink\\app\\Views\\Admin\\employerdetails.php')
 3 SYSTEMPATH\View\View.php(229): CodeIgniter\View\View->CodeIgniter\View\{closure}()
 4 SYSTEMPATH\Common.php(1188): CodeIgniter\View\View->render('Admin/employerdetails', [], true)
 5 APPPATH\Controllers\AdminController.php(39): view('Admin/employerdetails', [...])
 6 SYSTEMPATH\CodeIgniter.php(919): App\Controllers\AdminController->empdetails('assets', 'admin', 'dist', 'img', 'user2-160x160.jpg')
 7 SYSTEMPATH\CodeIgniter.php(494): CodeIgniter\CodeIgniter->runController(Object(App\Controllers\AdminController))
 8 SYSTEMPATH\CodeIgniter.php(353): CodeIgniter\CodeIgniter->handleRequest(null, Object(Config\Cache), false)
 9 FCPATH\index.php(79): CodeIgniter\CodeIgniter->run()
10 SYSTEMPATH\Commands\Server\rewrite.php(47): require_once('C:\\laragon\\www\\PesoLink\\public\\index.php')
CRITICAL - 2023-11-15 08:34:50 --> Trying to access array offset on value of type null
in APPPATH\Views\Admin\employerdetails.php on line 131.
 1 APPPATH\Views\Admin\employerdetails.php(131): CodeIgniter\Debug\Exceptions->errorHandler(2, 'Trying to access array offset on value of type null', 'C:\\laragon\\www\\PesoLink\\app\\Views\\Admin\\employerdetails.php', 131)
 2 SYSTEMPATH\View\View.php(226): include('C:\\laragon\\www\\PesoLink\\app\\Views\\Admin\\employerdetails.php')
 3 SYSTEMPATH\View\View.php(229): CodeIgniter\View\View->CodeIgniter\View\{closure}()
 4 SYSTEMPATH\Common.php(1188): CodeIgniter\View\View->render('Admin/employerdetails', [], true)
 5 APPPATH\Controllers\AdminController.php(39): view('Admin/employerdetails', [...])
 6 SYSTEMPATH\CodeIgniter.php(919): App\Controllers\AdminController->empdetails('assets', 'employer', 'plugins', 'jquery', 'jquery.min.js')
 7 SYSTEMPATH\CodeIgniter.php(494): CodeIgniter\CodeIgniter->runController(Object(App\Controllers\AdminController))
 8 SYSTEMPATH\CodeIgniter.php(353): CodeIgniter\CodeIgniter->handleRequest(null, Object(Config\Cache), false)
 9 FCPATH\index.php(79): CodeIgniter\CodeIgniter->run()
10 SYSTEMPATH\Commands\Server\rewrite.php(47): require_once('C:\\laragon\\www\\PesoLink\\public\\index.php')
CRITICAL - 2023-11-15 08:34:50 --> Trying to access array offset on value of type null
in APPPATH\Views\Admin\employerdetails.php on line 131.
 1 APPPATH\Views\Admin\employerdetails.php(131): CodeIgniter\Debug\Exceptions->errorHandler(2, 'Trying to access array offset on value of type null', 'C:\\laragon\\www\\PesoLink\\app\\Views\\Admin\\employerdetails.php', 131)
 2 SYSTEMPATH\View\View.php(226): include('C:\\laragon\\www\\PesoLink\\app\\Views\\Admin\\employerdetails.php')
 3 SYSTEMPATH\View\View.php(229): CodeIgniter\View\View->CodeIgniter\View\{closure}()
 4 SYSTEMPATH\Common.php(1188): CodeIgniter\View\View->render('Admin/employerdetails', [], true)
 5 APPPATH\Controllers\AdminController.php(39): view('Admin/employerdetails', [...])
 6 SYSTEMPATH\CodeIgniter.php(919): App\Controllers\AdminController->empdetails('assets', 'employer', 'plugins', 'bootstrap', 'js', 'bootstrap.bundle.min.js')
 7 SYSTEMPATH\CodeIgniter.php(494): CodeIgniter\CodeIgniter->runController(Object(App\Controllers\AdminController))
 8 SYSTEMPATH\CodeIgniter.php(353): CodeIgniter\CodeIgniter->handleRequest(null, Object(Config\Cache), false)
 9 FCPATH\index.php(79): CodeIgniter\CodeIgniter->run()
10 SYSTEMPATH\Commands\Server\rewrite.php(47): require_once('C:\\laragon\\www\\PesoLink\\public\\index.php')
CRITICAL - 2023-11-15 08:34:50 --> Trying to access array offset on value of type null
in APPPATH\Views\Admin\employerdetails.php on line 131.
 1 APPPATH\Views\Admin\employerdetails.php(131): CodeIgniter\Debug\Exceptions->errorHandler(2, 'Trying to access array offset on value of type null', 'C:\\laragon\\www\\PesoLink\\app\\Views\\Admin\\employerdetails.php', 131)
 2 SYSTEMPATH\View\View.php(226): include('C:\\laragon\\www\\PesoLink\\app\\Views\\Admin\\employerdetails.php')
 3 SYSTEMPATH\View\View.php(229): CodeIgniter\View\View->CodeIgniter\View\{closure}()
 4 SYSTEMPATH\Common.php(1188): CodeIgniter\View\View->render('Admin/employerdetails', [], true)
 5 APPPATH\Controllers\AdminController.php(39): view('Admin/employerdetails', [...])
 6 SYSTEMPATH\CodeIgniter.php(919): App\Controllers\AdminController->empdetails('assets', 'employer', 'plugins', 'bs-custom-file-input', 'bs-custom-file-input.min.js')
 7 SYSTEMPATH\CodeIgniter.php(494): CodeIgniter\CodeIgniter->runController(Object(App\Controllers\AdminController))
 8 SYSTEMPATH\CodeIgniter.php(353): CodeIgniter\CodeIgniter->handleRequest(null, Object(Config\Cache), false)
 9 FCPATH\index.php(79): CodeIgniter\CodeIgniter->run()
10 SYSTEMPATH\Commands\Server\rewrite.php(47): require_once('C:\\laragon\\www\\PesoLink\\public\\index.php')
CRITICAL - 2023-11-15 08:34:50 --> Trying to access array offset on value of type null
in APPPATH\Views\Admin\employerdetails.php on line 131.
 1 APPPATH\Views\Admin\employerdetails.php(131): CodeIgniter\Debug\Exceptions->errorHandler(2, 'Trying to access array offset on value of type null', 'C:\\laragon\\www\\PesoLink\\app\\Views\\Admin\\employerdetails.php', 131)
 2 SYSTEMPATH\View\View.php(226): include('C:\\laragon\\www\\PesoLink\\app\\Views\\Admin\\employerdetails.php')
 3 SYSTEMPATH\View\View.php(229): CodeIgniter\View\View->CodeIgniter\View\{closure}()
 4 SYSTEMPATH\Common.php(1188): CodeIgniter\View\View->render('Admin/employerdetails', [], true)
 5 APPPATH\Controllers\AdminController.php(39): view('Admin/employerdetails', [...])
 6 SYSTEMPATH\CodeIgniter.php(919): App\Controllers\AdminController->empdetails('assets', 'employer', 'dist', 'js', 'adminlte.min.js')
 7 SYSTEMPATH\CodeIgniter.php(494): CodeIgniter\CodeIgniter->runController(Object(App\Controllers\AdminController))
 8 SYSTEMPATH\CodeIgniter.php(353): CodeIgniter\CodeIgniter->handleRequest(null, Object(Config\Cache), false)
 9 FCPATH\index.php(79): CodeIgniter\CodeIgniter->run()
10 SYSTEMPATH\Commands\Server\rewrite.php(47): require_once('C:\\laragon\\www\\PesoLink\\public\\index.php')
CRITICAL - 2023-11-15 09:25:19 --> Trying to access array offset on value of type null
in APPPATH\Views\Admin\employerdetails.php on line 131.
 1 APPPATH\Views\Admin\employerdetails.php(131): CodeIgniter\Debug\Exceptions->errorHandler(2, 'Trying to access array offset on value of type null', 'C:\\laragon\\www\\PesoLink\\app\\Views\\Admin\\employerdetails.php', 131)
 2 SYSTEMPATH\View\View.php(226): include('C:\\laragon\\www\\PesoLink\\app\\Views\\Admin\\employerdetails.php')
 3 SYSTEMPATH\View\View.php(229): CodeIgniter\View\View->CodeIgniter\View\{closure}()
 4 SYSTEMPATH\Common.php(1188): CodeIgniter\View\View->render('Admin/employerdetails', [], true)
 5 APPPATH\Controllers\AdminController.php(39): view('Admin/employerdetails', [...])
 6 SYSTEMPATH\CodeIgniter.php(919): App\Controllers\AdminController->empdetails('assets', 'employer', 'plugins', 'fontawesome-free', 'css', 'all.min.css')
 7 SYSTEMPATH\CodeIgniter.php(494): CodeIgniter\CodeIgniter->runController(Object(App\Controllers\AdminController))
 8 SYSTEMPATH\CodeIgniter.php(353): CodeIgniter\CodeIgniter->handleRequest(null, Object(Config\Cache), false)
 9 FCPATH\index.php(79): CodeIgniter\CodeIgniter->run()
10 SYSTEMPATH\Commands\Server\rewrite.php(47): require_once('C:\\laragon\\www\\PesoLink\\public\\index.php')
CRITICAL - 2023-11-15 09:25:19 --> Trying to access array offset on value of type null
in APPPATH\Views\Admin\employerdetails.php on line 131.
 1 APPPATH\Views\Admin\employerdetails.php(131): CodeIgniter\Debug\Exceptions->errorHandler(2, 'Trying to access array offset on value of type null', 'C:\\laragon\\www\\PesoLink\\app\\Views\\Admin\\employerdetails.php', 131)
 2 SYSTEMPATH\View\View.php(226): include('C:\\laragon\\www\\PesoLink\\app\\Views\\Admin\\employerdetails.php')
 3 SYSTEMPATH\View\View.php(229): CodeIgniter\View\View->CodeIgniter\View\{closure}()
 4 SYSTEMPATH\Common.php(1188): CodeIgniter\View\View->render('Admin/employerdetails', [], true)
 5 APPPATH\Controllers\AdminController.php(39): view('Admin/employerdetails', [...])
 6 SYSTEMPATH\CodeIgniter.php(919): App\Controllers\AdminController->empdetails('assets', 'employer', 'dist', 'css', 'adminlte.min.css')
 7 SYSTEMPATH\CodeIgniter.php(494): CodeIgniter\CodeIgniter->runController(Object(App\Controllers\AdminController))
 8 SYSTEMPATH\CodeIgniter.php(353): CodeIgniter\CodeIgniter->handleRequest(null, Object(Config\Cache), false)
 9 FCPATH\index.php(79): CodeIgniter\CodeIgniter->run()
10 SYSTEMPATH\Commands\Server\rewrite.php(47): require_once('C:\\laragon\\www\\PesoLink\\public\\index.php')
CRITICAL - 2023-11-15 09:25:19 --> Trying to access array offset on value of type null
in APPPATH\Views\Admin\employerdetails.php on line 131.
 1 APPPATH\Views\Admin\employerdetails.php(131): CodeIgniter\Debug\Exceptions->errorHandler(2, 'Trying to access array offset on value of type null', 'C:\\laragon\\www\\PesoLink\\app\\Views\\Admin\\employerdetails.php', 131)
 2 SYSTEMPATH\View\View.php(226): include('C:\\laragon\\www\\PesoLink\\app\\Views\\Admin\\employerdetails.php')
 3 SYSTEMPATH\View\View.php(229): CodeIgniter\View\View->CodeIgniter\View\{closure}()
 4 SYSTEMPATH\Common.php(1188): CodeIgniter\View\View->render('Admin/employerdetails', [], true)
 5 APPPATH\Controllers\AdminController.php(39): view('Admin/employerdetails', [...])
 6 SYSTEMPATH\CodeIgniter.php(919): App\Controllers\AdminController->empdetails('assets', 'admin', 'dist', 'img', 'user2-160x160.jpg')
 7 SYSTEMPATH\CodeIgniter.php(494): CodeIgniter\CodeIgniter->runController(Object(App\Controllers\AdminController))
 8 SYSTEMPATH\CodeIgniter.php(353): CodeIgniter\CodeIgniter->handleRequest(null, Object(Config\Cache), false)
 9 FCPATH\index.php(79): CodeIgniter\CodeIgniter->run()
10 SYSTEMPATH\Commands\Server\rewrite.php(47): require_once('C:\\laragon\\www\\PesoLink\\public\\index.php')
CRITICAL - 2023-11-15 09:25:19 --> Trying to access array offset on value of type null
in APPPATH\Views\Admin\employerdetails.php on line 131.
 1 APPPATH\Views\Admin\employerdetails.php(131): CodeIgniter\Debug\Exceptions->errorHandler(2, 'Trying to access array offset on value of type null', 'C:\\laragon\\www\\PesoLink\\app\\Views\\Admin\\employerdetails.php', 131)
 2 SYSTEMPATH\View\View.php(226): include('C:\\laragon\\www\\PesoLink\\app\\Views\\Admin\\employerdetails.php')
 3 SYSTEMPATH\View\View.php(229): CodeIgniter\View\View->CodeIgniter\View\{closure}()
 4 SYSTEMPATH\Common.php(1188): CodeIgniter\View\View->render('Admin/employerdetails', [], true)
 5 APPPATH\Controllers\AdminController.php(39): view('Admin/employerdetails', [...])
 6 SYSTEMPATH\CodeIgniter.php(919): App\Controllers\AdminController->empdetails('assets', 'employer', 'plugins', 'jquery', 'jquery.min.js')
 7 SYSTEMPATH\CodeIgniter.php(494): CodeIgniter\CodeIgniter->runController(Object(App\Controllers\AdminController))
 8 SYSTEMPATH\CodeIgniter.php(353): CodeIgniter\CodeIgniter->handleRequest(null, Object(Config\Cache), false)
 9 FCPATH\index.php(79): CodeIgniter\CodeIgniter->run()
10 SYSTEMPATH\Commands\Server\rewrite.php(47): require_once('C:\\laragon\\www\\PesoLink\\public\\index.php')
CRITICAL - 2023-11-15 09:25:19 --> Trying to access array offset on value of type null
in APPPATH\Views\Admin\employerdetails.php on line 131.
 1 APPPATH\Views\Admin\employerdetails.php(131): CodeIgniter\Debug\Exceptions->errorHandler(2, 'Trying to access array offset on value of type null', 'C:\\laragon\\www\\PesoLink\\app\\Views\\Admin\\employerdetails.php', 131)
 2 SYSTEMPATH\View\View.php(226): include('C:\\laragon\\www\\PesoLink\\app\\Views\\Admin\\employerdetails.php')
 3 SYSTEMPATH\View\View.php(229): CodeIgniter\View\View->CodeIgniter\View\{closure}()
 4 SYSTEMPATH\Common.php(1188): CodeIgniter\View\View->render('Admin/employerdetails', [], true)
 5 APPPATH\Controllers\AdminController.php(39): view('Admin/employerdetails', [...])
 6 SYSTEMPATH\CodeIgniter.php(919): App\Controllers\AdminController->empdetails('assets', 'employer', 'plugins', 'bootstrap', 'js', 'bootstrap.bundle.min.js')
 7 SYSTEMPATH\CodeIgniter.php(494): CodeIgniter\CodeIgniter->runController(Object(App\Controllers\AdminController))
 8 SYSTEMPATH\CodeIgniter.php(353): CodeIgniter\CodeIgniter->handleRequest(null, Object(Config\Cache), false)
 9 FCPATH\index.php(79): CodeIgniter\CodeIgniter->run()
10 SYSTEMPATH\Commands\Server\rewrite.php(47): require_once('C:\\laragon\\www\\PesoLink\\public\\index.php')
CRITICAL - 2023-11-15 09:25:19 --> Trying to access array offset on value of type null
in APPPATH\Views\Admin\employerdetails.php on line 131.
 1 APPPATH\Views\Admin\employerdetails.php(131): CodeIgniter\Debug\Exceptions->errorHandler(2, 'Trying to access array offset on value of type null', 'C:\\laragon\\www\\PesoLink\\app\\Views\\Admin\\employerdetails.php', 131)
 2 SYSTEMPATH\View\View.php(226): include('C:\\laragon\\www\\PesoLink\\app\\Views\\Admin\\employerdetails.php')
 3 SYSTEMPATH\View\View.php(229): CodeIgniter\View\View->CodeIgniter\View\{closure}()
 4 SYSTEMPATH\Common.php(1188): CodeIgniter\View\View->render('Admin/employerdetails', [], true)
 5 APPPATH\Controllers\AdminController.php(39): view('Admin/employerdetails', [...])
 6 SYSTEMPATH\CodeIgniter.php(919): App\Controllers\AdminController->empdetails('assets', 'employer', 'plugins', 'bs-custom-file-input', 'bs-custom-file-input.min.js')
 7 SYSTEMPATH\CodeIgniter.php(494): CodeIgniter\CodeIgniter->runController(Object(App\Controllers\AdminController))
 8 SYSTEMPATH\CodeIgniter.php(353): CodeIgniter\CodeIgniter->handleRequest(null, Object(Config\Cache), false)
 9 FCPATH\index.php(79): CodeIgniter\CodeIgniter->run()
10 SYSTEMPATH\Commands\Server\rewrite.php(47): require_once('C:\\laragon\\www\\PesoLink\\public\\index.php')
CRITICAL - 2023-11-15 09:25:19 --> Trying to access array offset on value of type null
in APPPATH\Views\Admin\employerdetails.php on line 131.
 1 APPPATH\Views\Admin\employerdetails.php(131): CodeIgniter\Debug\Exceptions->errorHandler(2, 'Trying to access array offset on value of type null', 'C:\\laragon\\www\\PesoLink\\app\\Views\\Admin\\employerdetails.php', 131)
 2 SYSTEMPATH\View\View.php(226): include('C:\\laragon\\www\\PesoLink\\app\\Views\\Admin\\employerdetails.php')
 3 SYSTEMPATH\View\View.php(229): CodeIgniter\View\View->CodeIgniter\View\{closure}()
 4 SYSTEMPATH\Common.php(1188): CodeIgniter\View\View->render('Admin/employerdetails', [], true)
 5 APPPATH\Controllers\AdminController.php(39): view('Admin/employerdetails', [...])
 6 SYSTEMPATH\CodeIgniter.php(919): App\Controllers\AdminController->empdetails('assets', 'employer', 'dist', 'js', 'adminlte.min.js')
 7 SYSTEMPATH\CodeIgniter.php(494): CodeIgniter\CodeIgniter->runController(Object(App\Controllers\AdminController))
 8 SYSTEMPATH\CodeIgniter.php(353): CodeIgniter\CodeIgniter->handleRequest(null, Object(Config\Cache), false)
 9 FCPATH\index.php(79): CodeIgniter\CodeIgniter->run()
10 SYSTEMPATH\Commands\Server\rewrite.php(47): require_once('C:\\laragon\\www\\PesoLink\\public\\index.php')
CRITICAL - 2023-11-15 09:28:37 --> Trying to access array offset on value of type null
in APPPATH\Views\Admin\employerdetails.php on line 131.
 1 APPPATH\Views\Admin\employerdetails.php(131): CodeIgniter\Debug\Exceptions->errorHandler(2, 'Trying to access array offset on value of type null', 'C:\\laragon\\www\\PesoLink\\app\\Views\\Admin\\employerdetails.php', 131)
 2 SYSTEMPATH\View\View.php(226): include('C:\\laragon\\www\\PesoLink\\app\\Views\\Admin\\employerdetails.php')
 3 SYSTEMPATH\View\View.php(229): CodeIgniter\View\View->CodeIgniter\View\{closure}()
 4 SYSTEMPATH\Common.php(1188): CodeIgniter\View\View->render('Admin/employerdetails', [], true)
 5 APPPATH\Controllers\AdminController.php(39): view('Admin/employerdetails', [...])
 6 SYSTEMPATH\CodeIgniter.php(919): App\Controllers\AdminController->empdetails('assets', 'employer', 'plugins', 'fontawesome-free', 'css', 'all.min.css')
 7 SYSTEMPATH\CodeIgniter.php(494): CodeIgniter\CodeIgniter->runController(Object(App\Controllers\AdminController))
 8 SYSTEMPATH\CodeIgniter.php(353): CodeIgniter\CodeIgniter->handleRequest(null, Object(Config\Cache), false)
 9 FCPATH\index.php(79): CodeIgniter\CodeIgniter->run()
10 SYSTEMPATH\Commands\Server\rewrite.php(47): require_once('C:\\laragon\\www\\PesoLink\\public\\index.php')
CRITICAL - 2023-11-15 09:28:37 --> Trying to access array offset on value of type null
in APPPATH\Views\Admin\employerdetails.php on line 131.
 1 APPPATH\Views\Admin\employerdetails.php(131): CodeIgniter\Debug\Exceptions->errorHandler(2, 'Trying to access array offset on value of type null', 'C:\\laragon\\www\\PesoLink\\app\\Views\\Admin\\employerdetails.php', 131)
 2 SYSTEMPATH\View\View.php(226): include('C:\\laragon\\www\\PesoLink\\app\\Views\\Admin\\employerdetails.php')
 3 SYSTEMPATH\View\View.php(229): CodeIgniter\View\View->CodeIgniter\View\{closure}()
 4 SYSTEMPATH\Common.php(1188): CodeIgniter\View\View->render('Admin/employerdetails', [], true)
 5 APPPATH\Controllers\AdminController.php(39): view('Admin/employerdetails', [...])
 6 SYSTEMPATH\CodeIgniter.php(919): App\Controllers\AdminController->empdetails('assets', 'employer', 'dist', 'css', 'adminlte.min.css')
 7 SYSTEMPATH\CodeIgniter.php(494): CodeIgniter\CodeIgniter->runController(Object(App\Controllers\AdminController))
 8 SYSTEMPATH\CodeIgniter.php(353): CodeIgniter\CodeIgniter->handleRequest(null, Object(Config\Cache), false)
 9 FCPATH\index.php(79): CodeIgniter\CodeIgniter->run()
10 SYSTEMPATH\Commands\Server\rewrite.php(47): require_once('C:\\laragon\\www\\PesoLink\\public\\index.php')
CRITICAL - 2023-11-15 09:28:37 --> Trying to access array offset on value of type null
in APPPATH\Views\Admin\employerdetails.php on line 131.
 1 APPPATH\Views\Admin\employerdetails.php(131): CodeIgniter\Debug\Exceptions->errorHandler(2, 'Trying to access array offset on value of type null', 'C:\\laragon\\www\\PesoLink\\app\\Views\\Admin\\employerdetails.php', 131)
 2 SYSTEMPATH\View\View.php(226): include('C:\\laragon\\www\\PesoLink\\app\\Views\\Admin\\employerdetails.php')
 3 SYSTEMPATH\View\View.php(229): CodeIgniter\View\View->CodeIgniter\View\{closure}()
 4 SYSTEMPATH\Common.php(1188): CodeIgniter\View\View->render('Admin/employerdetails', [], true)
 5 APPPATH\Controllers\AdminController.php(39): view('Admin/employerdetails', [...])
 6 SYSTEMPATH\CodeIgniter.php(919): App\Controllers\AdminController->empdetails('assets', 'employer', 'plugins', 'jquery', 'jquery.min.js')
 7 SYSTEMPATH\CodeIgniter.php(494): CodeIgniter\CodeIgniter->runController(Object(App\Controllers\AdminController))
 8 SYSTEMPATH\CodeIgniter.php(353): CodeIgniter\CodeIgniter->handleRequest(null, Object(Config\Cache), false)
 9 FCPATH\index.php(79): CodeIgniter\CodeIgniter->run()
10 SYSTEMPATH\Commands\Server\rewrite.php(47): require_once('C:\\laragon\\www\\PesoLink\\public\\index.php')
CRITICAL - 2023-11-15 09:28:37 --> Trying to access array offset on value of type null
in APPPATH\Views\Admin\employerdetails.php on line 131.
 1 APPPATH\Views\Admin\employerdetails.php(131): CodeIgniter\Debug\Exceptions->errorHandler(2, 'Trying to access array offset on value of type null', 'C:\\laragon\\www\\PesoLink\\app\\Views\\Admin\\employerdetails.php', 131)
 2 SYSTEMPATH\View\View.php(226): include('C:\\laragon\\www\\PesoLink\\app\\Views\\Admin\\employerdetails.php')
 3 SYSTEMPATH\View\View.php(229): CodeIgniter\View\View->CodeIgniter\View\{closure}()
 4 SYSTEMPATH\Common.php(1188): CodeIgniter\View\View->render('Admin/employerdetails', [], true)
 5 APPPATH\Controllers\AdminController.php(39): view('Admin/employerdetails', [...])
 6 SYSTEMPATH\CodeIgniter.php(919): App\Controllers\AdminController->empdetails('assets', 'admin', 'dist', 'img', 'user2-160x160.jpg')
 7 SYSTEMPATH\CodeIgniter.php(494): CodeIgniter\CodeIgniter->runController(Object(App\Controllers\AdminController))
 8 SYSTEMPATH\CodeIgniter.php(353): CodeIgniter\CodeIgniter->handleRequest(null, Object(Config\Cache), false)
 9 FCPATH\index.php(79): CodeIgniter\CodeIgniter->run()
10 SYSTEMPATH\Commands\Server\rewrite.php(47): require_once('C:\\laragon\\www\\PesoLink\\public\\index.php')
CRITICAL - 2023-11-15 09:28:37 --> Trying to access array offset on value of type null
in APPPATH\Views\Admin\employerdetails.php on line 131.
 1 APPPATH\Views\Admin\employerdetails.php(131): CodeIgniter\Debug\Exceptions->errorHandler(2, 'Trying to access array offset on value of type null', 'C:\\laragon\\www\\PesoLink\\app\\Views\\Admin\\employerdetails.php', 131)
 2 SYSTEMPATH\View\View.php(226): include('C:\\laragon\\www\\PesoLink\\app\\Views\\Admin\\employerdetails.php')
 3 SYSTEMPATH\View\View.php(229): CodeIgniter\View\View->CodeIgniter\View\{closure}()
 4 SYSTEMPATH\Common.php(1188): CodeIgniter\View\View->render('Admin/employerdetails', [], true)
 5 APPPATH\Controllers\AdminController.php(39): view('Admin/employerdetails', [...])
 6 SYSTEMPATH\CodeIgniter.php(919): App\Controllers\AdminController->empdetails('assets', 'employer', 'plugins', 'bootstrap', 'js', 'bootstrap.bundle.min.js')
 7 SYSTEMPATH\CodeIgniter.php(494): CodeIgniter\CodeIgniter->runController(Object(App\Controllers\AdminController))
 8 SYSTEMPATH\CodeIgniter.php(353): CodeIgniter\CodeIgniter->handleRequest(null, Object(Config\Cache), false)
 9 FCPATH\index.php(79): CodeIgniter\CodeIgniter->run()
10 SYSTEMPATH\Commands\Server\rewrite.php(47): require_once('C:\\laragon\\www\\PesoLink\\public\\index.php')
CRITICAL - 2023-11-15 09:28:37 --> Trying to access array offset on value of type null
in APPPATH\Views\Admin\employerdetails.php on line 131.
 1 APPPATH\Views\Admin\employerdetails.php(131): CodeIgniter\Debug\Exceptions->errorHandler(2, 'Trying to access array offset on value of type null', 'C:\\laragon\\www\\PesoLink\\app\\Views\\Admin\\employerdetails.php', 131)
 2 SYSTEMPATH\View\View.php(226): include('C:\\laragon\\www\\PesoLink\\app\\Views\\Admin\\employerdetails.php')
 3 SYSTEMPATH\View\View.php(229): CodeIgniter\View\View->CodeIgniter\View\{closure}()
 4 SYSTEMPATH\Common.php(1188): CodeIgniter\View\View->render('Admin/employerdetails', [], true)
 5 APPPATH\Controllers\AdminController.php(39): view('Admin/employerdetails', [...])
 6 SYSTEMPATH\CodeIgniter.php(919): App\Controllers\AdminController->empdetails('assets', 'employer', 'plugins', 'bs-custom-file-input', 'bs-custom-file-input.min.js')
 7 SYSTEMPATH\CodeIgniter.php(494): CodeIgniter\CodeIgniter->runController(Object(App\Controllers\AdminController))
 8 SYSTEMPATH\CodeIgniter.php(353): CodeIgniter\CodeIgniter->handleRequest(null, Object(Config\Cache), false)
 9 FCPATH\index.php(79): CodeIgniter\CodeIgniter->run()
10 SYSTEMPATH\Commands\Server\rewrite.php(47): require_once('C:\\laragon\\www\\PesoLink\\public\\index.php')
CRITICAL - 2023-11-15 09:28:37 --> Trying to access array offset on value of type null
in APPPATH\Views\Admin\employerdetails.php on line 131.
 1 APPPATH\Views\Admin\employerdetails.php(131): CodeIgniter\Debug\Exceptions->errorHandler(2, 'Trying to access array offset on value of type null', 'C:\\laragon\\www\\PesoLink\\app\\Views\\Admin\\employerdetails.php', 131)
 2 SYSTEMPATH\View\View.php(226): include('C:\\laragon\\www\\PesoLink\\app\\Views\\Admin\\employerdetails.php')
 3 SYSTEMPATH\View\View.php(229): CodeIgniter\View\View->CodeIgniter\View\{closure}()
 4 SYSTEMPATH\Common.php(1188): CodeIgniter\View\View->render('Admin/employerdetails', [], true)
 5 APPPATH\Controllers\AdminController.php(39): view('Admin/employerdetails', [...])
 6 SYSTEMPATH\CodeIgniter.php(919): App\Controllers\AdminController->empdetails('assets', 'employer', 'dist', 'js', 'adminlte.min.js')
 7 SYSTEMPATH\CodeIgniter.php(494): CodeIgniter\CodeIgniter->runController(Object(App\Controllers\AdminController))
 8 SYSTEMPATH\CodeIgniter.php(353): CodeIgniter\CodeIgniter->handleRequest(null, Object(Config\Cache), false)
 9 FCPATH\index.php(79): CodeIgniter\CodeIgniter->run()
10 SYSTEMPATH\Commands\Server\rewrite.php(47): require_once('C:\\laragon\\www\\PesoLink\\public\\index.php')
CRITICAL - 2023-11-15 09:28:58 --> Trying to access array offset on value of type null
in APPPATH\Views\Admin\employerdetails.php on line 131.
 1 APPPATH\Views\Admin\employerdetails.php(131): CodeIgniter\Debug\Exceptions->errorHandler(2, 'Trying to access array offset on value of type null', 'C:\\laragon\\www\\PesoLink\\app\\Views\\Admin\\employerdetails.php', 131)
 2 SYSTEMPATH\View\View.php(226): include('C:\\laragon\\www\\PesoLink\\app\\Views\\Admin\\employerdetails.php')
 3 SYSTEMPATH\View\View.php(229): CodeIgniter\View\View->CodeIgniter\View\{closure}()
 4 SYSTEMPATH\Common.php(1188): CodeIgniter\View\View->render('Admin/employerdetails', [], true)
 5 APPPATH\Controllers\AdminController.php(39): view('Admin/employerdetails', [...])
 6 SYSTEMPATH\CodeIgniter.php(919): App\Controllers\AdminController->empdetails('assets', 'employer', 'plugins', 'fontawesome-free', 'css', 'all.min.css')
 7 SYSTEMPATH\CodeIgniter.php(494): CodeIgniter\CodeIgniter->runController(Object(App\Controllers\AdminController))
 8 SYSTEMPATH\CodeIgniter.php(353): CodeIgniter\CodeIgniter->handleRequest(null, Object(Config\Cache), false)
 9 FCPATH\index.php(79): CodeIgniter\CodeIgniter->run()
10 SYSTEMPATH\Commands\Server\rewrite.php(47): require_once('C:\\laragon\\www\\PesoLink\\public\\index.php')
CRITICAL - 2023-11-15 09:28:58 --> Trying to access array offset on value of type null
in APPPATH\Views\Admin\employerdetails.php on line 131.
 1 APPPATH\Views\Admin\employerdetails.php(131): CodeIgniter\Debug\Exceptions->errorHandler(2, 'Trying to access array offset on value of type null', 'C:\\laragon\\www\\PesoLink\\app\\Views\\Admin\\employerdetails.php', 131)
 2 SYSTEMPATH\View\View.php(226): include('C:\\laragon\\www\\PesoLink\\app\\Views\\Admin\\employerdetails.php')
 3 SYSTEMPATH\View\View.php(229): CodeIgniter\View\View->CodeIgniter\View\{closure}()
 4 SYSTEMPATH\Common.php(1188): CodeIgniter\View\View->render('Admin/employerdetails', [], true)
 5 APPPATH\Controllers\AdminController.php(39): view('Admin/employerdetails', [...])
 6 SYSTEMPATH\CodeIgniter.php(919): App\Controllers\AdminController->empdetails('assets', 'admin', 'dist', 'img', 'user2-160x160.jpg')
 7 SYSTEMPATH\CodeIgniter.php(494): CodeIgniter\CodeIgniter->runController(Object(App\Controllers\AdminController))
 8 SYSTEMPATH\CodeIgniter.php(353): CodeIgniter\CodeIgniter->handleRequest(null, Object(Config\Cache), false)
 9 FCPATH\index.php(79): CodeIgniter\CodeIgniter->run()
10 SYSTEMPATH\Commands\Server\rewrite.php(47): require_once('C:\\laragon\\www\\PesoLink\\public\\index.php')
CRITICAL - 2023-11-15 09:28:58 --> Trying to access array offset on value of type null
in APPPATH\Views\Admin\employerdetails.php on line 131.
 1 APPPATH\Views\Admin\employerdetails.php(131): CodeIgniter\Debug\Exceptions->errorHandler(2, 'Trying to access array offset on value of type null', 'C:\\laragon\\www\\PesoLink\\app\\Views\\Admin\\employerdetails.php', 131)
 2 SYSTEMPATH\View\View.php(226): include('C:\\laragon\\www\\PesoLink\\app\\Views\\Admin\\employerdetails.php')
 3 SYSTEMPATH\View\View.php(229): CodeIgniter\View\View->CodeIgniter\View\{closure}()
 4 SYSTEMPATH\Common.php(1188): CodeIgniter\View\View->render('Admin/employerdetails', [], true)
 5 APPPATH\Controllers\AdminController.php(39): view('Admin/employerdetails', [...])
 6 SYSTEMPATH\CodeIgniter.php(919): App\Controllers\AdminController->empdetails('assets', 'employer', 'dist', 'css', 'adminlte.min.css')
 7 SYSTEMPATH\CodeIgniter.php(494): CodeIgniter\CodeIgniter->runController(Object(App\Controllers\AdminController))
 8 SYSTEMPATH\CodeIgniter.php(353): CodeIgniter\CodeIgniter->handleRequest(null, Object(Config\Cache), false)
 9 FCPATH\index.php(79): CodeIgniter\CodeIgniter->run()
10 SYSTEMPATH\Commands\Server\rewrite.php(47): require_once('C:\\laragon\\www\\PesoLink\\public\\index.php')
CRITICAL - 2023-11-15 09:28:58 --> Trying to access array offset on value of type null
in APPPATH\Views\Admin\employerdetails.php on line 131.
 1 APPPATH\Views\Admin\employerdetails.php(131): CodeIgniter\Debug\Exceptions->errorHandler(2, 'Trying to access array offset on value of type null', 'C:\\laragon\\www\\PesoLink\\app\\Views\\Admin\\employerdetails.php', 131)
 2 SYSTEMPATH\View\View.php(226): include('C:\\laragon\\www\\PesoLink\\app\\Views\\Admin\\employerdetails.php')
 3 SYSTEMPATH\View\View.php(229): CodeIgniter\View\View->CodeIgniter\View\{closure}()
 4 SYSTEMPATH\Common.php(1188): CodeIgniter\View\View->render('Admin/employerdetails', [], true)
 5 APPPATH\Controllers\AdminController.php(39): view('Admin/employerdetails', [...])
 6 SYSTEMPATH\CodeIgniter.php(919): App\Controllers\AdminController->empdetails('assets', 'employer', 'plugins', 'jquery', 'jquery.min.js')
 7 SYSTEMPATH\CodeIgniter.php(494): CodeIgniter\CodeIgniter->runController(Object(App\Controllers\AdminController))
 8 SYSTEMPATH\CodeIgniter.php(353): CodeIgniter\CodeIgniter->handleRequest(null, Object(Config\Cache), false)
 9 FCPATH\index.php(79): CodeIgniter\CodeIgniter->run()
10 SYSTEMPATH\Commands\Server\rewrite.php(47): require_once('C:\\laragon\\www\\PesoLink\\public\\index.php')
CRITICAL - 2023-11-15 09:28:58 --> Trying to access array offset on value of type null
in APPPATH\Views\Admin\employerdetails.php on line 131.
 1 APPPATH\Views\Admin\employerdetails.php(131): CodeIgniter\Debug\Exceptions->errorHandler(2, 'Trying to access array offset on value of type null', 'C:\\laragon\\www\\PesoLink\\app\\Views\\Admin\\employerdetails.php', 131)
 2 SYSTEMPATH\View\View.php(226): include('C:\\laragon\\www\\PesoLink\\app\\Views\\Admin\\employerdetails.php')
 3 SYSTEMPATH\View\View.php(229): CodeIgniter\View\View->CodeIgniter\View\{closure}()
 4 SYSTEMPATH\Common.php(1188): CodeIgniter\View\View->render('Admin/employerdetails', [], true)
 5 APPPATH\Controllers\AdminController.php(39): view('Admin/employerdetails', [...])
 6 SYSTEMPATH\CodeIgniter.php(919): App\Controllers\AdminController->empdetails('assets', 'employer', 'plugins', 'bootstrap', 'js', 'bootstrap.bundle.min.js')
 7 SYSTEMPATH\CodeIgniter.php(494): CodeIgniter\CodeIgniter->runController(Object(App\Controllers\AdminController))
 8 SYSTEMPATH\CodeIgniter.php(353): CodeIgniter\CodeIgniter->handleRequest(null, Object(Config\Cache), false)
 9 FCPATH\index.php(79): CodeIgniter\CodeIgniter->run()
10 SYSTEMPATH\Commands\Server\rewrite.php(47): require_once('C:\\laragon\\www\\PesoLink\\public\\index.php')
CRITICAL - 2023-11-15 09:28:58 --> Trying to access array offset on value of type null
in APPPATH\Views\Admin\employerdetails.php on line 131.
 1 APPPATH\Views\Admin\employerdetails.php(131): CodeIgniter\Debug\Exceptions->errorHandler(2, 'Trying to access array offset on value of type null', 'C:\\laragon\\www\\PesoLink\\app\\Views\\Admin\\employerdetails.php', 131)
 2 SYSTEMPATH\View\View.php(226): include('C:\\laragon\\www\\PesoLink\\app\\Views\\Admin\\employerdetails.php')
 3 SYSTEMPATH\View\View.php(229): CodeIgniter\View\View->CodeIgniter\View\{closure}()
 4 SYSTEMPATH\Common.php(1188): CodeIgniter\View\View->render('Admin/employerdetails', [], true)
 5 APPPATH\Controllers\AdminController.php(39): view('Admin/employerdetails', [...])
 6 SYSTEMPATH\CodeIgniter.php(919): App\Controllers\AdminController->empdetails('assets', 'employer', 'plugins', 'bs-custom-file-input', 'bs-custom-file-input.min.js')
 7 SYSTEMPATH\CodeIgniter.php(494): CodeIgniter\CodeIgniter->runController(Object(App\Controllers\AdminController))
 8 SYSTEMPATH\CodeIgniter.php(353): CodeIgniter\CodeIgniter->handleRequest(null, Object(Config\Cache), false)
 9 FCPATH\index.php(79): CodeIgniter\CodeIgniter->run()
10 SYSTEMPATH\Commands\Server\rewrite.php(47): require_once('C:\\laragon\\www\\PesoLink\\public\\index.php')
CRITICAL - 2023-11-15 09:28:58 --> Trying to access array offset on value of type null
in APPPATH\Views\Admin\employerdetails.php on line 131.
 1 APPPATH\Views\Admin\employerdetails.php(131): CodeIgniter\Debug\Exceptions->errorHandler(2, 'Trying to access array offset on value of type null', 'C:\\laragon\\www\\PesoLink\\app\\Views\\Admin\\employerdetails.php', 131)
 2 SYSTEMPATH\View\View.php(226): include('C:\\laragon\\www\\PesoLink\\app\\Views\\Admin\\employerdetails.php')
 3 SYSTEMPATH\View\View.php(229): CodeIgniter\View\View->CodeIgniter\View\{closure}()
 4 SYSTEMPATH\Common.php(1188): CodeIgniter\View\View->render('Admin/employerdetails', [], true)
 5 APPPATH\Controllers\AdminController.php(39): view('Admin/employerdetails', [...])
 6 SYSTEMPATH\CodeIgniter.php(919): App\Controllers\AdminController->empdetails('assets', 'employer', 'dist', 'js', 'adminlte.min.js')
 7 SYSTEMPATH\CodeIgniter.php(494): CodeIgniter\CodeIgniter->runController(Object(App\Controllers\AdminController))
 8 SYSTEMPATH\CodeIgniter.php(353): CodeIgniter\CodeIgniter->handleRequest(null, Object(Config\Cache), false)
 9 FCPATH\index.php(79): CodeIgniter\CodeIgniter->run()
10 SYSTEMPATH\Commands\Server\rewrite.php(47): require_once('C:\\laragon\\www\\PesoLink\\public\\index.php')
CRITICAL - 2023-11-15 09:35:35 --> Trying to access array offset on value of type null
in APPPATH\Views\Admin\employerdetails.php on line 131.
 1 APPPATH\Views\Admin\employerdetails.php(131): CodeIgniter\Debug\Exceptions->errorHandler(2, 'Trying to access array offset on value of type null', 'C:\\laragon\\www\\PesoLink\\app\\Views\\Admin\\employerdetails.php', 131)
 2 SYSTEMPATH\View\View.php(226): include('C:\\laragon\\www\\PesoLink\\app\\Views\\Admin\\employerdetails.php')
 3 SYSTEMPATH\View\View.php(229): CodeIgniter\View\View->CodeIgniter\View\{closure}()
 4 SYSTEMPATH\Common.php(1188): CodeIgniter\View\View->render('Admin/employerdetails', [], true)
 5 APPPATH\Controllers\AdminController.php(39): view('Admin/employerdetails', [...])
 6 SYSTEMPATH\CodeIgniter.php(919): App\Controllers\AdminController->empdetails('assets', 'employer', 'plugins', 'fontawesome-free', 'css', 'all.min.css')
 7 SYSTEMPATH\CodeIgniter.php(494): CodeIgniter\CodeIgniter->runController(Object(App\Controllers\AdminController))
 8 SYSTEMPATH\CodeIgniter.php(353): CodeIgniter\CodeIgniter->handleRequest(null, Object(Config\Cache), false)
 9 FCPATH\index.php(79): CodeIgniter\CodeIgniter->run()
10 SYSTEMPATH\Commands\Server\rewrite.php(47): require_once('C:\\laragon\\www\\PesoLink\\public\\index.php')
CRITICAL - 2023-11-15 09:35:35 --> Trying to access array offset on value of type null
in APPPATH\Views\Admin\employerdetails.php on line 131.
 1 APPPATH\Views\Admin\employerdetails.php(131): CodeIgniter\Debug\Exceptions->errorHandler(2, 'Trying to access array offset on value of type null', 'C:\\laragon\\www\\PesoLink\\app\\Views\\Admin\\employerdetails.php', 131)
 2 SYSTEMPATH\View\View.php(226): include('C:\\laragon\\www\\PesoLink\\app\\Views\\Admin\\employerdetails.php')
 3 SYSTEMPATH\View\View.php(229): CodeIgniter\View\View->CodeIgniter\View\{closure}()
 4 SYSTEMPATH\Common.php(1188): CodeIgniter\View\View->render('Admin/employerdetails', [], true)
 5 APPPATH\Controllers\AdminController.php(39): view('Admin/employerdetails', [...])
 6 SYSTEMPATH\CodeIgniter.php(919): App\Controllers\AdminController->empdetails('assets', 'employer', 'dist', 'css', 'adminlte.min.css')
 7 SYSTEMPATH\CodeIgniter.php(494): CodeIgniter\CodeIgniter->runController(Object(App\Controllers\AdminController))
 8 SYSTEMPATH\CodeIgniter.php(353): CodeIgniter\CodeIgniter->handleRequest(null, Object(Config\Cache), false)
 9 FCPATH\index.php(79): CodeIgniter\CodeIgniter->run()
10 SYSTEMPATH\Commands\Server\rewrite.php(47): require_once('C:\\laragon\\www\\PesoLink\\public\\index.php')
CRITICAL - 2023-11-15 09:35:35 --> Trying to access array offset on value of type null
in APPPATH\Views\Admin\employerdetails.php on line 131.
 1 APPPATH\Views\Admin\employerdetails.php(131): CodeIgniter\Debug\Exceptions->errorHandler(2, 'Trying to access array offset on value of type null', 'C:\\laragon\\www\\PesoLink\\app\\Views\\Admin\\employerdetails.php', 131)
 2 SYSTEMPATH\View\View.php(226): include('C:\\laragon\\www\\PesoLink\\app\\Views\\Admin\\employerdetails.php')
 3 SYSTEMPATH\View\View.php(229): CodeIgniter\View\View->CodeIgniter\View\{closure}()
 4 SYSTEMPATH\Common.php(1188): CodeIgniter\View\View->render('Admin/employerdetails', [], true)
 5 APPPATH\Controllers\AdminController.php(39): view('Admin/employerdetails', [...])
 6 SYSTEMPATH\CodeIgniter.php(919): App\Controllers\AdminController->empdetails('assets', 'employer', 'plugins', 'jquery', 'jquery.min.js')
 7 SYSTEMPATH\CodeIgniter.php(494): CodeIgniter\CodeIgniter->runController(Object(App\Controllers\AdminController))
 8 SYSTEMPATH\CodeIgniter.php(353): CodeIgniter\CodeIgniter->handleRequest(null, Object(Config\Cache), false)
 9 FCPATH\index.php(79): CodeIgniter\CodeIgniter->run()
10 SYSTEMPATH\Commands\Server\rewrite.php(47): require_once('C:\\laragon\\www\\PesoLink\\public\\index.php')
CRITICAL - 2023-11-15 09:35:36 --> Trying to access array offset on value of type null
in APPPATH\Views\Admin\employerdetails.php on line 131.
 1 APPPATH\Views\Admin\employerdetails.php(131): CodeIgniter\Debug\Exceptions->errorHandler(2, 'Trying to access array offset on value of type null', 'C:\\laragon\\www\\PesoLink\\app\\Views\\Admin\\employerdetails.php', 131)
 2 SYSTEMPATH\View\View.php(226): include('C:\\laragon\\www\\PesoLink\\app\\Views\\Admin\\employerdetails.php')
 3 SYSTEMPATH\View\View.php(229): CodeIgniter\View\View->CodeIgniter\View\{closure}()
 4 SYSTEMPATH\Common.php(1188): CodeIgniter\View\View->render('Admin/employerdetails', [], true)
 5 APPPATH\Controllers\AdminController.php(39): view('Admin/employerdetails', [...])
 6 SYSTEMPATH\CodeIgniter.php(919): App\Controllers\AdminController->empdetails('assets', 'admin', 'dist', 'img', 'user2-160x160.jpg')
 7 SYSTEMPATH\CodeIgniter.php(494): CodeIgniter\CodeIgniter->runController(Object(App\Controllers\AdminController))
 8 SYSTEMPATH\CodeIgniter.php(353): CodeIgniter\CodeIgniter->handleRequest(null, Object(Config\Cache), false)
 9 FCPATH\index.php(79): CodeIgniter\CodeIgniter->run()
10 SYSTEMPATH\Commands\Server\rewrite.php(47): require_once('C:\\laragon\\www\\PesoLink\\public\\index.php')
CRITICAL - 2023-11-15 09:35:36 --> Trying to access array offset on value of type null
in APPPATH\Views\Admin\employerdetails.php on line 131.
 1 APPPATH\Views\Admin\employerdetails.php(131): CodeIgniter\Debug\Exceptions->errorHandler(2, 'Trying to access array offset on value of type null', 'C:\\laragon\\www\\PesoLink\\app\\Views\\Admin\\employerdetails.php', 131)
 2 SYSTEMPATH\View\View.php(226): include('C:\\laragon\\www\\PesoLink\\app\\Views\\Admin\\employerdetails.php')
 3 SYSTEMPATH\View\View.php(229): CodeIgniter\View\View->CodeIgniter\View\{closure}()
 4 SYSTEMPATH\Common.php(1188): CodeIgniter\View\View->render('Admin/employerdetails', [], true)
 5 APPPATH\Controllers\AdminController.php(39): view('Admin/employerdetails', [...])
 6 SYSTEMPATH\CodeIgniter.php(919): App\Controllers\AdminController->empdetails('assets', 'employer', 'plugins', 'bootstrap', 'js', 'bootstrap.bundle.min.js')
 7 SYSTEMPATH\CodeIgniter.php(494): CodeIgniter\CodeIgniter->runController(Object(App\Controllers\AdminController))
 8 SYSTEMPATH\CodeIgniter.php(353): CodeIgniter\CodeIgniter->handleRequest(null, Object(Config\Cache), false)
 9 FCPATH\index.php(79): CodeIgniter\CodeIgniter->run()
10 SYSTEMPATH\Commands\Server\rewrite.php(47): require_once('C:\\laragon\\www\\PesoLink\\public\\index.php')
CRITICAL - 2023-11-15 09:35:36 --> Trying to access array offset on value of type null
in APPPATH\Views\Admin\employerdetails.php on line 131.
 1 APPPATH\Views\Admin\employerdetails.php(131): CodeIgniter\Debug\Exceptions->errorHandler(2, 'Trying to access array offset on value of type null', 'C:\\laragon\\www\\PesoLink\\app\\Views\\Admin\\employerdetails.php', 131)
 2 SYSTEMPATH\View\View.php(226): include('C:\\laragon\\www\\PesoLink\\app\\Views\\Admin\\employerdetails.php')
 3 SYSTEMPATH\View\View.php(229): CodeIgniter\View\View->CodeIgniter\View\{closure}()
 4 SYSTEMPATH\Common.php(1188): CodeIgniter\View\View->render('Admin/employerdetails', [], true)
 5 APPPATH\Controllers\AdminController.php(39): view('Admin/employerdetails', [...])
 6 SYSTEMPATH\CodeIgniter.php(919): App\Controllers\AdminController->empdetails('assets', 'employer', 'plugins', 'bs-custom-file-input', 'bs-custom-file-input.min.js')
 7 SYSTEMPATH\CodeIgniter.php(494): CodeIgniter\CodeIgniter->runController(Object(App\Controllers\AdminController))
 8 SYSTEMPATH\CodeIgniter.php(353): CodeIgniter\CodeIgniter->handleRequest(null, Object(Config\Cache), false)
 9 FCPATH\index.php(79): CodeIgniter\CodeIgniter->run()
10 SYSTEMPATH\Commands\Server\rewrite.php(47): require_once('C:\\laragon\\www\\PesoLink\\public\\index.php')
CRITICAL - 2023-11-15 09:35:36 --> Trying to access array offset on value of type null
in APPPATH\Views\Admin\employerdetails.php on line 131.
 1 APPPATH\Views\Admin\employerdetails.php(131): CodeIgniter\Debug\Exceptions->errorHandler(2, 'Trying to access array offset on value of type null', 'C:\\laragon\\www\\PesoLink\\app\\Views\\Admin\\employerdetails.php', 131)
 2 SYSTEMPATH\View\View.php(226): include('C:\\laragon\\www\\PesoLink\\app\\Views\\Admin\\employerdetails.php')
 3 SYSTEMPATH\View\View.php(229): CodeIgniter\View\View->CodeIgniter\View\{closure}()
 4 SYSTEMPATH\Common.php(1188): CodeIgniter\View\View->render('Admin/employerdetails', [], true)
 5 APPPATH\Controllers\AdminController.php(39): view('Admin/employerdetails', [...])
 6 SYSTEMPATH\CodeIgniter.php(919): App\Controllers\AdminController->empdetails('assets', 'employer', 'dist', 'js', 'adminlte.min.js')
 7 SYSTEMPATH\CodeIgniter.php(494): CodeIgniter\CodeIgniter->runController(Object(App\Controllers\AdminController))
 8 SYSTEMPATH\CodeIgniter.php(353): CodeIgniter\CodeIgniter->handleRequest(null, Object(Config\Cache), false)
 9 FCPATH\index.php(79): CodeIgniter\CodeIgniter->run()
10 SYSTEMPATH\Commands\Server\rewrite.php(47): require_once('C:\\laragon\\www\\PesoLink\\public\\index.php')
CRITICAL - 2023-11-15 09:36:58 --> Invalid file: "Admin/employerdetails/.php"
in SYSTEMPATH\Exceptions\FrameworkException.php on line 39.
 1 SYSTEMPATH\View\View.php(214): CodeIgniter\Exceptions\FrameworkException::forInvalidFile('Admin/employerdetails/.php')
 2 SYSTEMPATH\Common.php(1188): CodeIgniter\View\View->render('Admin/employerdetails/', [], true)
 3 APPPATH\Controllers\AdminController.php(39): view('Admin/employerdetails/', [...])
 4 SYSTEMPATH\CodeIgniter.php(919): App\Controllers\AdminController->empdetails('4')
 5 SYSTEMPATH\CodeIgniter.php(494): CodeIgniter\CodeIgniter->runController(Object(App\Controllers\AdminController))
 6 SYSTEMPATH\CodeIgniter.php(353): CodeIgniter\CodeIgniter->handleRequest(null, Object(Config\Cache), false)
 7 FCPATH\index.php(79): CodeIgniter\CodeIgniter->run()
 8 SYSTEMPATH\Commands\Server\rewrite.php(47): require_once('C:\\laragon\\www\\PesoLink\\public\\index.php')
CRITICAL - 2023-11-15 09:41:54 --> Trying to access array offset on value of type null
in APPPATH\Views\Admin\employerdetails.php on line 131.
 1 APPPATH\Views\Admin\employerdetails.php(131): CodeIgniter\Debug\Exceptions->errorHandler(2, 'Trying to access array offset on value of type null', 'C:\\laragon\\www\\PesoLink\\app\\Views\\Admin\\employerdetails.php', 131)
 2 SYSTEMPATH\View\View.php(226): include('C:\\laragon\\www\\PesoLink\\app\\Views\\Admin\\employerdetails.php')
 3 SYSTEMPATH\View\View.php(229): CodeIgniter\View\View->CodeIgniter\View\{closure}()
 4 SYSTEMPATH\Common.php(1188): CodeIgniter\View\View->render('Admin/employerdetails', [], true)
 5 APPPATH\Controllers\AdminController.php(39): view('Admin/employerdetails', [...])
 6 SYSTEMPATH\CodeIgniter.php(919): App\Controllers\AdminController->empdetails('assets', 'admin', 'plugins', 'fontawesome-free', 'css', 'all.min.css')
 7 SYSTEMPATH\CodeIgniter.php(494): CodeIgniter\CodeIgniter->runController(Object(App\Controllers\AdminController))
 8 SYSTEMPATH\CodeIgniter.php(353): CodeIgniter\CodeIgniter->handleRequest(null, Object(Config\Cache), false)
 9 FCPATH\index.php(79): CodeIgniter\CodeIgniter->run()
10 SYSTEMPATH\Commands\Server\rewrite.php(47): require_once('C:\\laragon\\www\\PesoLink\\public\\index.php')
CRITICAL - 2023-11-15 09:41:54 --> Trying to access array offset on value of type null
in APPPATH\Views\Admin\employerdetails.php on line 131.
 1 APPPATH\Views\Admin\employerdetails.php(131): CodeIgniter\Debug\Exceptions->errorHandler(2, 'Trying to access array offset on value of type null', 'C:\\laragon\\www\\PesoLink\\app\\Views\\Admin\\employerdetails.php', 131)
 2 SYSTEMPATH\View\View.php(226): include('C:\\laragon\\www\\PesoLink\\app\\Views\\Admin\\employerdetails.php')
 3 SYSTEMPATH\View\View.php(229): CodeIgniter\View\View->CodeIgniter\View\{closure}()
 4 SYSTEMPATH\Common.php(1188): CodeIgniter\View\View->render('Admin/employerdetails', [], true)
 5 APPPATH\Controllers\AdminController.php(39): view('Admin/employerdetails', [...])
 6 SYSTEMPATH\CodeIgniter.php(919): App\Controllers\AdminController->empdetails('assets', 'admin', 'dist', 'css', 'adminlte.min.css')
 7 SYSTEMPATH\CodeIgniter.php(494): CodeIgniter\CodeIgniter->runController(Object(App\Controllers\AdminController))
 8 SYSTEMPATH\CodeIgniter.php(353): CodeIgniter\CodeIgniter->handleRequest(null, Object(Config\Cache), false)
 9 FCPATH\index.php(79): CodeIgniter\CodeIgniter->run()
10 SYSTEMPATH\Commands\Server\rewrite.php(47): require_once('C:\\laragon\\www\\PesoLink\\public\\index.php')
CRITICAL - 2023-11-15 09:41:54 --> Trying to access array offset on value of type null
in APPPATH\Views\Admin\employerdetails.php on line 131.
 1 APPPATH\Views\Admin\employerdetails.php(131): CodeIgniter\Debug\Exceptions->errorHandler(2, 'Trying to access array offset on value of type null', 'C:\\laragon\\www\\PesoLink\\app\\Views\\Admin\\employerdetails.php', 131)
 2 SYSTEMPATH\View\View.php(226): include('C:\\laragon\\www\\PesoLink\\app\\Views\\Admin\\employerdetails.php')
 3 SYSTEMPATH\View\View.php(229): CodeIgniter\View\View->CodeIgniter\View\{closure}()
 4 SYSTEMPATH\Common.php(1188): CodeIgniter\View\View->render('Admin/employerdetails', [], true)
 5 APPPATH\Controllers\AdminController.php(39): view('Admin/employerdetails', [...])
 6 SYSTEMPATH\CodeIgniter.php(919): App\Controllers\AdminController->empdetails('assets', 'admin', 'plugins', 'jquery', 'jquery.min.js')
 7 SYSTEMPATH\CodeIgniter.php(494): CodeIgniter\CodeIgniter->runController(Object(App\Controllers\AdminController))
 8 SYSTEMPATH\CodeIgniter.php(353): CodeIgniter\CodeIgniter->handleRequest(null, Object(Config\Cache), false)
 9 FCPATH\index.php(79): CodeIgniter\CodeIgniter->run()
10 SYSTEMPATH\Commands\Server\rewrite.php(47): require_once('C:\\laragon\\www\\PesoLink\\public\\index.php')
CRITICAL - 2023-11-15 09:41:54 --> Trying to access array offset on value of type null
in APPPATH\Views\Admin\employerdetails.php on line 131.
 1 APPPATH\Views\Admin\employerdetails.php(131): CodeIgniter\Debug\Exceptions->errorHandler(2, 'Trying to access array offset on value of type null', 'C:\\laragon\\www\\PesoLink\\app\\Views\\Admin\\employerdetails.php', 131)
 2 SYSTEMPATH\View\View.php(226): include('C:\\laragon\\www\\PesoLink\\app\\Views\\Admin\\employerdetails.php')
 3 SYSTEMPATH\View\View.php(229): CodeIgniter\View\View->CodeIgniter\View\{closure}()
 4 SYSTEMPATH\Common.php(1188): CodeIgniter\View\View->render('Admin/employerdetails', [], true)
 5 APPPATH\Controllers\AdminController.php(39): view('Admin/employerdetails', [...])
 6 SYSTEMPATH\CodeIgniter.php(919): App\Controllers\AdminController->empdetails('assets', 'admin', 'dist', 'img', 'user2-160x160.jpg')
 7 SYSTEMPATH\CodeIgniter.php(494): CodeIgniter\CodeIgniter->runController(Object(App\Controllers\AdminController))
 8 SYSTEMPATH\CodeIgniter.php(353): CodeIgniter\CodeIgniter->handleRequest(null, Object(Config\Cache), false)
 9 FCPATH\index.php(79): CodeIgniter\CodeIgniter->run()
10 SYSTEMPATH\Commands\Server\rewrite.php(47): require_once('C:\\laragon\\www\\PesoLink\\public\\index.php')
CRITICAL - 2023-11-15 09:41:54 --> Trying to access array offset on value of type null
in APPPATH\Views\Admin\employerdetails.php on line 131.
 1 APPPATH\Views\Admin\employerdetails.php(131): CodeIgniter\Debug\Exceptions->errorHandler(2, 'Trying to access array offset on value of type null', 'C:\\laragon\\www\\PesoLink\\app\\Views\\Admin\\employerdetails.php', 131)
 2 SYSTEMPATH\View\View.php(226): include('C:\\laragon\\www\\PesoLink\\app\\Views\\Admin\\employerdetails.php')
 3 SYSTEMPATH\View\View.php(229): CodeIgniter\View\View->CodeIgniter\View\{closure}()
 4 SYSTEMPATH\Common.php(1188): CodeIgniter\View\View->render('Admin/employerdetails', [], true)
 5 APPPATH\Controllers\AdminController.php(39): view('Admin/employerdetails', [...])
 6 SYSTEMPATH\CodeIgniter.php(919): App\Controllers\AdminController->empdetails('assets', 'admin', 'plugins', 'bootstrap', 'js', 'bootstrap.bundle.min.js')
 7 SYSTEMPATH\CodeIgniter.php(494): CodeIgniter\CodeIgniter->runController(Object(App\Controllers\AdminController))
 8 SYSTEMPATH\CodeIgniter.php(353): CodeIgniter\CodeIgniter->handleRequest(null, Object(Config\Cache), false)
 9 FCPATH\index.php(79): CodeIgniter\CodeIgniter->run()
10 SYSTEMPATH\Commands\Server\rewrite.php(47): require_once('C:\\laragon\\www\\PesoLink\\public\\index.php')
CRITICAL - 2023-11-15 09:41:55 --> Trying to access array offset on value of type null
in APPPATH\Views\Admin\employerdetails.php on line 131.
 1 APPPATH\Views\Admin\employerdetails.php(131): CodeIgniter\Debug\Exceptions->errorHandler(2, 'Trying to access array offset on value of type null', 'C:\\laragon\\www\\PesoLink\\app\\Views\\Admin\\employerdetails.php', 131)
 2 SYSTEMPATH\View\View.php(226): include('C:\\laragon\\www\\PesoLink\\app\\Views\\Admin\\employerdetails.php')
 3 SYSTEMPATH\View\View.php(229): CodeIgniter\View\View->CodeIgniter\View\{closure}()
 4 SYSTEMPATH\Common.php(1188): CodeIgniter\View\View->render('Admin/employerdetails', [], true)
 5 APPPATH\Controllers\AdminController.php(39): view('Admin/employerdetails', [...])
 6 SYSTEMPATH\CodeIgniter.php(919): App\Controllers\AdminController->empdetails('assets', 'admin', 'plugins', 'bs-custom-file-input', 'bs-custom-file-input.min.js')
 7 SYSTEMPATH\CodeIgniter.php(494): CodeIgniter\CodeIgniter->runController(Object(App\Controllers\AdminController))
 8 SYSTEMPATH\CodeIgniter.php(353): CodeIgniter\CodeIgniter->handleRequest(null, Object(Config\Cache), false)
 9 FCPATH\index.php(79): CodeIgniter\CodeIgniter->run()
10 SYSTEMPATH\Commands\Server\rewrite.php(47): require_once('C:\\laragon\\www\\PesoLink\\public\\index.php')
CRITICAL - 2023-11-15 09:41:55 --> Trying to access array offset on value of type null
in APPPATH\Views\Admin\employerdetails.php on line 131.
 1 APPPATH\Views\Admin\employerdetails.php(131): CodeIgniter\Debug\Exceptions->errorHandler(2, 'Trying to access array offset on value of type null', 'C:\\laragon\\www\\PesoLink\\app\\Views\\Admin\\employerdetails.php', 131)
 2 SYSTEMPATH\View\View.php(226): include('C:\\laragon\\www\\PesoLink\\app\\Views\\Admin\\employerdetails.php')
 3 SYSTEMPATH\View\View.php(229): CodeIgniter\View\View->CodeIgniter\View\{closure}()
 4 SYSTEMPATH\Common.php(1188): CodeIgniter\View\View->render('Admin/employerdetails', [], true)
 5 APPPATH\Controllers\AdminController.php(39): view('Admin/employerdetails', [...])
 6 SYSTEMPATH\CodeIgniter.php(919): App\Controllers\AdminController->empdetails('assets', 'admin', 'dist', 'js', 'adminlte.min.js')
 7 SYSTEMPATH\CodeIgniter.php(494): CodeIgniter\CodeIgniter->runController(Object(App\Controllers\AdminController))
 8 SYSTEMPATH\CodeIgniter.php(353): CodeIgniter\CodeIgniter->handleRequest(null, Object(Config\Cache), false)
 9 FCPATH\index.php(79): CodeIgniter\CodeIgniter->run()
10 SYSTEMPATH\Commands\Server\rewrite.php(47): require_once('C:\\laragon\\www\\PesoLink\\public\\index.php')
CRITICAL - 2023-11-15 09:41:57 --> Trying to access array offset on value of type null
in APPPATH\Views\Admin\employerdetails.php on line 131.
 1 APPPATH\Views\Admin\employerdetails.php(131): CodeIgniter\Debug\Exceptions->errorHandler(2, 'Trying to access array offset on value of type null', 'C:\\laragon\\www\\PesoLink\\app\\Views\\Admin\\employerdetails.php', 131)
 2 SYSTEMPATH\View\View.php(226): include('C:\\laragon\\www\\PesoLink\\app\\Views\\Admin\\employerdetails.php')
 3 SYSTEMPATH\View\View.php(229): CodeIgniter\View\View->CodeIgniter\View\{closure}()
 4 SYSTEMPATH\Common.php(1188): CodeIgniter\View\View->render('Admin/employerdetails', [], true)
 5 APPPATH\Controllers\AdminController.php(39): view('Admin/employerdetails', [...])
 6 SYSTEMPATH\CodeIgniter.php(919): App\Controllers\AdminController->empdetails('assets', 'admin', 'plugins', 'fontawesome-free', 'css', 'all.min.css')
 7 SYSTEMPATH\CodeIgniter.php(494): CodeIgniter\CodeIgniter->runController(Object(App\Controllers\AdminController))
 8 SYSTEMPATH\CodeIgniter.php(353): CodeIgniter\CodeIgniter->handleRequest(null, Object(Config\Cache), false)
 9 FCPATH\index.php(79): CodeIgniter\CodeIgniter->run()
10 SYSTEMPATH\Commands\Server\rewrite.php(47): require_once('C:\\laragon\\www\\PesoLink\\public\\index.php')
CRITICAL - 2023-11-15 09:41:57 --> Trying to access array offset on value of type null
in APPPATH\Views\Admin\employerdetails.php on line 131.
 1 APPPATH\Views\Admin\employerdetails.php(131): CodeIgniter\Debug\Exceptions->errorHandler(2, 'Trying to access array offset on value of type null', 'C:\\laragon\\www\\PesoLink\\app\\Views\\Admin\\employerdetails.php', 131)
 2 SYSTEMPATH\View\View.php(226): include('C:\\laragon\\www\\PesoLink\\app\\Views\\Admin\\employerdetails.php')
 3 SYSTEMPATH\View\View.php(229): CodeIgniter\View\View->CodeIgniter\View\{closure}()
 4 SYSTEMPATH\Common.php(1188): CodeIgniter\View\View->render('Admin/employerdetails', [], true)
 5 APPPATH\Controllers\AdminController.php(39): view('Admin/employerdetails', [...])
 6 SYSTEMPATH\CodeIgniter.php(919): App\Controllers\AdminController->empdetails('assets', 'admin', 'dist', 'css', 'adminlte.min.css')
 7 SYSTEMPATH\CodeIgniter.php(494): CodeIgniter\CodeIgniter->runController(Object(App\Controllers\AdminController))
 8 SYSTEMPATH\CodeIgniter.php(353): CodeIgniter\CodeIgniter->handleRequest(null, Object(Config\Cache), false)
 9 FCPATH\index.php(79): CodeIgniter\CodeIgniter->run()
10 SYSTEMPATH\Commands\Server\rewrite.php(47): require_once('C:\\laragon\\www\\PesoLink\\public\\index.php')
CRITICAL - 2023-11-15 09:41:57 --> Trying to access array offset on value of type null
in APPPATH\Views\Admin\employerdetails.php on line 131.
 1 APPPATH\Views\Admin\employerdetails.php(131): CodeIgniter\Debug\Exceptions->errorHandler(2, 'Trying to access array offset on value of type null', 'C:\\laragon\\www\\PesoLink\\app\\Views\\Admin\\employerdetails.php', 131)
 2 SYSTEMPATH\View\View.php(226): include('C:\\laragon\\www\\PesoLink\\app\\Views\\Admin\\employerdetails.php')
 3 SYSTEMPATH\View\View.php(229): CodeIgniter\View\View->CodeIgniter\View\{closure}()
 4 SYSTEMPATH\Common.php(1188): CodeIgniter\View\View->render('Admin/employerdetails', [], true)
 5 APPPATH\Controllers\AdminController.php(39): view('Admin/employerdetails', [...])
 6 SYSTEMPATH\CodeIgniter.php(919): App\Controllers\AdminController->empdetails('assets', 'admin', 'plugins', 'jquery', 'jquery.min.js')
 7 SYSTEMPATH\CodeIgniter.php(494): CodeIgniter\CodeIgniter->runController(Object(App\Controllers\AdminController))
 8 SYSTEMPATH\CodeIgniter.php(353): CodeIgniter\CodeIgniter->handleRequest(null, Object(Config\Cache), false)
 9 FCPATH\index.php(79): CodeIgniter\CodeIgniter->run()
10 SYSTEMPATH\Commands\Server\rewrite.php(47): require_once('C:\\laragon\\www\\PesoLink\\public\\index.php')
CRITICAL - 2023-11-15 09:41:57 --> Trying to access array offset on value of type null
in APPPATH\Views\Admin\employerdetails.php on line 131.
 1 APPPATH\Views\Admin\employerdetails.php(131): CodeIgniter\Debug\Exceptions->errorHandler(2, 'Trying to access array offset on value of type null', 'C:\\laragon\\www\\PesoLink\\app\\Views\\Admin\\employerdetails.php', 131)
 2 SYSTEMPATH\View\View.php(226): include('C:\\laragon\\www\\PesoLink\\app\\Views\\Admin\\employerdetails.php')
 3 SYSTEMPATH\View\View.php(229): CodeIgniter\View\View->CodeIgniter\View\{closure}()
 4 SYSTEMPATH\Common.php(1188): CodeIgniter\View\View->render('Admin/employerdetails', [], true)
 5 APPPATH\Controllers\AdminController.php(39): view('Admin/employerdetails', [...])
 6 SYSTEMPATH\CodeIgniter.php(919): App\Controllers\AdminController->empdetails('assets', 'admin', 'dist', 'img', 'user2-160x160.jpg')
 7 SYSTEMPATH\CodeIgniter.php(494): CodeIgniter\CodeIgniter->runController(Object(App\Controllers\AdminController))
 8 SYSTEMPATH\CodeIgniter.php(353): CodeIgniter\CodeIgniter->handleRequest(null, Object(Config\Cache), false)
 9 FCPATH\index.php(79): CodeIgniter\CodeIgniter->run()
10 SYSTEMPATH\Commands\Server\rewrite.php(47): require_once('C:\\laragon\\www\\PesoLink\\public\\index.php')
CRITICAL - 2023-11-15 09:41:57 --> Trying to access array offset on value of type null
in APPPATH\Views\Admin\employerdetails.php on line 131.
 1 APPPATH\Views\Admin\employerdetails.php(131): CodeIgniter\Debug\Exceptions->errorHandler(2, 'Trying to access array offset on value of type null', 'C:\\laragon\\www\\PesoLink\\app\\Views\\Admin\\employerdetails.php', 131)
 2 SYSTEMPATH\View\View.php(226): include('C:\\laragon\\www\\PesoLink\\app\\Views\\Admin\\employerdetails.php')
 3 SYSTEMPATH\View\View.php(229): CodeIgniter\View\View->CodeIgniter\View\{closure}()
 4 SYSTEMPATH\Common.php(1188): CodeIgniter\View\View->render('Admin/employerdetails', [], true)
 5 APPPATH\Controllers\AdminController.php(39): view('Admin/employerdetails', [...])
 6 SYSTEMPATH\CodeIgniter.php(919): App\Controllers\AdminController->empdetails('assets', 'admin', 'plugins', 'bootstrap', 'js', 'bootstrap.bundle.min.js')
 7 SYSTEMPATH\CodeIgniter.php(494): CodeIgniter\CodeIgniter->runController(Object(App\Controllers\AdminController))
 8 SYSTEMPATH\CodeIgniter.php(353): CodeIgniter\CodeIgniter->handleRequest(null, Object(Config\Cache), false)
 9 FCPATH\index.php(79): CodeIgniter\CodeIgniter->run()
10 SYSTEMPATH\Commands\Server\rewrite.php(47): require_once('C:\\laragon\\www\\PesoLink\\public\\index.php')
CRITICAL - 2023-11-15 09:41:57 --> Trying to access array offset on value of type null
in APPPATH\Views\Admin\employerdetails.php on line 131.
 1 APPPATH\Views\Admin\employerdetails.php(131): CodeIgniter\Debug\Exceptions->errorHandler(2, 'Trying to access array offset on value of type null', 'C:\\laragon\\www\\PesoLink\\app\\Views\\Admin\\employerdetails.php', 131)
 2 SYSTEMPATH\View\View.php(226): include('C:\\laragon\\www\\PesoLink\\app\\Views\\Admin\\employerdetails.php')
 3 SYSTEMPATH\View\View.php(229): CodeIgniter\View\View->CodeIgniter\View\{closure}()
 4 SYSTEMPATH\Common.php(1188): CodeIgniter\View\View->render('Admin/employerdetails', [], true)
 5 APPPATH\Controllers\AdminController.php(39): view('Admin/employerdetails', [...])
 6 SYSTEMPATH\CodeIgniter.php(919): App\Controllers\AdminController->empdetails('assets', 'admin', 'plugins', 'bs-custom-file-input', 'bs-custom-file-input.min.js')
 7 SYSTEMPATH\CodeIgniter.php(494): CodeIgniter\CodeIgniter->runController(Object(App\Controllers\AdminController))
 8 SYSTEMPATH\CodeIgniter.php(353): CodeIgniter\CodeIgniter->handleRequest(null, Object(Config\Cache), false)
 9 FCPATH\index.php(79): CodeIgniter\CodeIgniter->run()
10 SYSTEMPATH\Commands\Server\rewrite.php(47): require_once('C:\\laragon\\www\\PesoLink\\public\\index.php')
CRITICAL - 2023-11-15 09:41:57 --> Trying to access array offset on value of type null
in APPPATH\Views\Admin\employerdetails.php on line 131.
 1 APPPATH\Views\Admin\employerdetails.php(131): CodeIgniter\Debug\Exceptions->errorHandler(2, 'Trying to access array offset on value of type null', 'C:\\laragon\\www\\PesoLink\\app\\Views\\Admin\\employerdetails.php', 131)
 2 SYSTEMPATH\View\View.php(226): include('C:\\laragon\\www\\PesoLink\\app\\Views\\Admin\\employerdetails.php')
 3 SYSTEMPATH\View\View.php(229): CodeIgniter\View\View->CodeIgniter\View\{closure}()
 4 SYSTEMPATH\Common.php(1188): CodeIgniter\View\View->render('Admin/employerdetails', [], true)
 5 APPPATH\Controllers\AdminController.php(39): view('Admin/employerdetails', [...])
 6 SYSTEMPATH\CodeIgniter.php(919): App\Controllers\AdminController->empdetails('assets', 'admin', 'dist', 'js', 'adminlte.min.js')
 7 SYSTEMPATH\CodeIgniter.php(494): CodeIgniter\CodeIgniter->runController(Object(App\Controllers\AdminController))
 8 SYSTEMPATH\CodeIgniter.php(353): CodeIgniter\CodeIgniter->handleRequest(null, Object(Config\Cache), false)
 9 FCPATH\index.php(79): CodeIgniter\CodeIgniter->run()
10 SYSTEMPATH\Commands\Server\rewrite.php(47): require_once('C:\\laragon\\www\\PesoLink\\public\\index.php')
CRITICAL - 2023-11-15 09:41:57 --> Trying to access array offset on value of type null
in APPPATH\Views\Admin\employerdetails.php on line 131.
 1 APPPATH\Views\Admin\employerdetails.php(131): CodeIgniter\Debug\Exceptions->errorHandler(2, 'Trying to access array offset on value of type null', 'C:\\laragon\\www\\PesoLink\\app\\Views\\Admin\\employerdetails.php', 131)
 2 SYSTEMPATH\View\View.php(226): include('C:\\laragon\\www\\PesoLink\\app\\Views\\Admin\\employerdetails.php')
 3 SYSTEMPATH\View\View.php(229): CodeIgniter\View\View->CodeIgniter\View\{closure}()
 4 SYSTEMPATH\Common.php(1188): CodeIgniter\View\View->render('Admin/employerdetails', [], true)
 5 APPPATH\Controllers\AdminController.php(39): view('Admin/employerdetails', [...])
 6 SYSTEMPATH\CodeIgniter.php(919): App\Controllers\AdminController->empdetails('assets', 'admin', 'plugins', 'fontawesome-free', 'css', 'all.min.css')
 7 SYSTEMPATH\CodeIgniter.php(494): CodeIgniter\CodeIgniter->runController(Object(App\Controllers\AdminController))
 8 SYSTEMPATH\CodeIgniter.php(353): CodeIgniter\CodeIgniter->handleRequest(null, Object(Config\Cache), false)
 9 FCPATH\index.php(79): CodeIgniter\CodeIgniter->run()
10 SYSTEMPATH\Commands\Server\rewrite.php(47): require_once('C:\\laragon\\www\\PesoLink\\public\\index.php')
CRITICAL - 2023-11-15 09:41:57 --> Trying to access array offset on value of type null
in APPPATH\Views\Admin\employerdetails.php on line 131.
 1 APPPATH\Views\Admin\employerdetails.php(131): CodeIgniter\Debug\Exceptions->errorHandler(2, 'Trying to access array offset on value of type null', 'C:\\laragon\\www\\PesoLink\\app\\Views\\Admin\\employerdetails.php', 131)
 2 SYSTEMPATH\View\View.php(226): include('C:\\laragon\\www\\PesoLink\\app\\Views\\Admin\\employerdetails.php')
 3 SYSTEMPATH\View\View.php(229): CodeIgniter\View\View->CodeIgniter\View\{closure}()
 4 SYSTEMPATH\Common.php(1188): CodeIgniter\View\View->render('Admin/employerdetails', [], true)
 5 APPPATH\Controllers\AdminController.php(39): view('Admin/employerdetails', [...])
 6 SYSTEMPATH\CodeIgniter.php(919): App\Controllers\AdminController->empdetails('assets', 'admin', 'dist', 'css', 'adminlte.min.css')
 7 SYSTEMPATH\CodeIgniter.php(494): CodeIgniter\CodeIgniter->runController(Object(App\Controllers\AdminController))
 8 SYSTEMPATH\CodeIgniter.php(353): CodeIgniter\CodeIgniter->handleRequest(null, Object(Config\Cache), false)
 9 FCPATH\index.php(79): CodeIgniter\CodeIgniter->run()
10 SYSTEMPATH\Commands\Server\rewrite.php(47): require_once('C:\\laragon\\www\\PesoLink\\public\\index.php')
CRITICAL - 2023-11-15 09:41:57 --> Trying to access array offset on value of type null
in APPPATH\Views\Admin\employerdetails.php on line 131.
 1 APPPATH\Views\Admin\employerdetails.php(131): CodeIgniter\Debug\Exceptions->errorHandler(2, 'Trying to access array offset on value of type null', 'C:\\laragon\\www\\PesoLink\\app\\Views\\Admin\\employerdetails.php', 131)
 2 SYSTEMPATH\View\View.php(226): include('C:\\laragon\\www\\PesoLink\\app\\Views\\Admin\\employerdetails.php')
 3 SYSTEMPATH\View\View.php(229): CodeIgniter\View\View->CodeIgniter\View\{closure}()
 4 SYSTEMPATH\Common.php(1188): CodeIgniter\View\View->render('Admin/employerdetails', [], true)
 5 APPPATH\Controllers\AdminController.php(39): view('Admin/employerdetails', [...])
 6 SYSTEMPATH\CodeIgniter.php(919): App\Controllers\AdminController->empdetails('assets', 'admin', 'plugins', 'jquery', 'jquery.min.js')
 7 SYSTEMPATH\CodeIgniter.php(494): CodeIgniter\CodeIgniter->runController(Object(App\Controllers\AdminController))
 8 SYSTEMPATH\CodeIgniter.php(353): CodeIgniter\CodeIgniter->handleRequest(null, Object(Config\Cache), false)
 9 FCPATH\index.php(79): CodeIgniter\CodeIgniter->run()
10 SYSTEMPATH\Commands\Server\rewrite.php(47): require_once('C:\\laragon\\www\\PesoLink\\public\\index.php')
CRITICAL - 2023-11-15 09:41:57 --> Trying to access array offset on value of type null
in APPPATH\Views\Admin\employerdetails.php on line 131.
 1 APPPATH\Views\Admin\employerdetails.php(131): CodeIgniter\Debug\Exceptions->errorHandler(2, 'Trying to access array offset on value of type null', 'C:\\laragon\\www\\PesoLink\\app\\Views\\Admin\\employerdetails.php', 131)
 2 SYSTEMPATH\View\View.php(226): include('C:\\laragon\\www\\PesoLink\\app\\Views\\Admin\\employerdetails.php')
 3 SYSTEMPATH\View\View.php(229): CodeIgniter\View\View->CodeIgniter\View\{closure}()
 4 SYSTEMPATH\Common.php(1188): CodeIgniter\View\View->render('Admin/employerdetails', [], true)
 5 APPPATH\Controllers\AdminController.php(39): view('Admin/employerdetails', [...])
 6 SYSTEMPATH\CodeIgniter.php(919): App\Controllers\AdminController->empdetails('assets', 'admin', 'dist', 'img', 'user2-160x160.jpg')
 7 SYSTEMPATH\CodeIgniter.php(494): CodeIgniter\CodeIgniter->runController(Object(App\Controllers\AdminController))
 8 SYSTEMPATH\CodeIgniter.php(353): CodeIgniter\CodeIgniter->handleRequest(null, Object(Config\Cache), false)
 9 FCPATH\index.php(79): CodeIgniter\CodeIgniter->run()
10 SYSTEMPATH\Commands\Server\rewrite.php(47): require_once('C:\\laragon\\www\\PesoLink\\public\\index.php')
CRITICAL - 2023-11-15 09:41:57 --> Trying to access array offset on value of type null
in APPPATH\Views\Admin\employerdetails.php on line 131.
 1 APPPATH\Views\Admin\employerdetails.php(131): CodeIgniter\Debug\Exceptions->errorHandler(2, 'Trying to access array offset on value of type null', 'C:\\laragon\\www\\PesoLink\\app\\Views\\Admin\\employerdetails.php', 131)
 2 SYSTEMPATH\View\View.php(226): include('C:\\laragon\\www\\PesoLink\\app\\Views\\Admin\\employerdetails.php')
 3 SYSTEMPATH\View\View.php(229): CodeIgniter\View\View->CodeIgniter\View\{closure}()
 4 SYSTEMPATH\Common.php(1188): CodeIgniter\View\View->render('Admin/employerdetails', [], true)
 5 APPPATH\Controllers\AdminController.php(39): view('Admin/employerdetails', [...])
 6 SYSTEMPATH\CodeIgniter.php(919): App\Controllers\AdminController->empdetails('assets', 'admin', 'plugins', 'bootstrap', 'js', 'bootstrap.bundle.min.js')
 7 SYSTEMPATH\CodeIgniter.php(494): CodeIgniter\CodeIgniter->runController(Object(App\Controllers\AdminController))
 8 SYSTEMPATH\CodeIgniter.php(353): CodeIgniter\CodeIgniter->handleRequest(null, Object(Config\Cache), false)
 9 FCPATH\index.php(79): CodeIgniter\CodeIgniter->run()
10 SYSTEMPATH\Commands\Server\rewrite.php(47): require_once('C:\\laragon\\www\\PesoLink\\public\\index.php')
CRITICAL - 2023-11-15 09:41:57 --> Trying to access array offset on value of type null
in APPPATH\Views\Admin\employerdetails.php on line 131.
 1 APPPATH\Views\Admin\employerdetails.php(131): CodeIgniter\Debug\Exceptions->errorHandler(2, 'Trying to access array offset on value of type null', 'C:\\laragon\\www\\PesoLink\\app\\Views\\Admin\\employerdetails.php', 131)
 2 SYSTEMPATH\View\View.php(226): include('C:\\laragon\\www\\PesoLink\\app\\Views\\Admin\\employerdetails.php')
 3 SYSTEMPATH\View\View.php(229): CodeIgniter\View\View->CodeIgniter\View\{closure}()
 4 SYSTEMPATH\Common.php(1188): CodeIgniter\View\View->render('Admin/employerdetails', [], true)
 5 APPPATH\Controllers\AdminController.php(39): view('Admin/employerdetails', [...])
 6 SYSTEMPATH\CodeIgniter.php(919): App\Controllers\AdminController->empdetails('assets', 'admin', 'plugins', 'bs-custom-file-input', 'bs-custom-file-input.min.js')
 7 SYSTEMPATH\CodeIgniter.php(494): CodeIgniter\CodeIgniter->runController(Object(App\Controllers\AdminController))
 8 SYSTEMPATH\CodeIgniter.php(353): CodeIgniter\CodeIgniter->handleRequest(null, Object(Config\Cache), false)
 9 FCPATH\index.php(79): CodeIgniter\CodeIgniter->run()
10 SYSTEMPATH\Commands\Server\rewrite.php(47): require_once('C:\\laragon\\www\\PesoLink\\public\\index.php')
CRITICAL - 2023-11-15 09:41:58 --> Trying to access array offset on value of type null
in APPPATH\Views\Admin\employerdetails.php on line 131.
 1 APPPATH\Views\Admin\employerdetails.php(131): CodeIgniter\Debug\Exceptions->errorHandler(2, 'Trying to access array offset on value of type null', 'C:\\laragon\\www\\PesoLink\\app\\Views\\Admin\\employerdetails.php', 131)
 2 SYSTEMPATH\View\View.php(226): include('C:\\laragon\\www\\PesoLink\\app\\Views\\Admin\\employerdetails.php')
 3 SYSTEMPATH\View\View.php(229): CodeIgniter\View\View->CodeIgniter\View\{closure}()
 4 SYSTEMPATH\Common.php(1188): CodeIgniter\View\View->render('Admin/employerdetails', [], true)
 5 APPPATH\Controllers\AdminController.php(39): view('Admin/employerdetails', [...])
 6 SYSTEMPATH\CodeIgniter.php(919): App\Controllers\AdminController->empdetails('assets', 'admin', 'dist', 'js', 'adminlte.min.js')
 7 SYSTEMPATH\CodeIgniter.php(494): CodeIgniter\CodeIgniter->runController(Object(App\Controllers\AdminController))
 8 SYSTEMPATH\CodeIgniter.php(353): CodeIgniter\CodeIgniter->handleRequest(null, Object(Config\Cache), false)
 9 FCPATH\index.php(79): CodeIgniter\CodeIgniter->run()
10 SYSTEMPATH\Commands\Server\rewrite.php(47): require_once('C:\\laragon\\www\\PesoLink\\public\\index.php')
CRITICAL - 2023-11-15 09:44:40 --> Trying to access array offset on value of type null
in APPPATH\Views\Admin\employerdetails.php on line 131.
 1 APPPATH\Views\Admin\employerdetails.php(131): CodeIgniter\Debug\Exceptions->errorHandler(2, 'Trying to access array offset on value of type null', 'C:\\laragon\\www\\PesoLink\\app\\Views\\Admin\\employerdetails.php', 131)
 2 SYSTEMPATH\View\View.php(226): include('C:\\laragon\\www\\PesoLink\\app\\Views\\Admin\\employerdetails.php')
 3 SYSTEMPATH\View\View.php(229): CodeIgniter\View\View->CodeIgniter\View\{closure}()
 4 SYSTEMPATH\Common.php(1188): CodeIgniter\View\View->render('Admin/employerdetails', [], true)
 5 APPPATH\Controllers\AdminController.php(39): view('Admin/employerdetails', [...])
 6 SYSTEMPATH\CodeIgniter.php(919): App\Controllers\AdminController->empdetails('assets', 'admin', 'plugins', 'fontawesome-free', 'css', 'all.min.css')
 7 SYSTEMPATH\CodeIgniter.php(494): CodeIgniter\CodeIgniter->runController(Object(App\Controllers\AdminController))
 8 SYSTEMPATH\CodeIgniter.php(353): CodeIgniter\CodeIgniter->handleRequest(null, Object(Config\Cache), false)
 9 FCPATH\index.php(79): CodeIgniter\CodeIgniter->run()
10 SYSTEMPATH\Commands\Server\rewrite.php(47): require_once('C:\\laragon\\www\\PesoLink\\public\\index.php')
CRITICAL - 2023-11-15 09:44:40 --> Trying to access array offset on value of type null
in APPPATH\Views\Admin\employerdetails.php on line 131.
 1 APPPATH\Views\Admin\employerdetails.php(131): CodeIgniter\Debug\Exceptions->errorHandler(2, 'Trying to access array offset on value of type null', 'C:\\laragon\\www\\PesoLink\\app\\Views\\Admin\\employerdetails.php', 131)
 2 SYSTEMPATH\View\View.php(226): include('C:\\laragon\\www\\PesoLink\\app\\Views\\Admin\\employerdetails.php')
 3 SYSTEMPATH\View\View.php(229): CodeIgniter\View\View->CodeIgniter\View\{closure}()
 4 SYSTEMPATH\Common.php(1188): CodeIgniter\View\View->render('Admin/employerdetails', [], true)
 5 APPPATH\Controllers\AdminController.php(39): view('Admin/employerdetails', [...])
 6 SYSTEMPATH\CodeIgniter.php(919): App\Controllers\AdminController->empdetails('assets', 'admin', 'dist', 'css', 'adminlte.min.css')
 7 SYSTEMPATH\CodeIgniter.php(494): CodeIgniter\CodeIgniter->runController(Object(App\Controllers\AdminController))
 8 SYSTEMPATH\CodeIgniter.php(353): CodeIgniter\CodeIgniter->handleRequest(null, Object(Config\Cache), false)
 9 FCPATH\index.php(79): CodeIgniter\CodeIgniter->run()
10 SYSTEMPATH\Commands\Server\rewrite.php(47): require_once('C:\\laragon\\www\\PesoLink\\public\\index.php')
CRITICAL - 2023-11-15 09:44:40 --> Trying to access array offset on value of type null
in APPPATH\Views\Admin\employerdetails.php on line 131.
 1 APPPATH\Views\Admin\employerdetails.php(131): CodeIgniter\Debug\Exceptions->errorHandler(2, 'Trying to access array offset on value of type null', 'C:\\laragon\\www\\PesoLink\\app\\Views\\Admin\\employerdetails.php', 131)
 2 SYSTEMPATH\View\View.php(226): include('C:\\laragon\\www\\PesoLink\\app\\Views\\Admin\\employerdetails.php')
 3 SYSTEMPATH\View\View.php(229): CodeIgniter\View\View->CodeIgniter\View\{closure}()
 4 SYSTEMPATH\Common.php(1188): CodeIgniter\View\View->render('Admin/employerdetails', [], true)
 5 APPPATH\Controllers\AdminController.php(39): view('Admin/employerdetails', [...])
 6 SYSTEMPATH\CodeIgniter.php(919): App\Controllers\AdminController->empdetails('assets', 'admin', 'plugins', 'jquery', 'jquery.min.js')
 7 SYSTEMPATH\CodeIgniter.php(494): CodeIgniter\CodeIgniter->runController(Object(App\Controllers\AdminController))
 8 SYSTEMPATH\CodeIgniter.php(353): CodeIgniter\CodeIgniter->handleRequest(null, Object(Config\Cache), false)
 9 FCPATH\index.php(79): CodeIgniter\CodeIgniter->run()
10 SYSTEMPATH\Commands\Server\rewrite.php(47): require_once('C:\\laragon\\www\\PesoLink\\public\\index.php')
CRITICAL - 2023-11-15 09:44:40 --> Trying to access array offset on value of type null
in APPPATH\Views\Admin\employerdetails.php on line 131.
 1 APPPATH\Views\Admin\employerdetails.php(131): CodeIgniter\Debug\Exceptions->errorHandler(2, 'Trying to access array offset on value of type null', 'C:\\laragon\\www\\PesoLink\\app\\Views\\Admin\\employerdetails.php', 131)
 2 SYSTEMPATH\View\View.php(226): include('C:\\laragon\\www\\PesoLink\\app\\Views\\Admin\\employerdetails.php')
 3 SYSTEMPATH\View\View.php(229): CodeIgniter\View\View->CodeIgniter\View\{closure}()
 4 SYSTEMPATH\Common.php(1188): CodeIgniter\View\View->render('Admin/employerdetails', [], true)
 5 APPPATH\Controllers\AdminController.php(39): view('Admin/employerdetails', [...])
 6 SYSTEMPATH\CodeIgniter.php(919): App\Controllers\AdminController->empdetails('assets', 'admin', 'dist', 'img', 'user2-160x160.jpg')
 7 SYSTEMPATH\CodeIgniter.php(494): CodeIgniter\CodeIgniter->runController(Object(App\Controllers\AdminController))
 8 SYSTEMPATH\CodeIgniter.php(353): CodeIgniter\CodeIgniter->handleRequest(null, Object(Config\Cache), false)
 9 FCPATH\index.php(79): CodeIgniter\CodeIgniter->run()
10 SYSTEMPATH\Commands\Server\rewrite.php(47): require_once('C:\\laragon\\www\\PesoLink\\public\\index.php')
CRITICAL - 2023-11-15 09:44:40 --> Trying to access array offset on value of type null
in APPPATH\Views\Admin\employerdetails.php on line 131.
 1 APPPATH\Views\Admin\employerdetails.php(131): CodeIgniter\Debug\Exceptions->errorHandler(2, 'Trying to access array offset on value of type null', 'C:\\laragon\\www\\PesoLink\\app\\Views\\Admin\\employerdetails.php', 131)
 2 SYSTEMPATH\View\View.php(226): include('C:\\laragon\\www\\PesoLink\\app\\Views\\Admin\\employerdetails.php')
 3 SYSTEMPATH\View\View.php(229): CodeIgniter\View\View->CodeIgniter\View\{closure}()
 4 SYSTEMPATH\Common.php(1188): CodeIgniter\View\View->render('Admin/employerdetails', [], true)
 5 APPPATH\Controllers\AdminController.php(39): view('Admin/employerdetails', [...])
 6 SYSTEMPATH\CodeIgniter.php(919): App\Controllers\AdminController->empdetails('assets', 'admin', 'plugins', 'bootstrap', 'js', 'bootstrap.bundle.min.js')
 7 SYSTEMPATH\CodeIgniter.php(494): CodeIgniter\CodeIgniter->runController(Object(App\Controllers\AdminController))
 8 SYSTEMPATH\CodeIgniter.php(353): CodeIgniter\CodeIgniter->handleRequest(null, Object(Config\Cache), false)
 9 FCPATH\index.php(79): CodeIgniter\CodeIgniter->run()
10 SYSTEMPATH\Commands\Server\rewrite.php(47): require_once('C:\\laragon\\www\\PesoLink\\public\\index.php')
CRITICAL - 2023-11-15 09:44:40 --> Trying to access array offset on value of type null
in APPPATH\Views\Admin\employerdetails.php on line 131.
 1 APPPATH\Views\Admin\employerdetails.php(131): CodeIgniter\Debug\Exceptions->errorHandler(2, 'Trying to access array offset on value of type null', 'C:\\laragon\\www\\PesoLink\\app\\Views\\Admin\\employerdetails.php', 131)
 2 SYSTEMPATH\View\View.php(226): include('C:\\laragon\\www\\PesoLink\\app\\Views\\Admin\\employerdetails.php')
 3 SYSTEMPATH\View\View.php(229): CodeIgniter\View\View->CodeIgniter\View\{closure}()
 4 SYSTEMPATH\Common.php(1188): CodeIgniter\View\View->render('Admin/employerdetails', [], true)
 5 APPPATH\Controllers\AdminController.php(39): view('Admin/employerdetails', [...])
 6 SYSTEMPATH\CodeIgniter.php(919): App\Controllers\AdminController->empdetails('assets', 'admin', 'plugins', 'bs-custom-file-input', 'bs-custom-file-input.min.js')
 7 SYSTEMPATH\CodeIgniter.php(494): CodeIgniter\CodeIgniter->runController(Object(App\Controllers\AdminController))
 8 SYSTEMPATH\CodeIgniter.php(353): CodeIgniter\CodeIgniter->handleRequest(null, Object(Config\Cache), false)
 9 FCPATH\index.php(79): CodeIgniter\CodeIgniter->run()
10 SYSTEMPATH\Commands\Server\rewrite.php(47): require_once('C:\\laragon\\www\\PesoLink\\public\\index.php')
CRITICAL - 2023-11-15 09:44:41 --> Trying to access array offset on value of type null
in APPPATH\Views\Admin\employerdetails.php on line 131.
 1 APPPATH\Views\Admin\employerdetails.php(131): CodeIgniter\Debug\Exceptions->errorHandler(2, 'Trying to access array offset on value of type null', 'C:\\laragon\\www\\PesoLink\\app\\Views\\Admin\\employerdetails.php', 131)
 2 SYSTEMPATH\View\View.php(226): include('C:\\laragon\\www\\PesoLink\\app\\Views\\Admin\\employerdetails.php')
 3 SYSTEMPATH\View\View.php(229): CodeIgniter\View\View->CodeIgniter\View\{closure}()
 4 SYSTEMPATH\Common.php(1188): CodeIgniter\View\View->render('Admin/employerdetails', [], true)
 5 APPPATH\Controllers\AdminController.php(39): view('Admin/employerdetails', [...])
 6 SYSTEMPATH\CodeIgniter.php(919): App\Controllers\AdminController->empdetails('assets', 'admin', 'dist', 'js', 'adminlte.min.js')
 7 SYSTEMPATH\CodeIgniter.php(494): CodeIgniter\CodeIgniter->runController(Object(App\Controllers\AdminController))
 8 SYSTEMPATH\CodeIgniter.php(353): CodeIgniter\CodeIgniter->handleRequest(null, Object(Config\Cache), false)
 9 FCPATH\index.php(79): CodeIgniter\CodeIgniter->run()
10 SYSTEMPATH\Commands\Server\rewrite.php(47): require_once('C:\\laragon\\www\\PesoLink\\public\\index.php')
CRITICAL - 2023-11-15 22:22:35 --> Undefined variable $vacancy_id
in APPPATH\Controllers\EmployerController.php on line 42.
 1 APPPATH\Controllers\EmployerController.php(42): CodeIgniter\Debug\Exceptions->errorHandler(2, 'Undefined variable $vacancy_id', 'C:\\laragon\\www\\PesoLink\\app\\Controllers\\EmployerController.php', 42)
 2 SYSTEMPATH\CodeIgniter.php(919): App\Controllers\EmployerController->jobdetails('18')
 3 SYSTEMPATH\CodeIgniter.php(494): CodeIgniter\CodeIgniter->runController(Object(App\Controllers\EmployerController))
 4 SYSTEMPATH\CodeIgniter.php(353): CodeIgniter\CodeIgniter->handleRequest(null, Object(Config\Cache), false)
 5 FCPATH\index.php(79): CodeIgniter\CodeIgniter->run()
 6 SYSTEMPATH\Commands\Server\rewrite.php(47): require_once('C:\\laragon\\www\\PesoLink\\public\\index.php')
CRITICAL - 2023-11-15 22:29:50 --> syntax error, unexpected double-quoted string " class=", expecting "," or ";"
in APPPATH\Views\Employer\jobdetails.php on line 67.
 1 SYSTEMPATH\View\View.php(229): CodeIgniter\View\View->CodeIgniter\View\{closure}()
 2 SYSTEMPATH\Common.php(1188): CodeIgniter\View\View->render('Employer/jobdetails', [], true)
 3 APPPATH\Controllers\EmployerController.php(44): view('Employer/jobdetails', [...])
 4 SYSTEMPATH\CodeIgniter.php(919): App\Controllers\EmployerController->jobdetails('18')
 5 SYSTEMPATH\CodeIgniter.php(494): CodeIgniter\CodeIgniter->runController(Object(App\Controllers\EmployerController))
 6 SYSTEMPATH\CodeIgniter.php(353): CodeIgniter\CodeIgniter->handleRequest(null, Object(Config\Cache), false)
 7 FCPATH\index.php(79): CodeIgniter\CodeIgniter->run()
 8 SYSTEMPATH\Commands\Server\rewrite.php(47): require_once('C:\\laragon\\www\\PesoLink\\public\\index.php')
CRITICAL - 2023-11-15 22:29:58 --> syntax error, unexpected double-quoted string " class=", expecting "," or ";"
in APPPATH\Views\Employer\jobdetails.php on line 67.
 1 SYSTEMPATH\View\View.php(229): CodeIgniter\View\View->CodeIgniter\View\{closure}()
 2 SYSTEMPATH\Common.php(1188): CodeIgniter\View\View->render('Employer/jobdetails', [], true)
 3 APPPATH\Controllers\EmployerController.php(44): view('Employer/jobdetails', [...])
 4 SYSTEMPATH\CodeIgniter.php(919): App\Controllers\EmployerController->jobdetails('18')
 5 SYSTEMPATH\CodeIgniter.php(494): CodeIgniter\CodeIgniter->runController(Object(App\Controllers\EmployerController))
 6 SYSTEMPATH\CodeIgniter.php(353): CodeIgniter\CodeIgniter->handleRequest(null, Object(Config\Cache), false)
 7 FCPATH\index.php(79): CodeIgniter\CodeIgniter->run()
 8 SYSTEMPATH\Commands\Server\rewrite.php(47): require_once('C:\\laragon\\www\\PesoLink\\public\\index.php')
