CRITICAL - 2023-11-13 00:58:44 --> syntax error, unexpected token ","
in APPPATH\Controllers\EmployerController.php on line 121.
 1 SYSTEMPATH\Autoloader\Autoloader.php(285): CodeIgniter\Autoloader\Autoloader->includeFile('D:\\laragon\\www\\PesoLink\\app\\Controllers\\EmployerController.php')
 2 SYSTEMPATH\Autoloader\Autoloader.php(263): CodeIgniter\Autoloader\Autoloader->loadInNamespace('App\\Controllers\\EmployerController')
 3 [internal function]: CodeIgniter\Autoloader\Autoloader->loadClass('App\\Controllers\\EmployerController')
 4 SYSTEMPATH\CodeIgniter.php(877): class_exists('\\App\\Controllers\\EmployerController', true)
 5 SYSTEMPATH\CodeIgniter.php(481): CodeIgniter\CodeIgniter->startController()
 6 SYSTEMPATH\CodeIgniter.php(353): CodeIgniter\CodeIgniter->handleRequest(null, Object(Config\Cache), false)
 7 FCPATH\index.php(79): CodeIgniter\CodeIgniter->run()
 8 SYSTEMPATH\Commands\Server\rewrite.php(47): require_once('D:\\laragon\\www\\PesoLink\\public\\index.php')
CRITICAL - 2023-11-13 01:02:10 --> syntax error, unexpected token ","
in APPPATH\Controllers\EmployerController.php on line 121.
 1 SYSTEMPATH\Autoloader\Autoloader.php(285): CodeIgniter\Autoloader\Autoloader->includeFile('D:\\laragon\\www\\PesoLink\\app\\Controllers\\EmployerController.php')
 2 SYSTEMPATH\Autoloader\Autoloader.php(263): CodeIgniter\Autoloader\Autoloader->loadInNamespace('App\\Controllers\\EmployerController')
 3 [internal function]: CodeIgniter\Autoloader\Autoloader->loadClass('App\\Controllers\\EmployerController')
 4 SYSTEMPATH\CodeIgniter.php(877): class_exists('\\App\\Controllers\\EmployerController', true)
 5 SYSTEMPATH\CodeIgniter.php(481): CodeIgniter\CodeIgniter->startController()
 6 SYSTEMPATH\CodeIgniter.php(353): CodeIgniter\CodeIgniter->handleRequest(null, Object(Config\Cache), false)
 7 FCPATH\index.php(79): CodeIgniter\CodeIgniter->run()
 8 SYSTEMPATH\Commands\Server\rewrite.php(47): require_once('D:\\laragon\\www\\PesoLink\\public\\index.php')
CRITICAL - 2023-11-13 01:02:11 --> syntax error, unexpected token ","
in APPPATH\Controllers\EmployerController.php on line 121.
 1 SYSTEMPATH\Autoloader\Autoloader.php(285): CodeIgniter\Autoloader\Autoloader->includeFile('D:\\laragon\\www\\PesoLink\\app\\Controllers\\EmployerController.php')
 2 SYSTEMPATH\Autoloader\Autoloader.php(263): CodeIgniter\Autoloader\Autoloader->loadInNamespace('App\\Controllers\\EmployerController')
 3 [internal function]: CodeIgniter\Autoloader\Autoloader->loadClass('App\\Controllers\\EmployerController')
 4 SYSTEMPATH\CodeIgniter.php(877): class_exists('\\App\\Controllers\\EmployerController', true)
 5 SYSTEMPATH\CodeIgniter.php(481): CodeIgniter\CodeIgniter->startController()
 6 SYSTEMPATH\CodeIgniter.php(353): CodeIgniter\CodeIgniter->handleRequest(null, Object(Config\Cache), false)
 7 FCPATH\index.php(79): CodeIgniter\CodeIgniter->run()
 8 SYSTEMPATH\Commands\Server\rewrite.php(47): require_once('D:\\laragon\\www\\PesoLink\\public\\index.php')
CRITICAL - 2023-11-13 01:02:11 --> syntax error, unexpected token ","
in APPPATH\Controllers\EmployerController.php on line 121.
 1 SYSTEMPATH\Autoloader\Autoloader.php(285): CodeIgniter\Autoloader\Autoloader->includeFile('D:\\laragon\\www\\PesoLink\\app\\Controllers\\EmployerController.php')
 2 SYSTEMPATH\Autoloader\Autoloader.php(263): CodeIgniter\Autoloader\Autoloader->loadInNamespace('App\\Controllers\\EmployerController')
 3 [internal function]: CodeIgniter\Autoloader\Autoloader->loadClass('App\\Controllers\\EmployerController')
 4 SYSTEMPATH\CodeIgniter.php(877): class_exists('\\App\\Controllers\\EmployerController', true)
 5 SYSTEMPATH\CodeIgniter.php(481): CodeIgniter\CodeIgniter->startController()
 6 SYSTEMPATH\CodeIgniter.php(353): CodeIgniter\CodeIgniter->handleRequest(null, Object(Config\Cache), false)
 7 FCPATH\index.php(79): CodeIgniter\CodeIgniter->run()
 8 SYSTEMPATH\Commands\Server\rewrite.php(47): require_once('D:\\laragon\\www\\PesoLink\\public\\index.php')
ERROR - 2023-11-13 01:50:56 --> mysqli_sql_exception: Unknown column 'email' in 'where clause' in D:\laragon\www\PesoLink\system\Database\MySQLi\Connection.php:306
Stack trace:
#0 D:\laragon\www\PesoLink\system\Database\MySQLi\Connection.php(306): mysqli->query('SELECT *\nFROM `...', 0)
#1 D:\laragon\www\PesoLink\system\Database\BaseConnection.php(692): CodeIgniter\Database\MySQLi\Connection->execute('SELECT *\nFROM `...')
#2 D:\laragon\www\PesoLink\system\Database\BaseConnection.php(606): CodeIgniter\Database\BaseConnection->simpleQuery('SELECT *\nFROM `...')
#3 D:\laragon\www\PesoLink\system\Database\BaseBuilder.php(1615): CodeIgniter\Database\BaseConnection->query('SELECT *\nFROM `...', Array, false)
#4 D:\laragon\www\PesoLink\system\Model.php(264): CodeIgniter\Database\BaseBuilder->get()
#5 D:\laragon\www\PesoLink\system\BaseModel.php(662): CodeIgniter\Model->doFirst()
#6 D:\laragon\www\PesoLink\app\Controllers\AdminController.php(65): CodeIgniter\BaseModel->first()
#7 D:\laragon\www\PesoLink\system\CodeIgniter.php(919): App\Controllers\AdminController->adlogin()
#8 D:\laragon\www\PesoLink\system\CodeIgniter.php(494): CodeIgniter\CodeIgniter->runController(Object(App\Controllers\AdminController))
#9 D:\laragon\www\PesoLink\system\CodeIgniter.php(353): CodeIgniter\CodeIgniter->handleRequest(NULL, Object(Config\Cache), false)
#10 D:\laragon\www\PesoLink\public\index.php(79): CodeIgniter\CodeIgniter->run()
#11 D:\laragon\www\PesoLink\system\Commands\Server\rewrite.php(47): require_once('D:\\laragon\\www\\...')
#12 {main}
CRITICAL - 2023-11-13 01:50:56 --> Unknown column 'email' in 'where clause'
in SYSTEMPATH\Database\BaseConnection.php on line 646.
 1 SYSTEMPATH\Database\BaseBuilder.php(1615): CodeIgniter\Database\BaseConnection->query('SELECT *
FROM `adminlog`
WHERE `email` IS NULL
 LIMIT 1', [], false)
 2 SYSTEMPATH\Model.php(264): CodeIgniter\Database\BaseBuilder->get()
 3 SYSTEMPATH\BaseModel.php(662): CodeIgniter\Model->doFirst()
 4 APPPATH\Controllers\AdminController.php(65): CodeIgniter\BaseModel->first()
 5 SYSTEMPATH\CodeIgniter.php(919): App\Controllers\AdminController->adlogin()
 6 SYSTEMPATH\CodeIgniter.php(494): CodeIgniter\CodeIgniter->runController(Object(App\Controllers\AdminController))
 7 SYSTEMPATH\CodeIgniter.php(353): CodeIgniter\CodeIgniter->handleRequest(null, Object(Config\Cache), false)
 8 FCPATH\index.php(79): CodeIgniter\CodeIgniter->run()
 9 SYSTEMPATH\Commands\Server\rewrite.php(47): require_once('D:\\laragon\\www\\PesoLink\\public\\index.php')
ERROR - 2023-11-13 01:51:44 --> mysqli_sql_exception: Unknown column 'email' in 'where clause' in D:\laragon\www\PesoLink\system\Database\MySQLi\Connection.php:306
Stack trace:
#0 D:\laragon\www\PesoLink\system\Database\MySQLi\Connection.php(306): mysqli->query('SELECT *\nFROM `...', 0)
#1 D:\laragon\www\PesoLink\system\Database\BaseConnection.php(692): CodeIgniter\Database\MySQLi\Connection->execute('SELECT *\nFROM `...')
#2 D:\laragon\www\PesoLink\system\Database\BaseConnection.php(606): CodeIgniter\Database\BaseConnection->simpleQuery('SELECT *\nFROM `...')
#3 D:\laragon\www\PesoLink\system\Database\BaseBuilder.php(1615): CodeIgniter\Database\BaseConnection->query('SELECT *\nFROM `...', Array, false)
#4 D:\laragon\www\PesoLink\system\Model.php(264): CodeIgniter\Database\BaseBuilder->get()
#5 D:\laragon\www\PesoLink\system\BaseModel.php(662): CodeIgniter\Model->doFirst()
#6 D:\laragon\www\PesoLink\app\Controllers\AdminController.php(65): CodeIgniter\BaseModel->first()
#7 D:\laragon\www\PesoLink\system\CodeIgniter.php(919): App\Controllers\AdminController->adlogin()
#8 D:\laragon\www\PesoLink\system\CodeIgniter.php(494): CodeIgniter\CodeIgniter->runController(Object(App\Controllers\AdminController))
#9 D:\laragon\www\PesoLink\system\CodeIgniter.php(353): CodeIgniter\CodeIgniter->handleRequest(NULL, Object(Config\Cache), false)
#10 D:\laragon\www\PesoLink\public\index.php(79): CodeIgniter\CodeIgniter->run()
#11 D:\laragon\www\PesoLink\system\Commands\Server\rewrite.php(47): require_once('D:\\laragon\\www\\...')
#12 {main}
CRITICAL - 2023-11-13 01:51:44 --> Unknown column 'email' in 'where clause'
in SYSTEMPATH\Database\BaseConnection.php on line 646.
 1 SYSTEMPATH\Database\BaseBuilder.php(1615): CodeIgniter\Database\BaseConnection->query('SELECT *
FROM `adminlog`
WHERE `email` = :email:
 LIMIT 1', [...], false)
 2 SYSTEMPATH\Model.php(264): CodeIgniter\Database\BaseBuilder->get()
 3 SYSTEMPATH\BaseModel.php(662): CodeIgniter\Model->doFirst()
 4 APPPATH\Controllers\AdminController.php(65): CodeIgniter\BaseModel->first()
 5 SYSTEMPATH\CodeIgniter.php(919): App\Controllers\AdminController->adlogin()
 6 SYSTEMPATH\CodeIgniter.php(494): CodeIgniter\CodeIgniter->runController(Object(App\Controllers\AdminController))
 7 SYSTEMPATH\CodeIgniter.php(353): CodeIgniter\CodeIgniter->handleRequest(null, Object(Config\Cache), false)
 8 FCPATH\index.php(79): CodeIgniter\CodeIgniter->run()
 9 SYSTEMPATH\Commands\Server\rewrite.php(47): require_once('D:\\laragon\\www\\PesoLink\\public\\index.php')
ERROR - 2023-11-13 01:51:53 --> mysqli_sql_exception: Unknown column 'email' in 'where clause' in D:\laragon\www\PesoLink\system\Database\MySQLi\Connection.php:306
Stack trace:
#0 D:\laragon\www\PesoLink\system\Database\MySQLi\Connection.php(306): mysqli->query('SELECT *\nFROM `...', 0)
#1 D:\laragon\www\PesoLink\system\Database\BaseConnection.php(692): CodeIgniter\Database\MySQLi\Connection->execute('SELECT *\nFROM `...')
#2 D:\laragon\www\PesoLink\system\Database\BaseConnection.php(606): CodeIgniter\Database\BaseConnection->simpleQuery('SELECT *\nFROM `...')
#3 D:\laragon\www\PesoLink\system\Database\BaseBuilder.php(1615): CodeIgniter\Database\BaseConnection->query('SELECT *\nFROM `...', Array, false)
#4 D:\laragon\www\PesoLink\system\Model.php(264): CodeIgniter\Database\BaseBuilder->get()
#5 D:\laragon\www\PesoLink\system\BaseModel.php(662): CodeIgniter\Model->doFirst()
#6 D:\laragon\www\PesoLink\app\Controllers\AdminController.php(65): CodeIgniter\BaseModel->first()
#7 D:\laragon\www\PesoLink\system\CodeIgniter.php(919): App\Controllers\AdminController->adlogin()
#8 D:\laragon\www\PesoLink\system\CodeIgniter.php(494): CodeIgniter\CodeIgniter->runController(Object(App\Controllers\AdminController))
#9 D:\laragon\www\PesoLink\system\CodeIgniter.php(353): CodeIgniter\CodeIgniter->handleRequest(NULL, Object(Config\Cache), false)
#10 D:\laragon\www\PesoLink\public\index.php(79): CodeIgniter\CodeIgniter->run()
#11 D:\laragon\www\PesoLink\system\Commands\Server\rewrite.php(47): require_once('D:\\laragon\\www\\...')
#12 {main}
CRITICAL - 2023-11-13 01:51:53 --> Unknown column 'email' in 'where clause'
in SYSTEMPATH\Database\BaseConnection.php on line 646.
 1 SYSTEMPATH\Database\BaseBuilder.php(1615): CodeIgniter\Database\BaseConnection->query('SELECT *
FROM `adminlog`
WHERE `email` = :email:
 LIMIT 1', [...], false)
 2 SYSTEMPATH\Model.php(264): CodeIgniter\Database\BaseBuilder->get()
 3 SYSTEMPATH\BaseModel.php(662): CodeIgniter\Model->doFirst()
 4 APPPATH\Controllers\AdminController.php(65): CodeIgniter\BaseModel->first()
 5 SYSTEMPATH\CodeIgniter.php(919): App\Controllers\AdminController->adlogin()
 6 SYSTEMPATH\CodeIgniter.php(494): CodeIgniter\CodeIgniter->runController(Object(App\Controllers\AdminController))
 7 SYSTEMPATH\CodeIgniter.php(353): CodeIgniter\CodeIgniter->handleRequest(null, Object(Config\Cache), false)
 8 FCPATH\index.php(79): CodeIgniter\CodeIgniter->run()
 9 SYSTEMPATH\Commands\Server\rewrite.php(47): require_once('D:\\laragon\\www\\PesoLink\\public\\index.php')
ERROR - 2023-11-13 01:52:15 --> mysqli_sql_exception: Unknown column 'email' in 'where clause' in D:\laragon\www\PesoLink\system\Database\MySQLi\Connection.php:306
Stack trace:
#0 D:\laragon\www\PesoLink\system\Database\MySQLi\Connection.php(306): mysqli->query('SELECT *\nFROM `...', 0)
#1 D:\laragon\www\PesoLink\system\Database\BaseConnection.php(692): CodeIgniter\Database\MySQLi\Connection->execute('SELECT *\nFROM `...')
#2 D:\laragon\www\PesoLink\system\Database\BaseConnection.php(606): CodeIgniter\Database\BaseConnection->simpleQuery('SELECT *\nFROM `...')
#3 D:\laragon\www\PesoLink\system\Database\BaseBuilder.php(1615): CodeIgniter\Database\BaseConnection->query('SELECT *\nFROM `...', Array, false)
#4 D:\laragon\www\PesoLink\system\Model.php(264): CodeIgniter\Database\BaseBuilder->get()
#5 D:\laragon\www\PesoLink\system\BaseModel.php(662): CodeIgniter\Model->doFirst()
#6 D:\laragon\www\PesoLink\app\Controllers\AdminController.php(65): CodeIgniter\BaseModel->first()
#7 D:\laragon\www\PesoLink\system\CodeIgniter.php(919): App\Controllers\AdminController->adlogin()
#8 D:\laragon\www\PesoLink\system\CodeIgniter.php(494): CodeIgniter\CodeIgniter->runController(Object(App\Controllers\AdminController))
#9 D:\laragon\www\PesoLink\system\CodeIgniter.php(353): CodeIgniter\CodeIgniter->handleRequest(NULL, Object(Config\Cache), false)
#10 D:\laragon\www\PesoLink\public\index.php(79): CodeIgniter\CodeIgniter->run()
#11 D:\laragon\www\PesoLink\system\Commands\Server\rewrite.php(47): require_once('D:\\laragon\\www\\...')
#12 {main}
CRITICAL - 2023-11-13 01:52:15 --> Unknown column 'email' in 'where clause'
in SYSTEMPATH\Database\BaseConnection.php on line 646.
 1 SYSTEMPATH\Database\BaseBuilder.php(1615): CodeIgniter\Database\BaseConnection->query('SELECT *
FROM `adminlog`
WHERE `email` = :email:
 LIMIT 1', [...], false)
 2 SYSTEMPATH\Model.php(264): CodeIgniter\Database\BaseBuilder->get()
 3 SYSTEMPATH\BaseModel.php(662): CodeIgniter\Model->doFirst()
 4 APPPATH\Controllers\AdminController.php(65): CodeIgniter\BaseModel->first()
 5 SYSTEMPATH\CodeIgniter.php(919): App\Controllers\AdminController->adlogin()
 6 SYSTEMPATH\CodeIgniter.php(494): CodeIgniter\CodeIgniter->runController(Object(App\Controllers\AdminController))
 7 SYSTEMPATH\CodeIgniter.php(353): CodeIgniter\CodeIgniter->handleRequest(null, Object(Config\Cache), false)
 8 FCPATH\index.php(79): CodeIgniter\CodeIgniter->run()
 9 SYSTEMPATH\Commands\Server\rewrite.php(47): require_once('D:\\laragon\\www\\PesoLink\\public\\index.php')
CRITICAL - 2023-11-13 02:23:05 --> Trying to access array offset on value of type null
in APPPATH\Views\Admin\employerdetails.php on line 131.
 1 APPPATH\Views\Admin\employerdetails.php(131): CodeIgniter\Debug\Exceptions->errorHandler(2, 'Trying to access array offset on value of type null', 'D:\\laragon\\www\\PesoLink\\app\\Views\\Admin\\employerdetails.php', 131)
 2 SYSTEMPATH\View\View.php(226): include('D:\\laragon\\www\\PesoLink\\app\\Views\\Admin\\employerdetails.php')
 3 SYSTEMPATH\View\View.php(229): CodeIgniter\View\View->CodeIgniter\View\{closure}()
 4 SYSTEMPATH\Common.php(1188): CodeIgniter\View\View->render('Admin/employerdetails', [], true)
 5 APPPATH\Controllers\AdminController.php(38): view('Admin/employerdetails', [...])
 6 SYSTEMPATH\CodeIgniter.php(919): App\Controllers\AdminController->empdetails('assets', 'employer', 'plugins', 'fontawesome-free', 'css', 'all.min.css')
 7 SYSTEMPATH\CodeIgniter.php(494): CodeIgniter\CodeIgniter->runController(Object(App\Controllers\AdminController))
 8 SYSTEMPATH\CodeIgniter.php(353): CodeIgniter\CodeIgniter->handleRequest(null, Object(Config\Cache), false)
 9 FCPATH\index.php(79): CodeIgniter\CodeIgniter->run()
10 SYSTEMPATH\Commands\Server\rewrite.php(47): require_once('D:\\laragon\\www\\PesoLink\\public\\index.php')
CRITICAL - 2023-11-13 02:23:06 --> Trying to access array offset on value of type null
in APPPATH\Views\Admin\employerdetails.php on line 131.
 1 APPPATH\Views\Admin\employerdetails.php(131): CodeIgniter\Debug\Exceptions->errorHandler(2, 'Trying to access array offset on value of type null', 'D:\\laragon\\www\\PesoLink\\app\\Views\\Admin\\employerdetails.php', 131)
 2 SYSTEMPATH\View\View.php(226): include('D:\\laragon\\www\\PesoLink\\app\\Views\\Admin\\employerdetails.php')
 3 SYSTEMPATH\View\View.php(229): CodeIgniter\View\View->CodeIgniter\View\{closure}()
 4 SYSTEMPATH\Common.php(1188): CodeIgniter\View\View->render('Admin/employerdetails', [], true)
 5 APPPATH\Controllers\AdminController.php(38): view('Admin/employerdetails', [...])
 6 SYSTEMPATH\CodeIgniter.php(919): App\Controllers\AdminController->empdetails('assets', 'employer', 'dist', 'css', 'adminlte.min.css')
 7 SYSTEMPATH\CodeIgniter.php(494): CodeIgniter\CodeIgniter->runController(Object(App\Controllers\AdminController))
 8 SYSTEMPATH\CodeIgniter.php(353): CodeIgniter\CodeIgniter->handleRequest(null, Object(Config\Cache), false)
 9 FCPATH\index.php(79): CodeIgniter\CodeIgniter->run()
10 SYSTEMPATH\Commands\Server\rewrite.php(47): require_once('D:\\laragon\\www\\PesoLink\\public\\index.php')
CRITICAL - 2023-11-13 02:23:06 --> Trying to access array offset on value of type null
in APPPATH\Views\Admin\employerdetails.php on line 131.
 1 APPPATH\Views\Admin\employerdetails.php(131): CodeIgniter\Debug\Exceptions->errorHandler(2, 'Trying to access array offset on value of type null', 'D:\\laragon\\www\\PesoLink\\app\\Views\\Admin\\employerdetails.php', 131)
 2 SYSTEMPATH\View\View.php(226): include('D:\\laragon\\www\\PesoLink\\app\\Views\\Admin\\employerdetails.php')
 3 SYSTEMPATH\View\View.php(229): CodeIgniter\View\View->CodeIgniter\View\{closure}()
 4 SYSTEMPATH\Common.php(1188): CodeIgniter\View\View->render('Admin/employerdetails', [], true)
 5 APPPATH\Controllers\AdminController.php(38): view('Admin/employerdetails', [...])
 6 SYSTEMPATH\CodeIgniter.php(919): App\Controllers\AdminController->empdetails('assets', 'admin', 'dist', 'img', 'user2-160x160.jpg')
 7 SYSTEMPATH\CodeIgniter.php(494): CodeIgniter\CodeIgniter->runController(Object(App\Controllers\AdminController))
 8 SYSTEMPATH\CodeIgniter.php(353): CodeIgniter\CodeIgniter->handleRequest(null, Object(Config\Cache), false)
 9 FCPATH\index.php(79): CodeIgniter\CodeIgniter->run()
10 SYSTEMPATH\Commands\Server\rewrite.php(47): require_once('D:\\laragon\\www\\PesoLink\\public\\index.php')
CRITICAL - 2023-11-13 02:23:06 --> Trying to access array offset on value of type null
in APPPATH\Views\Admin\employerdetails.php on line 131.
 1 APPPATH\Views\Admin\employerdetails.php(131): CodeIgniter\Debug\Exceptions->errorHandler(2, 'Trying to access array offset on value of type null', 'D:\\laragon\\www\\PesoLink\\app\\Views\\Admin\\employerdetails.php', 131)
 2 SYSTEMPATH\View\View.php(226): include('D:\\laragon\\www\\PesoLink\\app\\Views\\Admin\\employerdetails.php')
 3 SYSTEMPATH\View\View.php(229): CodeIgniter\View\View->CodeIgniter\View\{closure}()
 4 SYSTEMPATH\Common.php(1188): CodeIgniter\View\View->render('Admin/employerdetails', [], true)
 5 APPPATH\Controllers\AdminController.php(38): view('Admin/employerdetails', [...])
 6 SYSTEMPATH\CodeIgniter.php(919): App\Controllers\AdminController->empdetails('assets', 'employer', 'plugins', 'bootstrap', 'js', 'bootstrap.bundle.min.js')
 7 SYSTEMPATH\CodeIgniter.php(494): CodeIgniter\CodeIgniter->runController(Object(App\Controllers\AdminController))
 8 SYSTEMPATH\CodeIgniter.php(353): CodeIgniter\CodeIgniter->handleRequest(null, Object(Config\Cache), false)
 9 FCPATH\index.php(79): CodeIgniter\CodeIgniter->run()
10 SYSTEMPATH\Commands\Server\rewrite.php(47): require_once('D:\\laragon\\www\\PesoLink\\public\\index.php')
CRITICAL - 2023-11-13 02:23:06 --> Trying to access array offset on value of type null
in APPPATH\Views\Admin\employerdetails.php on line 131.
 1 APPPATH\Views\Admin\employerdetails.php(131): CodeIgniter\Debug\Exceptions->errorHandler(2, 'Trying to access array offset on value of type null', 'D:\\laragon\\www\\PesoLink\\app\\Views\\Admin\\employerdetails.php', 131)
 2 SYSTEMPATH\View\View.php(226): include('D:\\laragon\\www\\PesoLink\\app\\Views\\Admin\\employerdetails.php')
 3 SYSTEMPATH\View\View.php(229): CodeIgniter\View\View->CodeIgniter\View\{closure}()
 4 SYSTEMPATH\Common.php(1188): CodeIgniter\View\View->render('Admin/employerdetails', [], true)
 5 APPPATH\Controllers\AdminController.php(38): view('Admin/employerdetails', [...])
 6 SYSTEMPATH\CodeIgniter.php(919): App\Controllers\AdminController->empdetails('assets', 'employer', 'plugins', 'jquery', 'jquery.min.js')
 7 SYSTEMPATH\CodeIgniter.php(494): CodeIgniter\CodeIgniter->runController(Object(App\Controllers\AdminController))
 8 SYSTEMPATH\CodeIgniter.php(353): CodeIgniter\CodeIgniter->handleRequest(null, Object(Config\Cache), false)
 9 FCPATH\index.php(79): CodeIgniter\CodeIgniter->run()
10 SYSTEMPATH\Commands\Server\rewrite.php(47): require_once('D:\\laragon\\www\\PesoLink\\public\\index.php')
CRITICAL - 2023-11-13 02:23:06 --> Trying to access array offset on value of type null
in APPPATH\Views\Admin\employerdetails.php on line 131.
 1 APPPATH\Views\Admin\employerdetails.php(131): CodeIgniter\Debug\Exceptions->errorHandler(2, 'Trying to access array offset on value of type null', 'D:\\laragon\\www\\PesoLink\\app\\Views\\Admin\\employerdetails.php', 131)
 2 SYSTEMPATH\View\View.php(226): include('D:\\laragon\\www\\PesoLink\\app\\Views\\Admin\\employerdetails.php')
 3 SYSTEMPATH\View\View.php(229): CodeIgniter\View\View->CodeIgniter\View\{closure}()
 4 SYSTEMPATH\Common.php(1188): CodeIgniter\View\View->render('Admin/employerdetails', [], true)
 5 APPPATH\Controllers\AdminController.php(38): view('Admin/employerdetails', [...])
 6 SYSTEMPATH\CodeIgniter.php(919): App\Controllers\AdminController->empdetails('assets', 'employer', 'plugins', 'bs-custom-file-input', 'bs-custom-file-input.min.js')
 7 SYSTEMPATH\CodeIgniter.php(494): CodeIgniter\CodeIgniter->runController(Object(App\Controllers\AdminController))
 8 SYSTEMPATH\CodeIgniter.php(353): CodeIgniter\CodeIgniter->handleRequest(null, Object(Config\Cache), false)
 9 FCPATH\index.php(79): CodeIgniter\CodeIgniter->run()
10 SYSTEMPATH\Commands\Server\rewrite.php(47): require_once('D:\\laragon\\www\\PesoLink\\public\\index.php')
CRITICAL - 2023-11-13 02:23:06 --> Trying to access array offset on value of type null
in APPPATH\Views\Admin\employerdetails.php on line 131.
 1 APPPATH\Views\Admin\employerdetails.php(131): CodeIgniter\Debug\Exceptions->errorHandler(2, 'Trying to access array offset on value of type null', 'D:\\laragon\\www\\PesoLink\\app\\Views\\Admin\\employerdetails.php', 131)
 2 SYSTEMPATH\View\View.php(226): include('D:\\laragon\\www\\PesoLink\\app\\Views\\Admin\\employerdetails.php')
 3 SYSTEMPATH\View\View.php(229): CodeIgniter\View\View->CodeIgniter\View\{closure}()
 4 SYSTEMPATH\Common.php(1188): CodeIgniter\View\View->render('Admin/employerdetails', [], true)
 5 APPPATH\Controllers\AdminController.php(38): view('Admin/employerdetails', [...])
 6 SYSTEMPATH\CodeIgniter.php(919): App\Controllers\AdminController->empdetails('assets', 'employer', 'dist', 'js', 'adminlte.min.js')
 7 SYSTEMPATH\CodeIgniter.php(494): CodeIgniter\CodeIgniter->runController(Object(App\Controllers\AdminController))
 8 SYSTEMPATH\CodeIgniter.php(353): CodeIgniter\CodeIgniter->handleRequest(null, Object(Config\Cache), false)
 9 FCPATH\index.php(79): CodeIgniter\CodeIgniter->run()
10 SYSTEMPATH\Commands\Server\rewrite.php(47): require_once('D:\\laragon\\www\\PesoLink\\public\\index.php')
CRITICAL - 2023-11-13 02:24:04 --> Trying to access array offset on value of type null
in APPPATH\Views\Admin\employerdetails.php on line 131.
 1 APPPATH\Views\Admin\employerdetails.php(131): CodeIgniter\Debug\Exceptions->errorHandler(2, 'Trying to access array offset on value of type null', 'D:\\laragon\\www\\PesoLink\\app\\Views\\Admin\\employerdetails.php', 131)
 2 SYSTEMPATH\View\View.php(226): include('D:\\laragon\\www\\PesoLink\\app\\Views\\Admin\\employerdetails.php')
 3 SYSTEMPATH\View\View.php(229): CodeIgniter\View\View->CodeIgniter\View\{closure}()
 4 SYSTEMPATH\Common.php(1188): CodeIgniter\View\View->render('Admin/employerdetails', [], true)
 5 APPPATH\Controllers\AdminController.php(38): view('Admin/employerdetails', [...])
 6 SYSTEMPATH\CodeIgniter.php(919): App\Controllers\AdminController->empdetails('assets', 'employer', 'plugins', 'fontawesome-free', 'css', 'all.min.css')
 7 SYSTEMPATH\CodeIgniter.php(494): CodeIgniter\CodeIgniter->runController(Object(App\Controllers\AdminController))
 8 SYSTEMPATH\CodeIgniter.php(353): CodeIgniter\CodeIgniter->handleRequest(null, Object(Config\Cache), false)
 9 FCPATH\index.php(79): CodeIgniter\CodeIgniter->run()
10 SYSTEMPATH\Commands\Server\rewrite.php(47): require_once('D:\\laragon\\www\\PesoLink\\public\\index.php')
CRITICAL - 2023-11-13 02:24:04 --> Trying to access array offset on value of type null
in APPPATH\Views\Admin\employerdetails.php on line 131.
 1 APPPATH\Views\Admin\employerdetails.php(131): CodeIgniter\Debug\Exceptions->errorHandler(2, 'Trying to access array offset on value of type null', 'D:\\laragon\\www\\PesoLink\\app\\Views\\Admin\\employerdetails.php', 131)
 2 SYSTEMPATH\View\View.php(226): include('D:\\laragon\\www\\PesoLink\\app\\Views\\Admin\\employerdetails.php')
 3 SYSTEMPATH\View\View.php(229): CodeIgniter\View\View->CodeIgniter\View\{closure}()
 4 SYSTEMPATH\Common.php(1188): CodeIgniter\View\View->render('Admin/employerdetails', [], true)
 5 APPPATH\Controllers\AdminController.php(38): view('Admin/employerdetails', [...])
 6 SYSTEMPATH\CodeIgniter.php(919): App\Controllers\AdminController->empdetails('assets', 'employer', 'dist', 'css', 'adminlte.min.css')
 7 SYSTEMPATH\CodeIgniter.php(494): CodeIgniter\CodeIgniter->runController(Object(App\Controllers\AdminController))
 8 SYSTEMPATH\CodeIgniter.php(353): CodeIgniter\CodeIgniter->handleRequest(null, Object(Config\Cache), false)
 9 FCPATH\index.php(79): CodeIgniter\CodeIgniter->run()
10 SYSTEMPATH\Commands\Server\rewrite.php(47): require_once('D:\\laragon\\www\\PesoLink\\public\\index.php')
CRITICAL - 2023-11-13 02:24:04 --> Trying to access array offset on value of type null
in APPPATH\Views\Admin\employerdetails.php on line 131.
 1 APPPATH\Views\Admin\employerdetails.php(131): CodeIgniter\Debug\Exceptions->errorHandler(2, 'Trying to access array offset on value of type null', 'D:\\laragon\\www\\PesoLink\\app\\Views\\Admin\\employerdetails.php', 131)
 2 SYSTEMPATH\View\View.php(226): include('D:\\laragon\\www\\PesoLink\\app\\Views\\Admin\\employerdetails.php')
 3 SYSTEMPATH\View\View.php(229): CodeIgniter\View\View->CodeIgniter\View\{closure}()
 4 SYSTEMPATH\Common.php(1188): CodeIgniter\View\View->render('Admin/employerdetails', [], true)
 5 APPPATH\Controllers\AdminController.php(38): view('Admin/employerdetails', [...])
 6 SYSTEMPATH\CodeIgniter.php(919): App\Controllers\AdminController->empdetails('assets', 'employer', 'plugins', 'jquery', 'jquery.min.js')
 7 SYSTEMPATH\CodeIgniter.php(494): CodeIgniter\CodeIgniter->runController(Object(App\Controllers\AdminController))
 8 SYSTEMPATH\CodeIgniter.php(353): CodeIgniter\CodeIgniter->handleRequest(null, Object(Config\Cache), false)
 9 FCPATH\index.php(79): CodeIgniter\CodeIgniter->run()
10 SYSTEMPATH\Commands\Server\rewrite.php(47): require_once('D:\\laragon\\www\\PesoLink\\public\\index.php')
CRITICAL - 2023-11-13 02:24:04 --> Trying to access array offset on value of type null
in APPPATH\Views\Admin\employerdetails.php on line 131.
 1 APPPATH\Views\Admin\employerdetails.php(131): CodeIgniter\Debug\Exceptions->errorHandler(2, 'Trying to access array offset on value of type null', 'D:\\laragon\\www\\PesoLink\\app\\Views\\Admin\\employerdetails.php', 131)
 2 SYSTEMPATH\View\View.php(226): include('D:\\laragon\\www\\PesoLink\\app\\Views\\Admin\\employerdetails.php')
 3 SYSTEMPATH\View\View.php(229): CodeIgniter\View\View->CodeIgniter\View\{closure}()
 4 SYSTEMPATH\Common.php(1188): CodeIgniter\View\View->render('Admin/employerdetails', [], true)
 5 APPPATH\Controllers\AdminController.php(38): view('Admin/employerdetails', [...])
 6 SYSTEMPATH\CodeIgniter.php(919): App\Controllers\AdminController->empdetails('assets', 'admin', 'dist', 'img', 'user2-160x160.jpg')
 7 SYSTEMPATH\CodeIgniter.php(494): CodeIgniter\CodeIgniter->runController(Object(App\Controllers\AdminController))
 8 SYSTEMPATH\CodeIgniter.php(353): CodeIgniter\CodeIgniter->handleRequest(null, Object(Config\Cache), false)
 9 FCPATH\index.php(79): CodeIgniter\CodeIgniter->run()
10 SYSTEMPATH\Commands\Server\rewrite.php(47): require_once('D:\\laragon\\www\\PesoLink\\public\\index.php')
CRITICAL - 2023-11-13 02:24:05 --> Trying to access array offset on value of type null
in APPPATH\Views\Admin\employerdetails.php on line 131.
 1 APPPATH\Views\Admin\employerdetails.php(131): CodeIgniter\Debug\Exceptions->errorHandler(2, 'Trying to access array offset on value of type null', 'D:\\laragon\\www\\PesoLink\\app\\Views\\Admin\\employerdetails.php', 131)
 2 SYSTEMPATH\View\View.php(226): include('D:\\laragon\\www\\PesoLink\\app\\Views\\Admin\\employerdetails.php')
 3 SYSTEMPATH\View\View.php(229): CodeIgniter\View\View->CodeIgniter\View\{closure}()
 4 SYSTEMPATH\Common.php(1188): CodeIgniter\View\View->render('Admin/employerdetails', [], true)
 5 APPPATH\Controllers\AdminController.php(38): view('Admin/employerdetails', [...])
 6 SYSTEMPATH\CodeIgniter.php(919): App\Controllers\AdminController->empdetails('assets', 'employer', 'plugins', 'bootstrap', 'js', 'bootstrap.bundle.min.js')
 7 SYSTEMPATH\CodeIgniter.php(494): CodeIgniter\CodeIgniter->runController(Object(App\Controllers\AdminController))
 8 SYSTEMPATH\CodeIgniter.php(353): CodeIgniter\CodeIgniter->handleRequest(null, Object(Config\Cache), false)
 9 FCPATH\index.php(79): CodeIgniter\CodeIgniter->run()
10 SYSTEMPATH\Commands\Server\rewrite.php(47): require_once('D:\\laragon\\www\\PesoLink\\public\\index.php')
CRITICAL - 2023-11-13 02:24:05 --> Trying to access array offset on value of type null
in APPPATH\Views\Admin\employerdetails.php on line 131.
 1 APPPATH\Views\Admin\employerdetails.php(131): CodeIgniter\Debug\Exceptions->errorHandler(2, 'Trying to access array offset on value of type null', 'D:\\laragon\\www\\PesoLink\\app\\Views\\Admin\\employerdetails.php', 131)
 2 SYSTEMPATH\View\View.php(226): include('D:\\laragon\\www\\PesoLink\\app\\Views\\Admin\\employerdetails.php')
 3 SYSTEMPATH\View\View.php(229): CodeIgniter\View\View->CodeIgniter\View\{closure}()
 4 SYSTEMPATH\Common.php(1188): CodeIgniter\View\View->render('Admin/employerdetails', [], true)
 5 APPPATH\Controllers\AdminController.php(38): view('Admin/employerdetails', [...])
 6 SYSTEMPATH\CodeIgniter.php(919): App\Controllers\AdminController->empdetails('assets', 'employer', 'plugins', 'bs-custom-file-input', 'bs-custom-file-input.min.js')
 7 SYSTEMPATH\CodeIgniter.php(494): CodeIgniter\CodeIgniter->runController(Object(App\Controllers\AdminController))
 8 SYSTEMPATH\CodeIgniter.php(353): CodeIgniter\CodeIgniter->handleRequest(null, Object(Config\Cache), false)
 9 FCPATH\index.php(79): CodeIgniter\CodeIgniter->run()
10 SYSTEMPATH\Commands\Server\rewrite.php(47): require_once('D:\\laragon\\www\\PesoLink\\public\\index.php')
CRITICAL - 2023-11-13 02:24:05 --> Trying to access array offset on value of type null
in APPPATH\Views\Admin\employerdetails.php on line 131.
 1 APPPATH\Views\Admin\employerdetails.php(131): CodeIgniter\Debug\Exceptions->errorHandler(2, 'Trying to access array offset on value of type null', 'D:\\laragon\\www\\PesoLink\\app\\Views\\Admin\\employerdetails.php', 131)
 2 SYSTEMPATH\View\View.php(226): include('D:\\laragon\\www\\PesoLink\\app\\Views\\Admin\\employerdetails.php')
 3 SYSTEMPATH\View\View.php(229): CodeIgniter\View\View->CodeIgniter\View\{closure}()
 4 SYSTEMPATH\Common.php(1188): CodeIgniter\View\View->render('Admin/employerdetails', [], true)
 5 APPPATH\Controllers\AdminController.php(38): view('Admin/employerdetails', [...])
 6 SYSTEMPATH\CodeIgniter.php(919): App\Controllers\AdminController->empdetails('assets', 'employer', 'dist', 'js', 'adminlte.min.js')
 7 SYSTEMPATH\CodeIgniter.php(494): CodeIgniter\CodeIgniter->runController(Object(App\Controllers\AdminController))
 8 SYSTEMPATH\CodeIgniter.php(353): CodeIgniter\CodeIgniter->handleRequest(null, Object(Config\Cache), false)
 9 FCPATH\index.php(79): CodeIgniter\CodeIgniter->run()
10 SYSTEMPATH\Commands\Server\rewrite.php(47): require_once('D:\\laragon\\www\\PesoLink\\public\\index.php')
CRITICAL - 2023-11-13 02:41:36 --> Undefined variable $jobsposted
in APPPATH\Views\Admin\jobvacancy.php on line 77.
 1 APPPATH\Views\Admin\jobvacancy.php(77): CodeIgniter\Debug\Exceptions->errorHandler(2, 'Undefined variable $jobsposted', 'D:\\laragon\\www\\PesoLink\\app\\Views\\Admin\\jobvacancy.php', 77)
 2 SYSTEMPATH\View\View.php(226): include('D:\\laragon\\www\\PesoLink\\app\\Views\\Admin\\jobvacancy.php')
 3 SYSTEMPATH\View\View.php(229): CodeIgniter\View\View->CodeIgniter\View\{closure}()
 4 SYSTEMPATH\Common.php(1188): CodeIgniter\View\View->render('Admin/jobvacancy', [], true)
 5 APPPATH\Controllers\AdminController.php(30): view('Admin/jobvacancy')
 6 SYSTEMPATH\CodeIgniter.php(919): App\Controllers\AdminController->jobvacancy()
 7 SYSTEMPATH\CodeIgniter.php(494): CodeIgniter\CodeIgniter->runController(Object(App\Controllers\AdminController))
 8 SYSTEMPATH\CodeIgniter.php(353): CodeIgniter\CodeIgniter->handleRequest(null, Object(Config\Cache), false)
 9 FCPATH\index.php(79): CodeIgniter\CodeIgniter->run()
10 SYSTEMPATH\Commands\Server\rewrite.php(47): require_once('D:\\laragon\\www\\PesoLink\\public\\index.php')
CRITICAL - 2023-11-13 02:48:28 --> Undefined variable $jobvacants
in APPPATH\Views\Admin\jobvacancy.php on line 77.
 1 APPPATH\Views\Admin\jobvacancy.php(77): CodeIgniter\Debug\Exceptions->errorHandler(2, 'Undefined variable $jobvacants', 'D:\\laragon\\www\\PesoLink\\app\\Views\\Admin\\jobvacancy.php', 77)
 2 SYSTEMPATH\View\View.php(226): include('D:\\laragon\\www\\PesoLink\\app\\Views\\Admin\\jobvacancy.php')
 3 SYSTEMPATH\View\View.php(229): CodeIgniter\View\View->CodeIgniter\View\{closure}()
 4 SYSTEMPATH\Common.php(1188): CodeIgniter\View\View->render('Admin/jobvacancy', [], true)
 5 APPPATH\Controllers\AdminController.php(31): view('Admin/jobvacancy')
 6 SYSTEMPATH\CodeIgniter.php(919): App\Controllers\AdminController->jobvacancy()
 7 SYSTEMPATH\CodeIgniter.php(494): CodeIgniter\CodeIgniter->runController(Object(App\Controllers\AdminController))
 8 SYSTEMPATH\CodeIgniter.php(353): CodeIgniter\CodeIgniter->handleRequest(null, Object(Config\Cache), false)
 9 FCPATH\index.php(79): CodeIgniter\CodeIgniter->run()
10 SYSTEMPATH\Commands\Server\rewrite.php(47): require_once('D:\\laragon\\www\\PesoLink\\public\\index.php')
CRITICAL - 2023-11-13 03:07:37 --> Undefined variable $jobvacants
in APPPATH\Views\Admin\jobvacancy.php on line 77.
 1 APPPATH\Views\Admin\jobvacancy.php(77): CodeIgniter\Debug\Exceptions->errorHandler(2, 'Undefined variable $jobvacants', 'D:\\laragon\\www\\PesoLink\\app\\Views\\Admin\\jobvacancy.php', 77)
 2 SYSTEMPATH\View\View.php(226): include('D:\\laragon\\www\\PesoLink\\app\\Views\\Admin\\jobvacancy.php')
 3 SYSTEMPATH\View\View.php(229): CodeIgniter\View\View->CodeIgniter\View\{closure}()
 4 SYSTEMPATH\Common.php(1188): CodeIgniter\View\View->render('Admin/jobvacancy', [], true)
 5 APPPATH\Controllers\AdminController.php(31): view('Admin/jobvacancy')
 6 SYSTEMPATH\CodeIgniter.php(919): App\Controllers\AdminController->jobvacancy()
 7 SYSTEMPATH\CodeIgniter.php(494): CodeIgniter\CodeIgniter->runController(Object(App\Controllers\AdminController))
 8 SYSTEMPATH\CodeIgniter.php(353): CodeIgniter\CodeIgniter->handleRequest(null, Object(Config\Cache), false)
 9 FCPATH\index.php(79): CodeIgniter\CodeIgniter->run()
10 SYSTEMPATH\Commands\Server\rewrite.php(47): require_once('D:\\laragon\\www\\PesoLink\\public\\index.php')
CRITICAL - 2023-11-13 03:22:04 --> Undefined variable $jobvacants
in APPPATH\Views\Admin\jobvacancy.php on line 77.
 1 APPPATH\Views\Admin\jobvacancy.php(77): CodeIgniter\Debug\Exceptions->errorHandler(2, 'Undefined variable $jobvacants', 'D:\\laragon\\www\\PesoLink\\app\\Views\\Admin\\jobvacancy.php', 77)
 2 SYSTEMPATH\View\View.php(226): include('D:\\laragon\\www\\PesoLink\\app\\Views\\Admin\\jobvacancy.php')
 3 SYSTEMPATH\View\View.php(229): CodeIgniter\View\View->CodeIgniter\View\{closure}()
 4 SYSTEMPATH\Common.php(1188): CodeIgniter\View\View->render('Admin/jobvacancy', [], true)
 5 APPPATH\Controllers\AdminController.php(31): view('Admin/jobvacancy')
 6 SYSTEMPATH\CodeIgniter.php(919): App\Controllers\AdminController->jobvacancy()
 7 SYSTEMPATH\CodeIgniter.php(494): CodeIgniter\CodeIgniter->runController(Object(App\Controllers\AdminController))
 8 SYSTEMPATH\CodeIgniter.php(353): CodeIgniter\CodeIgniter->handleRequest(null, Object(Config\Cache), false)
 9 FCPATH\index.php(79): CodeIgniter\CodeIgniter->run()
10 SYSTEMPATH\Commands\Server\rewrite.php(47): require_once('D:\\laragon\\www\\PesoLink\\public\\index.php')
CRITICAL - 2023-11-13 03:22:12 --> Undefined variable $jobvacants
in APPPATH\Views\Admin\jobvacancy.php on line 77.
 1 APPPATH\Views\Admin\jobvacancy.php(77): CodeIgniter\Debug\Exceptions->errorHandler(2, 'Undefined variable $jobvacants', 'D:\\laragon\\www\\PesoLink\\app\\Views\\Admin\\jobvacancy.php', 77)
 2 SYSTEMPATH\View\View.php(226): include('D:\\laragon\\www\\PesoLink\\app\\Views\\Admin\\jobvacancy.php')
 3 SYSTEMPATH\View\View.php(229): CodeIgniter\View\View->CodeIgniter\View\{closure}()
 4 SYSTEMPATH\Common.php(1188): CodeIgniter\View\View->render('Admin/jobvacancy', [], true)
 5 APPPATH\Controllers\AdminController.php(31): view('Admin/jobvacancy')
 6 SYSTEMPATH\CodeIgniter.php(919): App\Controllers\AdminController->jobvacancy()
 7 SYSTEMPATH\CodeIgniter.php(494): CodeIgniter\CodeIgniter->runController(Object(App\Controllers\AdminController))
 8 SYSTEMPATH\CodeIgniter.php(353): CodeIgniter\CodeIgniter->handleRequest(null, Object(Config\Cache), false)
 9 FCPATH\index.php(79): CodeIgniter\CodeIgniter->run()
10 SYSTEMPATH\Commands\Server\rewrite.php(47): require_once('D:\\laragon\\www\\PesoLink\\public\\index.php')
CRITICAL - 2023-11-13 07:46:43 --> Trying to access array offset on value of type null
in APPPATH\Views\Admin\employerdetails.php on line 131.
 1 APPPATH\Views\Admin\employerdetails.php(131): CodeIgniter\Debug\Exceptions->errorHandler(2, 'Trying to access array offset on value of type null', 'D:\\laragon\\www\\PesoLink\\app\\Views\\Admin\\employerdetails.php', 131)
 2 SYSTEMPATH\View\View.php(226): include('D:\\laragon\\www\\PesoLink\\app\\Views\\Admin\\employerdetails.php')
 3 SYSTEMPATH\View\View.php(229): CodeIgniter\View\View->CodeIgniter\View\{closure}()
 4 SYSTEMPATH\Common.php(1188): CodeIgniter\View\View->render('Admin/employerdetails', [], true)
 5 APPPATH\Controllers\AdminController.php(39): view('Admin/employerdetails', [...])
 6 SYSTEMPATH\CodeIgniter.php(919): App\Controllers\AdminController->empdetails('assets', 'employer', 'plugins', 'fontawesome-free', 'css', 'all.min.css')
 7 SYSTEMPATH\CodeIgniter.php(494): CodeIgniter\CodeIgniter->runController(Object(App\Controllers\AdminController))
 8 SYSTEMPATH\CodeIgniter.php(353): CodeIgniter\CodeIgniter->handleRequest(null, Object(Config\Cache), false)
 9 FCPATH\index.php(79): CodeIgniter\CodeIgniter->run()
10 SYSTEMPATH\Commands\Server\rewrite.php(47): require_once('D:\\laragon\\www\\PesoLink\\public\\index.php')
CRITICAL - 2023-11-13 07:46:43 --> Trying to access array offset on value of type null
in APPPATH\Views\Admin\employerdetails.php on line 131.
 1 APPPATH\Views\Admin\employerdetails.php(131): CodeIgniter\Debug\Exceptions->errorHandler(2, 'Trying to access array offset on value of type null', 'D:\\laragon\\www\\PesoLink\\app\\Views\\Admin\\employerdetails.php', 131)
 2 SYSTEMPATH\View\View.php(226): include('D:\\laragon\\www\\PesoLink\\app\\Views\\Admin\\employerdetails.php')
 3 SYSTEMPATH\View\View.php(229): CodeIgniter\View\View->CodeIgniter\View\{closure}()
 4 SYSTEMPATH\Common.php(1188): CodeIgniter\View\View->render('Admin/employerdetails', [], true)
 5 APPPATH\Controllers\AdminController.php(39): view('Admin/employerdetails', [...])
 6 SYSTEMPATH\CodeIgniter.php(919): App\Controllers\AdminController->empdetails('assets', 'employer', 'dist', 'css', 'adminlte.min.css')
 7 SYSTEMPATH\CodeIgniter.php(494): CodeIgniter\CodeIgniter->runController(Object(App\Controllers\AdminController))
 8 SYSTEMPATH\CodeIgniter.php(353): CodeIgniter\CodeIgniter->handleRequest(null, Object(Config\Cache), false)
 9 FCPATH\index.php(79): CodeIgniter\CodeIgniter->run()
10 SYSTEMPATH\Commands\Server\rewrite.php(47): require_once('D:\\laragon\\www\\PesoLink\\public\\index.php')
CRITICAL - 2023-11-13 07:46:43 --> Trying to access array offset on value of type null
in APPPATH\Views\Admin\employerdetails.php on line 131.
 1 APPPATH\Views\Admin\employerdetails.php(131): CodeIgniter\Debug\Exceptions->errorHandler(2, 'Trying to access array offset on value of type null', 'D:\\laragon\\www\\PesoLink\\app\\Views\\Admin\\employerdetails.php', 131)
 2 SYSTEMPATH\View\View.php(226): include('D:\\laragon\\www\\PesoLink\\app\\Views\\Admin\\employerdetails.php')
 3 SYSTEMPATH\View\View.php(229): CodeIgniter\View\View->CodeIgniter\View\{closure}()
 4 SYSTEMPATH\Common.php(1188): CodeIgniter\View\View->render('Admin/employerdetails', [], true)
 5 APPPATH\Controllers\AdminController.php(39): view('Admin/employerdetails', [...])
 6 SYSTEMPATH\CodeIgniter.php(919): App\Controllers\AdminController->empdetails('assets', 'admin', 'dist', 'img', 'user2-160x160.jpg')
 7 SYSTEMPATH\CodeIgniter.php(494): CodeIgniter\CodeIgniter->runController(Object(App\Controllers\AdminController))
 8 SYSTEMPATH\CodeIgniter.php(353): CodeIgniter\CodeIgniter->handleRequest(null, Object(Config\Cache), false)
 9 FCPATH\index.php(79): CodeIgniter\CodeIgniter->run()
10 SYSTEMPATH\Commands\Server\rewrite.php(47): require_once('D:\\laragon\\www\\PesoLink\\public\\index.php')
CRITICAL - 2023-11-13 07:46:44 --> Trying to access array offset on value of type null
in APPPATH\Views\Admin\employerdetails.php on line 131.
 1 APPPATH\Views\Admin\employerdetails.php(131): CodeIgniter\Debug\Exceptions->errorHandler(2, 'Trying to access array offset on value of type null', 'D:\\laragon\\www\\PesoLink\\app\\Views\\Admin\\employerdetails.php', 131)
 2 SYSTEMPATH\View\View.php(226): include('D:\\laragon\\www\\PesoLink\\app\\Views\\Admin\\employerdetails.php')
 3 SYSTEMPATH\View\View.php(229): CodeIgniter\View\View->CodeIgniter\View\{closure}()
 4 SYSTEMPATH\Common.php(1188): CodeIgniter\View\View->render('Admin/employerdetails', [], true)
 5 APPPATH\Controllers\AdminController.php(39): view('Admin/employerdetails', [...])
 6 SYSTEMPATH\CodeIgniter.php(919): App\Controllers\AdminController->empdetails('assets', 'employer', 'plugins', 'jquery', 'jquery.min.js')
 7 SYSTEMPATH\CodeIgniter.php(494): CodeIgniter\CodeIgniter->runController(Object(App\Controllers\AdminController))
 8 SYSTEMPATH\CodeIgniter.php(353): CodeIgniter\CodeIgniter->handleRequest(null, Object(Config\Cache), false)
 9 FCPATH\index.php(79): CodeIgniter\CodeIgniter->run()
10 SYSTEMPATH\Commands\Server\rewrite.php(47): require_once('D:\\laragon\\www\\PesoLink\\public\\index.php')
CRITICAL - 2023-11-13 07:46:44 --> Trying to access array offset on value of type null
in APPPATH\Views\Admin\employerdetails.php on line 131.
 1 APPPATH\Views\Admin\employerdetails.php(131): CodeIgniter\Debug\Exceptions->errorHandler(2, 'Trying to access array offset on value of type null', 'D:\\laragon\\www\\PesoLink\\app\\Views\\Admin\\employerdetails.php', 131)
 2 SYSTEMPATH\View\View.php(226): include('D:\\laragon\\www\\PesoLink\\app\\Views\\Admin\\employerdetails.php')
 3 SYSTEMPATH\View\View.php(229): CodeIgniter\View\View->CodeIgniter\View\{closure}()
 4 SYSTEMPATH\Common.php(1188): CodeIgniter\View\View->render('Admin/employerdetails', [], true)
 5 APPPATH\Controllers\AdminController.php(39): view('Admin/employerdetails', [...])
 6 SYSTEMPATH\CodeIgniter.php(919): App\Controllers\AdminController->empdetails('assets', 'employer', 'plugins', 'bootstrap', 'js', 'bootstrap.bundle.min.js')
 7 SYSTEMPATH\CodeIgniter.php(494): CodeIgniter\CodeIgniter->runController(Object(App\Controllers\AdminController))
 8 SYSTEMPATH\CodeIgniter.php(353): CodeIgniter\CodeIgniter->handleRequest(null, Object(Config\Cache), false)
 9 FCPATH\index.php(79): CodeIgniter\CodeIgniter->run()
10 SYSTEMPATH\Commands\Server\rewrite.php(47): require_once('D:\\laragon\\www\\PesoLink\\public\\index.php')
CRITICAL - 2023-11-13 07:46:44 --> Trying to access array offset on value of type null
in APPPATH\Views\Admin\employerdetails.php on line 131.
 1 APPPATH\Views\Admin\employerdetails.php(131): CodeIgniter\Debug\Exceptions->errorHandler(2, 'Trying to access array offset on value of type null', 'D:\\laragon\\www\\PesoLink\\app\\Views\\Admin\\employerdetails.php', 131)
 2 SYSTEMPATH\View\View.php(226): include('D:\\laragon\\www\\PesoLink\\app\\Views\\Admin\\employerdetails.php')
 3 SYSTEMPATH\View\View.php(229): CodeIgniter\View\View->CodeIgniter\View\{closure}()
 4 SYSTEMPATH\Common.php(1188): CodeIgniter\View\View->render('Admin/employerdetails', [], true)
 5 APPPATH\Controllers\AdminController.php(39): view('Admin/employerdetails', [...])
 6 SYSTEMPATH\CodeIgniter.php(919): App\Controllers\AdminController->empdetails('assets', 'employer', 'plugins', 'bs-custom-file-input', 'bs-custom-file-input.min.js')
 7 SYSTEMPATH\CodeIgniter.php(494): CodeIgniter\CodeIgniter->runController(Object(App\Controllers\AdminController))
 8 SYSTEMPATH\CodeIgniter.php(353): CodeIgniter\CodeIgniter->handleRequest(null, Object(Config\Cache), false)
 9 FCPATH\index.php(79): CodeIgniter\CodeIgniter->run()
10 SYSTEMPATH\Commands\Server\rewrite.php(47): require_once('D:\\laragon\\www\\PesoLink\\public\\index.php')
CRITICAL - 2023-11-13 07:46:44 --> Trying to access array offset on value of type null
in APPPATH\Views\Admin\employerdetails.php on line 131.
 1 APPPATH\Views\Admin\employerdetails.php(131): CodeIgniter\Debug\Exceptions->errorHandler(2, 'Trying to access array offset on value of type null', 'D:\\laragon\\www\\PesoLink\\app\\Views\\Admin\\employerdetails.php', 131)
 2 SYSTEMPATH\View\View.php(226): include('D:\\laragon\\www\\PesoLink\\app\\Views\\Admin\\employerdetails.php')
 3 SYSTEMPATH\View\View.php(229): CodeIgniter\View\View->CodeIgniter\View\{closure}()
 4 SYSTEMPATH\Common.php(1188): CodeIgniter\View\View->render('Admin/employerdetails', [], true)
 5 APPPATH\Controllers\AdminController.php(39): view('Admin/employerdetails', [...])
 6 SYSTEMPATH\CodeIgniter.php(919): App\Controllers\AdminController->empdetails('assets', 'employer', 'dist', 'js', 'adminlte.min.js')
 7 SYSTEMPATH\CodeIgniter.php(494): CodeIgniter\CodeIgniter->runController(Object(App\Controllers\AdminController))
 8 SYSTEMPATH\CodeIgniter.php(353): CodeIgniter\CodeIgniter->handleRequest(null, Object(Config\Cache), false)
 9 FCPATH\index.php(79): CodeIgniter\CodeIgniter->run()
10 SYSTEMPATH\Commands\Server\rewrite.php(47): require_once('D:\\laragon\\www\\PesoLink\\public\\index.php')
CRITICAL - 2023-11-13 07:48:57 --> Trying to access array offset on value of type null
in APPPATH\Views\Admin\employerdetails.php on line 131.
 1 APPPATH\Views\Admin\employerdetails.php(131): CodeIgniter\Debug\Exceptions->errorHandler(2, 'Trying to access array offset on value of type null', 'D:\\laragon\\www\\PesoLink\\app\\Views\\Admin\\employerdetails.php', 131)
 2 SYSTEMPATH\View\View.php(226): include('D:\\laragon\\www\\PesoLink\\app\\Views\\Admin\\employerdetails.php')
 3 SYSTEMPATH\View\View.php(229): CodeIgniter\View\View->CodeIgniter\View\{closure}()
 4 SYSTEMPATH\Common.php(1188): CodeIgniter\View\View->render('Admin/employerdetails', [], true)
 5 APPPATH\Controllers\AdminController.php(39): view('Admin/employerdetails', [...])
 6 SYSTEMPATH\CodeIgniter.php(919): App\Controllers\AdminController->empdetails('assets', 'employer', 'plugins', 'fontawesome-free', 'css', 'all.min.css')
 7 SYSTEMPATH\CodeIgniter.php(494): CodeIgniter\CodeIgniter->runController(Object(App\Controllers\AdminController))
 8 SYSTEMPATH\CodeIgniter.php(353): CodeIgniter\CodeIgniter->handleRequest(null, Object(Config\Cache), false)
 9 FCPATH\index.php(79): CodeIgniter\CodeIgniter->run()
10 SYSTEMPATH\Commands\Server\rewrite.php(47): require_once('D:\\laragon\\www\\PesoLink\\public\\index.php')
CRITICAL - 2023-11-13 07:48:58 --> Trying to access array offset on value of type null
in APPPATH\Views\Admin\employerdetails.php on line 131.
 1 APPPATH\Views\Admin\employerdetails.php(131): CodeIgniter\Debug\Exceptions->errorHandler(2, 'Trying to access array offset on value of type null', 'D:\\laragon\\www\\PesoLink\\app\\Views\\Admin\\employerdetails.php', 131)
 2 SYSTEMPATH\View\View.php(226): include('D:\\laragon\\www\\PesoLink\\app\\Views\\Admin\\employerdetails.php')
 3 SYSTEMPATH\View\View.php(229): CodeIgniter\View\View->CodeIgniter\View\{closure}()
 4 SYSTEMPATH\Common.php(1188): CodeIgniter\View\View->render('Admin/employerdetails', [], true)
 5 APPPATH\Controllers\AdminController.php(39): view('Admin/employerdetails', [...])
 6 SYSTEMPATH\CodeIgniter.php(919): App\Controllers\AdminController->empdetails('assets', 'employer', 'dist', 'css', 'adminlte.min.css')
 7 SYSTEMPATH\CodeIgniter.php(494): CodeIgniter\CodeIgniter->runController(Object(App\Controllers\AdminController))
 8 SYSTEMPATH\CodeIgniter.php(353): CodeIgniter\CodeIgniter->handleRequest(null, Object(Config\Cache), false)
 9 FCPATH\index.php(79): CodeIgniter\CodeIgniter->run()
10 SYSTEMPATH\Commands\Server\rewrite.php(47): require_once('D:\\laragon\\www\\PesoLink\\public\\index.php')
CRITICAL - 2023-11-13 07:48:58 --> Trying to access array offset on value of type null
in APPPATH\Views\Admin\employerdetails.php on line 131.
 1 APPPATH\Views\Admin\employerdetails.php(131): CodeIgniter\Debug\Exceptions->errorHandler(2, 'Trying to access array offset on value of type null', 'D:\\laragon\\www\\PesoLink\\app\\Views\\Admin\\employerdetails.php', 131)
 2 SYSTEMPATH\View\View.php(226): include('D:\\laragon\\www\\PesoLink\\app\\Views\\Admin\\employerdetails.php')
 3 SYSTEMPATH\View\View.php(229): CodeIgniter\View\View->CodeIgniter\View\{closure}()
 4 SYSTEMPATH\Common.php(1188): CodeIgniter\View\View->render('Admin/employerdetails', [], true)
 5 APPPATH\Controllers\AdminController.php(39): view('Admin/employerdetails', [...])
 6 SYSTEMPATH\CodeIgniter.php(919): App\Controllers\AdminController->empdetails('assets', 'employer', 'plugins', 'jquery', 'jquery.min.js')
 7 SYSTEMPATH\CodeIgniter.php(494): CodeIgniter\CodeIgniter->runController(Object(App\Controllers\AdminController))
 8 SYSTEMPATH\CodeIgniter.php(353): CodeIgniter\CodeIgniter->handleRequest(null, Object(Config\Cache), false)
 9 FCPATH\index.php(79): CodeIgniter\CodeIgniter->run()
10 SYSTEMPATH\Commands\Server\rewrite.php(47): require_once('D:\\laragon\\www\\PesoLink\\public\\index.php')
CRITICAL - 2023-11-13 07:48:58 --> Trying to access array offset on value of type null
in APPPATH\Views\Admin\employerdetails.php on line 131.
 1 APPPATH\Views\Admin\employerdetails.php(131): CodeIgniter\Debug\Exceptions->errorHandler(2, 'Trying to access array offset on value of type null', 'D:\\laragon\\www\\PesoLink\\app\\Views\\Admin\\employerdetails.php', 131)
 2 SYSTEMPATH\View\View.php(226): include('D:\\laragon\\www\\PesoLink\\app\\Views\\Admin\\employerdetails.php')
 3 SYSTEMPATH\View\View.php(229): CodeIgniter\View\View->CodeIgniter\View\{closure}()
 4 SYSTEMPATH\Common.php(1188): CodeIgniter\View\View->render('Admin/employerdetails', [], true)
 5 APPPATH\Controllers\AdminController.php(39): view('Admin/employerdetails', [...])
 6 SYSTEMPATH\CodeIgniter.php(919): App\Controllers\AdminController->empdetails('assets', 'admin', 'dist', 'img', 'user2-160x160.jpg')
 7 SYSTEMPATH\CodeIgniter.php(494): CodeIgniter\CodeIgniter->runController(Object(App\Controllers\AdminController))
 8 SYSTEMPATH\CodeIgniter.php(353): CodeIgniter\CodeIgniter->handleRequest(null, Object(Config\Cache), false)
 9 FCPATH\index.php(79): CodeIgniter\CodeIgniter->run()
10 SYSTEMPATH\Commands\Server\rewrite.php(47): require_once('D:\\laragon\\www\\PesoLink\\public\\index.php')
CRITICAL - 2023-11-13 07:48:58 --> Trying to access array offset on value of type null
in APPPATH\Views\Admin\employerdetails.php on line 131.
 1 APPPATH\Views\Admin\employerdetails.php(131): CodeIgniter\Debug\Exceptions->errorHandler(2, 'Trying to access array offset on value of type null', 'D:\\laragon\\www\\PesoLink\\app\\Views\\Admin\\employerdetails.php', 131)
 2 SYSTEMPATH\View\View.php(226): include('D:\\laragon\\www\\PesoLink\\app\\Views\\Admin\\employerdetails.php')
 3 SYSTEMPATH\View\View.php(229): CodeIgniter\View\View->CodeIgniter\View\{closure}()
 4 SYSTEMPATH\Common.php(1188): CodeIgniter\View\View->render('Admin/employerdetails', [], true)
 5 APPPATH\Controllers\AdminController.php(39): view('Admin/employerdetails', [...])
 6 SYSTEMPATH\CodeIgniter.php(919): App\Controllers\AdminController->empdetails('assets', 'employer', 'plugins', 'bootstrap', 'js', 'bootstrap.bundle.min.js')
 7 SYSTEMPATH\CodeIgniter.php(494): CodeIgniter\CodeIgniter->runController(Object(App\Controllers\AdminController))
 8 SYSTEMPATH\CodeIgniter.php(353): CodeIgniter\CodeIgniter->handleRequest(null, Object(Config\Cache), false)
 9 FCPATH\index.php(79): CodeIgniter\CodeIgniter->run()
10 SYSTEMPATH\Commands\Server\rewrite.php(47): require_once('D:\\laragon\\www\\PesoLink\\public\\index.php')
CRITICAL - 2023-11-13 07:48:58 --> Trying to access array offset on value of type null
in APPPATH\Views\Admin\employerdetails.php on line 131.
 1 APPPATH\Views\Admin\employerdetails.php(131): CodeIgniter\Debug\Exceptions->errorHandler(2, 'Trying to access array offset on value of type null', 'D:\\laragon\\www\\PesoLink\\app\\Views\\Admin\\employerdetails.php', 131)
 2 SYSTEMPATH\View\View.php(226): include('D:\\laragon\\www\\PesoLink\\app\\Views\\Admin\\employerdetails.php')
 3 SYSTEMPATH\View\View.php(229): CodeIgniter\View\View->CodeIgniter\View\{closure}()
 4 SYSTEMPATH\Common.php(1188): CodeIgniter\View\View->render('Admin/employerdetails', [], true)
 5 APPPATH\Controllers\AdminController.php(39): view('Admin/employerdetails', [...])
 6 SYSTEMPATH\CodeIgniter.php(919): App\Controllers\AdminController->empdetails('assets', 'employer', 'plugins', 'bs-custom-file-input', 'bs-custom-file-input.min.js')
 7 SYSTEMPATH\CodeIgniter.php(494): CodeIgniter\CodeIgniter->runController(Object(App\Controllers\AdminController))
 8 SYSTEMPATH\CodeIgniter.php(353): CodeIgniter\CodeIgniter->handleRequest(null, Object(Config\Cache), false)
 9 FCPATH\index.php(79): CodeIgniter\CodeIgniter->run()
10 SYSTEMPATH\Commands\Server\rewrite.php(47): require_once('D:\\laragon\\www\\PesoLink\\public\\index.php')
CRITICAL - 2023-11-13 07:48:59 --> Trying to access array offset on value of type null
in APPPATH\Views\Admin\employerdetails.php on line 131.
 1 APPPATH\Views\Admin\employerdetails.php(131): CodeIgniter\Debug\Exceptions->errorHandler(2, 'Trying to access array offset on value of type null', 'D:\\laragon\\www\\PesoLink\\app\\Views\\Admin\\employerdetails.php', 131)
 2 SYSTEMPATH\View\View.php(226): include('D:\\laragon\\www\\PesoLink\\app\\Views\\Admin\\employerdetails.php')
 3 SYSTEMPATH\View\View.php(229): CodeIgniter\View\View->CodeIgniter\View\{closure}()
 4 SYSTEMPATH\Common.php(1188): CodeIgniter\View\View->render('Admin/employerdetails', [], true)
 5 APPPATH\Controllers\AdminController.php(39): view('Admin/employerdetails', [...])
 6 SYSTEMPATH\CodeIgniter.php(919): App\Controllers\AdminController->empdetails('assets', 'employer', 'dist', 'js', 'adminlte.min.js')
 7 SYSTEMPATH\CodeIgniter.php(494): CodeIgniter\CodeIgniter->runController(Object(App\Controllers\AdminController))
 8 SYSTEMPATH\CodeIgniter.php(353): CodeIgniter\CodeIgniter->handleRequest(null, Object(Config\Cache), false)
 9 FCPATH\index.php(79): CodeIgniter\CodeIgniter->run()
10 SYSTEMPATH\Commands\Server\rewrite.php(47): require_once('D:\\laragon\\www\\PesoLink\\public\\index.php')
CRITICAL - 2023-11-13 07:50:24 --> Trying to access array offset on value of type null
in APPPATH\Views\Admin\employerdetails.php on line 131.
 1 APPPATH\Views\Admin\employerdetails.php(131): CodeIgniter\Debug\Exceptions->errorHandler(2, 'Trying to access array offset on value of type null', 'D:\\laragon\\www\\PesoLink\\app\\Views\\Admin\\employerdetails.php', 131)
 2 SYSTEMPATH\View\View.php(226): include('D:\\laragon\\www\\PesoLink\\app\\Views\\Admin\\employerdetails.php')
 3 SYSTEMPATH\View\View.php(229): CodeIgniter\View\View->CodeIgniter\View\{closure}()
 4 SYSTEMPATH\Common.php(1188): CodeIgniter\View\View->render('Admin/employerdetails', [], true)
 5 APPPATH\Controllers\AdminController.php(39): view('Admin/employerdetails', [...])
 6 SYSTEMPATH\CodeIgniter.php(919): App\Controllers\AdminController->empdetails('assets', 'employer', 'plugins', 'fontawesome-free', 'css', 'all.min.css')
 7 SYSTEMPATH\CodeIgniter.php(494): CodeIgniter\CodeIgniter->runController(Object(App\Controllers\AdminController))
 8 SYSTEMPATH\CodeIgniter.php(353): CodeIgniter\CodeIgniter->handleRequest(null, Object(Config\Cache), false)
 9 FCPATH\index.php(79): CodeIgniter\CodeIgniter->run()
10 SYSTEMPATH\Commands\Server\rewrite.php(47): require_once('D:\\laragon\\www\\PesoLink\\public\\index.php')
CRITICAL - 2023-11-13 07:50:26 --> Trying to access array offset on value of type null
in APPPATH\Views\Admin\employerdetails.php on line 131.
 1 APPPATH\Views\Admin\employerdetails.php(131): CodeIgniter\Debug\Exceptions->errorHandler(2, 'Trying to access array offset on value of type null', 'D:\\laragon\\www\\PesoLink\\app\\Views\\Admin\\employerdetails.php', 131)
 2 SYSTEMPATH\View\View.php(226): include('D:\\laragon\\www\\PesoLink\\app\\Views\\Admin\\employerdetails.php')
 3 SYSTEMPATH\View\View.php(229): CodeIgniter\View\View->CodeIgniter\View\{closure}()
 4 SYSTEMPATH\Common.php(1188): CodeIgniter\View\View->render('Admin/employerdetails', [], true)
 5 APPPATH\Controllers\AdminController.php(39): view('Admin/employerdetails', [...])
 6 SYSTEMPATH\CodeIgniter.php(919): App\Controllers\AdminController->empdetails('assets', 'employer', 'dist', 'css', 'adminlte.min.css')
 7 SYSTEMPATH\CodeIgniter.php(494): CodeIgniter\CodeIgniter->runController(Object(App\Controllers\AdminController))
 8 SYSTEMPATH\CodeIgniter.php(353): CodeIgniter\CodeIgniter->handleRequest(null, Object(Config\Cache), false)
 9 FCPATH\index.php(79): CodeIgniter\CodeIgniter->run()
10 SYSTEMPATH\Commands\Server\rewrite.php(47): require_once('D:\\laragon\\www\\PesoLink\\public\\index.php')
CRITICAL - 2023-11-13 07:50:26 --> Trying to access array offset on value of type null
in APPPATH\Views\Admin\employerdetails.php on line 131.
 1 APPPATH\Views\Admin\employerdetails.php(131): CodeIgniter\Debug\Exceptions->errorHandler(2, 'Trying to access array offset on value of type null', 'D:\\laragon\\www\\PesoLink\\app\\Views\\Admin\\employerdetails.php', 131)
 2 SYSTEMPATH\View\View.php(226): include('D:\\laragon\\www\\PesoLink\\app\\Views\\Admin\\employerdetails.php')
 3 SYSTEMPATH\View\View.php(229): CodeIgniter\View\View->CodeIgniter\View\{closure}()
 4 SYSTEMPATH\Common.php(1188): CodeIgniter\View\View->render('Admin/employerdetails', [], true)
 5 APPPATH\Controllers\AdminController.php(39): view('Admin/employerdetails', [...])
 6 SYSTEMPATH\CodeIgniter.php(919): App\Controllers\AdminController->empdetails('assets', 'admin', 'dist', 'img', 'user2-160x160.jpg')
 7 SYSTEMPATH\CodeIgniter.php(494): CodeIgniter\CodeIgniter->runController(Object(App\Controllers\AdminController))
 8 SYSTEMPATH\CodeIgniter.php(353): CodeIgniter\CodeIgniter->handleRequest(null, Object(Config\Cache), false)
 9 FCPATH\index.php(79): CodeIgniter\CodeIgniter->run()
10 SYSTEMPATH\Commands\Server\rewrite.php(47): require_once('D:\\laragon\\www\\PesoLink\\public\\index.php')
CRITICAL - 2023-11-13 07:50:26 --> Trying to access array offset on value of type null
in APPPATH\Views\Admin\employerdetails.php on line 131.
 1 APPPATH\Views\Admin\employerdetails.php(131): CodeIgniter\Debug\Exceptions->errorHandler(2, 'Trying to access array offset on value of type null', 'D:\\laragon\\www\\PesoLink\\app\\Views\\Admin\\employerdetails.php', 131)
 2 SYSTEMPATH\View\View.php(226): include('D:\\laragon\\www\\PesoLink\\app\\Views\\Admin\\employerdetails.php')
 3 SYSTEMPATH\View\View.php(229): CodeIgniter\View\View->CodeIgniter\View\{closure}()
 4 SYSTEMPATH\Common.php(1188): CodeIgniter\View\View->render('Admin/employerdetails', [], true)
 5 APPPATH\Controllers\AdminController.php(39): view('Admin/employerdetails', [...])
 6 SYSTEMPATH\CodeIgniter.php(919): App\Controllers\AdminController->empdetails('assets', 'employer', 'plugins', 'jquery', 'jquery.min.js')
 7 SYSTEMPATH\CodeIgniter.php(494): CodeIgniter\CodeIgniter->runController(Object(App\Controllers\AdminController))
 8 SYSTEMPATH\CodeIgniter.php(353): CodeIgniter\CodeIgniter->handleRequest(null, Object(Config\Cache), false)
 9 FCPATH\index.php(79): CodeIgniter\CodeIgniter->run()
10 SYSTEMPATH\Commands\Server\rewrite.php(47): require_once('D:\\laragon\\www\\PesoLink\\public\\index.php')
CRITICAL - 2023-11-13 07:50:26 --> Trying to access array offset on value of type null
in APPPATH\Views\Admin\employerdetails.php on line 131.
 1 APPPATH\Views\Admin\employerdetails.php(131): CodeIgniter\Debug\Exceptions->errorHandler(2, 'Trying to access array offset on value of type null', 'D:\\laragon\\www\\PesoLink\\app\\Views\\Admin\\employerdetails.php', 131)
 2 SYSTEMPATH\View\View.php(226): include('D:\\laragon\\www\\PesoLink\\app\\Views\\Admin\\employerdetails.php')
 3 SYSTEMPATH\View\View.php(229): CodeIgniter\View\View->CodeIgniter\View\{closure}()
 4 SYSTEMPATH\Common.php(1188): CodeIgniter\View\View->render('Admin/employerdetails', [], true)
 5 APPPATH\Controllers\AdminController.php(39): view('Admin/employerdetails', [...])
 6 SYSTEMPATH\CodeIgniter.php(919): App\Controllers\AdminController->empdetails('assets', 'employer', 'plugins', 'bootstrap', 'js', 'bootstrap.bundle.min.js')
 7 SYSTEMPATH\CodeIgniter.php(494): CodeIgniter\CodeIgniter->runController(Object(App\Controllers\AdminController))
 8 SYSTEMPATH\CodeIgniter.php(353): CodeIgniter\CodeIgniter->handleRequest(null, Object(Config\Cache), false)
 9 FCPATH\index.php(79): CodeIgniter\CodeIgniter->run()
10 SYSTEMPATH\Commands\Server\rewrite.php(47): require_once('D:\\laragon\\www\\PesoLink\\public\\index.php')
CRITICAL - 2023-11-13 07:50:27 --> Trying to access array offset on value of type null
in APPPATH\Views\Admin\employerdetails.php on line 131.
 1 APPPATH\Views\Admin\employerdetails.php(131): CodeIgniter\Debug\Exceptions->errorHandler(2, 'Trying to access array offset on value of type null', 'D:\\laragon\\www\\PesoLink\\app\\Views\\Admin\\employerdetails.php', 131)
 2 SYSTEMPATH\View\View.php(226): include('D:\\laragon\\www\\PesoLink\\app\\Views\\Admin\\employerdetails.php')
 3 SYSTEMPATH\View\View.php(229): CodeIgniter\View\View->CodeIgniter\View\{closure}()
 4 SYSTEMPATH\Common.php(1188): CodeIgniter\View\View->render('Admin/employerdetails', [], true)
 5 APPPATH\Controllers\AdminController.php(39): view('Admin/employerdetails', [...])
 6 SYSTEMPATH\CodeIgniter.php(919): App\Controllers\AdminController->empdetails('assets', 'employer', 'plugins', 'bs-custom-file-input', 'bs-custom-file-input.min.js')
 7 SYSTEMPATH\CodeIgniter.php(494): CodeIgniter\CodeIgniter->runController(Object(App\Controllers\AdminController))
 8 SYSTEMPATH\CodeIgniter.php(353): CodeIgniter\CodeIgniter->handleRequest(null, Object(Config\Cache), false)
 9 FCPATH\index.php(79): CodeIgniter\CodeIgniter->run()
10 SYSTEMPATH\Commands\Server\rewrite.php(47): require_once('D:\\laragon\\www\\PesoLink\\public\\index.php')
CRITICAL - 2023-11-13 07:50:27 --> Trying to access array offset on value of type null
in APPPATH\Views\Admin\employerdetails.php on line 131.
 1 APPPATH\Views\Admin\employerdetails.php(131): CodeIgniter\Debug\Exceptions->errorHandler(2, 'Trying to access array offset on value of type null', 'D:\\laragon\\www\\PesoLink\\app\\Views\\Admin\\employerdetails.php', 131)
 2 SYSTEMPATH\View\View.php(226): include('D:\\laragon\\www\\PesoLink\\app\\Views\\Admin\\employerdetails.php')
 3 SYSTEMPATH\View\View.php(229): CodeIgniter\View\View->CodeIgniter\View\{closure}()
 4 SYSTEMPATH\Common.php(1188): CodeIgniter\View\View->render('Admin/employerdetails', [], true)
 5 APPPATH\Controllers\AdminController.php(39): view('Admin/employerdetails', [...])
 6 SYSTEMPATH\CodeIgniter.php(919): App\Controllers\AdminController->empdetails('assets', 'employer', 'dist', 'js', 'adminlte.min.js')
 7 SYSTEMPATH\CodeIgniter.php(494): CodeIgniter\CodeIgniter->runController(Object(App\Controllers\AdminController))
 8 SYSTEMPATH\CodeIgniter.php(353): CodeIgniter\CodeIgniter->handleRequest(null, Object(Config\Cache), false)
 9 FCPATH\index.php(79): CodeIgniter\CodeIgniter->run()
10 SYSTEMPATH\Commands\Server\rewrite.php(47): require_once('D:\\laragon\\www\\PesoLink\\public\\index.php')
