CRITICAL - 2023-11-25 00:11:26 --> Undefined variable $password
in APPPATH\Controllers\UserController.php on line 76.
 1 APPPATH\Controllers\UserController.php(76): CodeIgniter\Debug\Exceptions->errorHandler(2, 'Undefined variable $password', 'D:\\laragon\\www\\pesolink\\app\\Controllers\\UserController.php', 76)
 2 SYSTEMPATH\CodeIgniter.php(919): App\Controllers\UserController->save()
 3 SYSTEMPATH\CodeIgniter.php(494): CodeIgniter\CodeIgniter->runController(Object(App\Controllers\UserController))
 4 SYSTEMPATH\CodeIgniter.php(353): CodeIgniter\CodeIgniter->handleRequest(null, Object(Config\Cache), false)
 5 FCPATH\index.php(87): CodeIgniter\CodeIgniter->run()
 6 SYSTEMPATH\Commands\Server\rewrite.php(47): require_once('D:\\laragon\\www\\pesolink\\public\\index.php')
CRITICAL - 2023-11-25 00:13:32 --> Undefined variable $password
in APPPATH\Controllers\UserController.php on line 76.
 1 APPPATH\Controllers\UserController.php(76): CodeIgniter\Debug\Exceptions->errorHandler(2, 'Undefined variable $password', 'D:\\laragon\\www\\pesolink\\app\\Controllers\\UserController.php', 76)
 2 SYSTEMPATH\CodeIgniter.php(919): App\Controllers\UserController->save()
 3 SYSTEMPATH\CodeIgniter.php(494): CodeIgniter\CodeIgniter->runController(Object(App\Controllers\UserController))
 4 SYSTEMPATH\CodeIgniter.php(353): CodeIgniter\CodeIgniter->handleRequest(null, Object(Config\Cache), false)
 5 FCPATH\index.php(87): CodeIgniter\CodeIgniter->run()
 6 SYSTEMPATH\Commands\Server\rewrite.php(47): require_once('D:\\laragon\\www\\pesolink\\public\\index.php')
CRITICAL - 2023-11-25 00:14:11 --> Undefined variable $password
in APPPATH\Controllers\UserController.php on line 77.
 1 APPPATH\Controllers\UserController.php(77): CodeIgniter\Debug\Exceptions->errorHandler(2, 'Undefined variable $password', 'D:\\laragon\\www\\pesolink\\app\\Controllers\\UserController.php', 77)
 2 SYSTEMPATH\CodeIgniter.php(919): App\Controllers\UserController->save()
 3 SYSTEMPATH\CodeIgniter.php(494): CodeIgniter\CodeIgniter->runController(Object(App\Controllers\UserController))
 4 SYSTEMPATH\CodeIgniter.php(353): CodeIgniter\CodeIgniter->handleRequest(null, Object(Config\Cache), false)
 5 FCPATH\index.php(87): CodeIgniter\CodeIgniter->run()
 6 SYSTEMPATH\Commands\Server\rewrite.php(47): require_once('D:\\laragon\\www\\pesolink\\public\\index.php')
CRITICAL - 2023-11-25 00:25:15 --> CodeIgniter\Validation\Validation::run(): Argument #1 ($data) must be of type ?array, stdClass given, called in D:\laragon\www\pesolink\app\Controllers\UserController.php on line 93
in SYSTEMPATH\Validation\Validation.php on line 132.
 1 APPPATH\Controllers\UserController.php(93): CodeIgniter\Validation\Validation->run(Object(stdClass))
 2 SYSTEMPATH\CodeIgniter.php(919): App\Controllers\UserController->save()
 3 SYSTEMPATH\CodeIgniter.php(494): CodeIgniter\CodeIgniter->runController(Object(App\Controllers\UserController))
 4 SYSTEMPATH\CodeIgniter.php(353): CodeIgniter\CodeIgniter->handleRequest(null, Object(Config\Cache), false)
 5 FCPATH\index.php(87): CodeIgniter\CodeIgniter->run()
 6 SYSTEMPATH\Commands\Server\rewrite.php(47): require_once('D:\\laragon\\www\\pesolink\\public\\index.php')
CRITICAL - 2023-11-25 00:39:06 --> CodeIgniter\Validation\Validation::run(): Argument #1 ($data) must be of type ?array, stdClass given, called in D:\laragon\www\pesolink\app\Controllers\UserController.php on line 93
in SYSTEMPATH\Validation\Validation.php on line 132.
 1 APPPATH\Controllers\UserController.php(93): CodeIgniter\Validation\Validation->run(Object(stdClass))
 2 SYSTEMPATH\CodeIgniter.php(919): App\Controllers\UserController->save()
 3 SYSTEMPATH\CodeIgniter.php(494): CodeIgniter\CodeIgniter->runController(Object(App\Controllers\UserController))
 4 SYSTEMPATH\CodeIgniter.php(353): CodeIgniter\CodeIgniter->handleRequest(null, Object(Config\Cache), false)
 5 FCPATH\index.php(87): CodeIgniter\CodeIgniter->run()
 6 SYSTEMPATH\Commands\Server\rewrite.php(47): require_once('D:\\laragon\\www\\pesolink\\public\\index.php')
CRITICAL - 2023-11-25 00:39:06 --> CodeIgniter\Validation\Validation::run(): Argument #1 ($data) must be of type ?array, stdClass given, called in D:\laragon\www\pesolink\app\Controllers\UserController.php on line 93
in SYSTEMPATH\Validation\Validation.php on line 132.
 1 APPPATH\Controllers\UserController.php(93): CodeIgniter\Validation\Validation->run(Object(stdClass))
 2 SYSTEMPATH\CodeIgniter.php(919): App\Controllers\UserController->save()
 3 SYSTEMPATH\CodeIgniter.php(494): CodeIgniter\CodeIgniter->runController(Object(App\Controllers\UserController))
 4 SYSTEMPATH\CodeIgniter.php(353): CodeIgniter\CodeIgniter->handleRequest(null, Object(Config\Cache), false)
 5 FCPATH\index.php(87): CodeIgniter\CodeIgniter->run()
 6 SYSTEMPATH\Commands\Server\rewrite.php(47): require_once('D:\\laragon\\www\\pesolink\\public\\index.php')
CRITICAL - 2023-11-25 00:48:46 --> CodeIgniter\Validation\Validation::run(): Argument #1 ($data) must be of type ?array, stdClass given, called in D:\laragon\www\pesolink\app\Controllers\UserController.php on line 93
in SYSTEMPATH\Validation\Validation.php on line 132.
 1 APPPATH\Controllers\UserController.php(93): CodeIgniter\Validation\Validation->run(Object(stdClass))
 2 SYSTEMPATH\CodeIgniter.php(919): App\Controllers\UserController->save()
 3 SYSTEMPATH\CodeIgniter.php(494): CodeIgniter\CodeIgniter->runController(Object(App\Controllers\UserController))
 4 SYSTEMPATH\CodeIgniter.php(353): CodeIgniter\CodeIgniter->handleRequest(null, Object(Config\Cache), false)
 5 FCPATH\index.php(87): CodeIgniter\CodeIgniter->run()
 6 SYSTEMPATH\Commands\Server\rewrite.php(47): require_once('D:\\laragon\\www\\pesolink\\public\\index.php')
CRITICAL - 2023-11-25 00:49:46 --> CodeIgniter\Validation\Validation::run(): Argument #1 ($data) must be of type ?array, stdClass given, called in D:\laragon\www\pesolink\app\Controllers\UserController.php on line 93
in SYSTEMPATH\Validation\Validation.php on line 132.
 1 APPPATH\Controllers\UserController.php(93): CodeIgniter\Validation\Validation->run(Object(stdClass))
 2 SYSTEMPATH\CodeIgniter.php(919): App\Controllers\UserController->save()
 3 SYSTEMPATH\CodeIgniter.php(494): CodeIgniter\CodeIgniter->runController(Object(App\Controllers\UserController))
 4 SYSTEMPATH\CodeIgniter.php(353): CodeIgniter\CodeIgniter->handleRequest(null, Object(Config\Cache), false)
 5 FCPATH\index.php(87): CodeIgniter\CodeIgniter->run()
 6 SYSTEMPATH\Commands\Server\rewrite.php(47): require_once('D:\\laragon\\www\\pesolink\\public\\index.php')
CRITICAL - 2023-11-25 00:58:09 --> CodeIgniter\Validation\Validation::run(): Argument #1 ($data) must be of type ?array, stdClass given, called in D:\laragon\www\pesolink\app\Controllers\UserController.php on line 94
in SYSTEMPATH\Validation\Validation.php on line 132.
 1 APPPATH\Controllers\UserController.php(94): CodeIgniter\Validation\Validation->run(Object(stdClass))
 2 SYSTEMPATH\CodeIgniter.php(919): App\Controllers\UserController->save()
 3 SYSTEMPATH\CodeIgniter.php(494): CodeIgniter\CodeIgniter->runController(Object(App\Controllers\UserController))
 4 SYSTEMPATH\CodeIgniter.php(353): CodeIgniter\CodeIgniter->handleRequest(null, Object(Config\Cache), false)
 5 FCPATH\index.php(87): CodeIgniter\CodeIgniter->run()
 6 SYSTEMPATH\Commands\Server\rewrite.php(47): require_once('D:\\laragon\\www\\pesolink\\public\\index.php')
CRITICAL - 2023-11-25 00:58:11 --> CodeIgniter\Validation\Validation::run(): Argument #1 ($data) must be of type ?array, stdClass given, called in D:\laragon\www\pesolink\app\Controllers\UserController.php on line 94
in SYSTEMPATH\Validation\Validation.php on line 132.
 1 APPPATH\Controllers\UserController.php(94): CodeIgniter\Validation\Validation->run(Object(stdClass))
 2 SYSTEMPATH\CodeIgniter.php(919): App\Controllers\UserController->save()
 3 SYSTEMPATH\CodeIgniter.php(494): CodeIgniter\CodeIgniter->runController(Object(App\Controllers\UserController))
 4 SYSTEMPATH\CodeIgniter.php(353): CodeIgniter\CodeIgniter->handleRequest(null, Object(Config\Cache), false)
 5 FCPATH\index.php(87): CodeIgniter\CodeIgniter->run()
 6 SYSTEMPATH\Commands\Server\rewrite.php(47): require_once('D:\\laragon\\www\\pesolink\\public\\index.php')
CRITICAL - 2023-11-25 00:58:15 --> CodeIgniter\Validation\Validation::run(): Argument #1 ($data) must be of type ?array, stdClass given, called in D:\laragon\www\pesolink\app\Controllers\UserController.php on line 94
in SYSTEMPATH\Validation\Validation.php on line 132.
 1 APPPATH\Controllers\UserController.php(94): CodeIgniter\Validation\Validation->run(Object(stdClass))
 2 SYSTEMPATH\CodeIgniter.php(919): App\Controllers\UserController->save()
 3 SYSTEMPATH\CodeIgniter.php(494): CodeIgniter\CodeIgniter->runController(Object(App\Controllers\UserController))
 4 SYSTEMPATH\CodeIgniter.php(353): CodeIgniter\CodeIgniter->handleRequest(null, Object(Config\Cache), false)
 5 FCPATH\index.php(87): CodeIgniter\CodeIgniter->run()
 6 SYSTEMPATH\Commands\Server\rewrite.php(47): require_once('D:\\laragon\\www\\pesolink\\public\\index.php')
CRITICAL - 2023-11-25 00:58:18 --> CodeIgniter\Validation\Validation::run(): Argument #1 ($data) must be of type ?array, stdClass given, called in D:\laragon\www\pesolink\app\Controllers\UserController.php on line 94
in SYSTEMPATH\Validation\Validation.php on line 132.
 1 APPPATH\Controllers\UserController.php(94): CodeIgniter\Validation\Validation->run(Object(stdClass))
 2 SYSTEMPATH\CodeIgniter.php(919): App\Controllers\UserController->save()
 3 SYSTEMPATH\CodeIgniter.php(494): CodeIgniter\CodeIgniter->runController(Object(App\Controllers\UserController))
 4 SYSTEMPATH\CodeIgniter.php(353): CodeIgniter\CodeIgniter->handleRequest(null, Object(Config\Cache), false)
 5 FCPATH\index.php(87): CodeIgniter\CodeIgniter->run()
 6 SYSTEMPATH\Commands\Server\rewrite.php(47): require_once('D:\\laragon\\www\\pesolink\\public\\index.php')
CRITICAL - 2023-11-25 00:58:24 --> CodeIgniter\Validation\Validation::run(): Argument #1 ($data) must be of type ?array, stdClass given, called in D:\laragon\www\pesolink\app\Controllers\UserController.php on line 94
in SYSTEMPATH\Validation\Validation.php on line 132.
 1 APPPATH\Controllers\UserController.php(94): CodeIgniter\Validation\Validation->run(Object(stdClass))
 2 SYSTEMPATH\CodeIgniter.php(919): App\Controllers\UserController->save()
 3 SYSTEMPATH\CodeIgniter.php(494): CodeIgniter\CodeIgniter->runController(Object(App\Controllers\UserController))
 4 SYSTEMPATH\CodeIgniter.php(353): CodeIgniter\CodeIgniter->handleRequest(null, Object(Config\Cache), false)
 5 FCPATH\index.php(87): CodeIgniter\CodeIgniter->run()
 6 SYSTEMPATH\Commands\Server\rewrite.php(47): require_once('D:\\laragon\\www\\pesolink\\public\\index.php')
CRITICAL - 2023-11-25 00:58:59 --> CodeIgniter\Validation\Validation::run(): Argument #1 ($data) must be of type ?array, stdClass given, called in D:\laragon\www\pesolink\app\Controllers\UserController.php on line 94
in SYSTEMPATH\Validation\Validation.php on line 132.
 1 APPPATH\Controllers\UserController.php(94): CodeIgniter\Validation\Validation->run(Object(stdClass))
 2 SYSTEMPATH\CodeIgniter.php(919): App\Controllers\UserController->save()
 3 SYSTEMPATH\CodeIgniter.php(494): CodeIgniter\CodeIgniter->runController(Object(App\Controllers\UserController))
 4 SYSTEMPATH\CodeIgniter.php(353): CodeIgniter\CodeIgniter->handleRequest(null, Object(Config\Cache), false)
 5 FCPATH\index.php(87): CodeIgniter\CodeIgniter->run()
 6 SYSTEMPATH\Commands\Server\rewrite.php(47): require_once('D:\\laragon\\www\\pesolink\\public\\index.php')
CRITICAL - 2023-11-25 00:59:00 --> CodeIgniter\Validation\Validation::run(): Argument #1 ($data) must be of type ?array, stdClass given, called in D:\laragon\www\pesolink\app\Controllers\UserController.php on line 94
in SYSTEMPATH\Validation\Validation.php on line 132.
 1 APPPATH\Controllers\UserController.php(94): CodeIgniter\Validation\Validation->run(Object(stdClass))
 2 SYSTEMPATH\CodeIgniter.php(919): App\Controllers\UserController->save()
 3 SYSTEMPATH\CodeIgniter.php(494): CodeIgniter\CodeIgniter->runController(Object(App\Controllers\UserController))
 4 SYSTEMPATH\CodeIgniter.php(353): CodeIgniter\CodeIgniter->handleRequest(null, Object(Config\Cache), false)
 5 FCPATH\index.php(87): CodeIgniter\CodeIgniter->run()
 6 SYSTEMPATH\Commands\Server\rewrite.php(47): require_once('D:\\laragon\\www\\pesolink\\public\\index.php')
CRITICAL - 2023-11-25 00:59:00 --> CodeIgniter\Validation\Validation::run(): Argument #1 ($data) must be of type ?array, stdClass given, called in D:\laragon\www\pesolink\app\Controllers\UserController.php on line 94
in SYSTEMPATH\Validation\Validation.php on line 132.
 1 APPPATH\Controllers\UserController.php(94): CodeIgniter\Validation\Validation->run(Object(stdClass))
 2 SYSTEMPATH\CodeIgniter.php(919): App\Controllers\UserController->save()
 3 SYSTEMPATH\CodeIgniter.php(494): CodeIgniter\CodeIgniter->runController(Object(App\Controllers\UserController))
 4 SYSTEMPATH\CodeIgniter.php(353): CodeIgniter\CodeIgniter->handleRequest(null, Object(Config\Cache), false)
 5 FCPATH\index.php(87): CodeIgniter\CodeIgniter->run()
 6 SYSTEMPATH\Commands\Server\rewrite.php(47): require_once('D:\\laragon\\www\\pesolink\\public\\index.php')
CRITICAL - 2023-11-25 00:59:12 --> CodeIgniter\Validation\Validation::run(): Argument #1 ($data) must be of type ?array, stdClass given, called in D:\laragon\www\pesolink\app\Controllers\UserController.php on line 94
in SYSTEMPATH\Validation\Validation.php on line 132.
 1 APPPATH\Controllers\UserController.php(94): CodeIgniter\Validation\Validation->run(Object(stdClass))
 2 SYSTEMPATH\CodeIgniter.php(919): App\Controllers\UserController->save()
 3 SYSTEMPATH\CodeIgniter.php(494): CodeIgniter\CodeIgniter->runController(Object(App\Controllers\UserController))
 4 SYSTEMPATH\CodeIgniter.php(353): CodeIgniter\CodeIgniter->handleRequest(null, Object(Config\Cache), false)
 5 FCPATH\index.php(87): CodeIgniter\CodeIgniter->run()
 6 SYSTEMPATH\Commands\Server\rewrite.php(47): require_once('D:\\laragon\\www\\pesolink\\public\\index.php')
CRITICAL - 2023-11-25 00:59:16 --> CodeIgniter\Validation\Validation::run(): Argument #1 ($data) must be of type ?array, stdClass given, called in D:\laragon\www\pesolink\app\Controllers\UserController.php on line 94
in SYSTEMPATH\Validation\Validation.php on line 132.
 1 APPPATH\Controllers\UserController.php(94): CodeIgniter\Validation\Validation->run(Object(stdClass))
 2 SYSTEMPATH\CodeIgniter.php(919): App\Controllers\UserController->save()
 3 SYSTEMPATH\CodeIgniter.php(494): CodeIgniter\CodeIgniter->runController(Object(App\Controllers\UserController))
 4 SYSTEMPATH\CodeIgniter.php(353): CodeIgniter\CodeIgniter->handleRequest(null, Object(Config\Cache), false)
 5 FCPATH\index.php(87): CodeIgniter\CodeIgniter->run()
 6 SYSTEMPATH\Commands\Server\rewrite.php(47): require_once('D:\\laragon\\www\\pesolink\\public\\index.php')
CRITICAL - 2023-11-25 00:59:17 --> CodeIgniter\Validation\Validation::run(): Argument #1 ($data) must be of type ?array, stdClass given, called in D:\laragon\www\pesolink\app\Controllers\UserController.php on line 94
in SYSTEMPATH\Validation\Validation.php on line 132.
 1 APPPATH\Controllers\UserController.php(94): CodeIgniter\Validation\Validation->run(Object(stdClass))
 2 SYSTEMPATH\CodeIgniter.php(919): App\Controllers\UserController->save()
 3 SYSTEMPATH\CodeIgniter.php(494): CodeIgniter\CodeIgniter->runController(Object(App\Controllers\UserController))
 4 SYSTEMPATH\CodeIgniter.php(353): CodeIgniter\CodeIgniter->handleRequest(null, Object(Config\Cache), false)
 5 FCPATH\index.php(87): CodeIgniter\CodeIgniter->run()
 6 SYSTEMPATH\Commands\Server\rewrite.php(47): require_once('D:\\laragon\\www\\pesolink\\public\\index.php')
CRITICAL - 2023-11-25 00:59:18 --> CodeIgniter\Validation\Validation::run(): Argument #1 ($data) must be of type ?array, stdClass given, called in D:\laragon\www\pesolink\app\Controllers\UserController.php on line 94
in SYSTEMPATH\Validation\Validation.php on line 132.
 1 APPPATH\Controllers\UserController.php(94): CodeIgniter\Validation\Validation->run(Object(stdClass))
 2 SYSTEMPATH\CodeIgniter.php(919): App\Controllers\UserController->save()
 3 SYSTEMPATH\CodeIgniter.php(494): CodeIgniter\CodeIgniter->runController(Object(App\Controllers\UserController))
 4 SYSTEMPATH\CodeIgniter.php(353): CodeIgniter\CodeIgniter->handleRequest(null, Object(Config\Cache), false)
 5 FCPATH\index.php(87): CodeIgniter\CodeIgniter->run()
 6 SYSTEMPATH\Commands\Server\rewrite.php(47): require_once('D:\\laragon\\www\\pesolink\\public\\index.php')
CRITICAL - 2023-11-25 01:07:01 --> CodeIgniter\Validation\Validation::run(): Argument #1 ($data) must be of type ?array, stdClass given, called in D:\laragon\www\pesolink\app\Controllers\UserController.php on line 94
in SYSTEMPATH\Validation\Validation.php on line 132.
 1 APPPATH\Controllers\UserController.php(94): CodeIgniter\Validation\Validation->run(Object(stdClass))
 2 SYSTEMPATH\CodeIgniter.php(919): App\Controllers\UserController->save()
 3 SYSTEMPATH\CodeIgniter.php(494): CodeIgniter\CodeIgniter->runController(Object(App\Controllers\UserController))
 4 SYSTEMPATH\CodeIgniter.php(353): CodeIgniter\CodeIgniter->handleRequest(null, Object(Config\Cache), false)
 5 FCPATH\index.php(87): CodeIgniter\CodeIgniter->run()
 6 SYSTEMPATH\Commands\Server\rewrite.php(47): require_once('D:\\laragon\\www\\pesolink\\public\\index.php')
CRITICAL - 2023-11-25 01:10:15 --> CodeIgniter\Validation\Validation::run(): Argument #1 ($data) must be of type ?array, stdClass given, called in D:\laragon\www\pesolink\app\Controllers\UserController.php on line 94
in SYSTEMPATH\Validation\Validation.php on line 132.
 1 APPPATH\Controllers\UserController.php(94): CodeIgniter\Validation\Validation->run(Object(stdClass))
 2 SYSTEMPATH\CodeIgniter.php(919): App\Controllers\UserController->save()
 3 SYSTEMPATH\CodeIgniter.php(494): CodeIgniter\CodeIgniter->runController(Object(App\Controllers\UserController))
 4 SYSTEMPATH\CodeIgniter.php(353): CodeIgniter\CodeIgniter->handleRequest(null, Object(Config\Cache), false)
 5 FCPATH\index.php(87): CodeIgniter\CodeIgniter->run()
 6 SYSTEMPATH\Commands\Server\rewrite.php(47): require_once('D:\\laragon\\www\\pesolink\\public\\index.php')
CRITICAL - 2023-11-25 01:10:29 --> CodeIgniter\Validation\Validation::run(): Argument #1 ($data) must be of type ?array, stdClass given, called in D:\laragon\www\pesolink\app\Controllers\UserController.php on line 94
in SYSTEMPATH\Validation\Validation.php on line 132.
 1 APPPATH\Controllers\UserController.php(94): CodeIgniter\Validation\Validation->run(Object(stdClass))
 2 SYSTEMPATH\CodeIgniter.php(919): App\Controllers\UserController->save()
 3 SYSTEMPATH\CodeIgniter.php(494): CodeIgniter\CodeIgniter->runController(Object(App\Controllers\UserController))
 4 SYSTEMPATH\CodeIgniter.php(353): CodeIgniter\CodeIgniter->handleRequest(null, Object(Config\Cache), false)
 5 FCPATH\index.php(87): CodeIgniter\CodeIgniter->run()
 6 SYSTEMPATH\Commands\Server\rewrite.php(47): require_once('D:\\laragon\\www\\pesolink\\public\\index.php')
CRITICAL - 2023-11-25 01:16:44 --> CodeIgniter\Validation\Validation::run(): Argument #1 ($data) must be of type ?array, stdClass given, called in D:\laragon\www\pesolink\app\Controllers\UserController.php on line 94
in SYSTEMPATH\Validation\Validation.php on line 132.
 1 APPPATH\Controllers\UserController.php(94): CodeIgniter\Validation\Validation->run(Object(stdClass))
 2 SYSTEMPATH\CodeIgniter.php(919): App\Controllers\UserController->save()
 3 SYSTEMPATH\CodeIgniter.php(494): CodeIgniter\CodeIgniter->runController(Object(App\Controllers\UserController))
 4 SYSTEMPATH\CodeIgniter.php(353): CodeIgniter\CodeIgniter->handleRequest(null, Object(Config\Cache), false)
 5 FCPATH\index.php(87): CodeIgniter\CodeIgniter->run()
 6 SYSTEMPATH\Commands\Server\rewrite.php(47): require_once('D:\\laragon\\www\\pesolink\\public\\index.php')
CRITICAL - 2023-11-25 01:16:54 --> CodeIgniter\Validation\Validation::run(): Argument #1 ($data) must be of type ?array, stdClass given, called in D:\laragon\www\pesolink\app\Controllers\UserController.php on line 94
in SYSTEMPATH\Validation\Validation.php on line 132.
 1 APPPATH\Controllers\UserController.php(94): CodeIgniter\Validation\Validation->run(Object(stdClass))
 2 SYSTEMPATH\CodeIgniter.php(919): App\Controllers\UserController->save()
 3 SYSTEMPATH\CodeIgniter.php(494): CodeIgniter\CodeIgniter->runController(Object(App\Controllers\UserController))
 4 SYSTEMPATH\CodeIgniter.php(353): CodeIgniter\CodeIgniter->handleRequest(null, Object(Config\Cache), false)
 5 FCPATH\index.php(87): CodeIgniter\CodeIgniter->run()
 6 SYSTEMPATH\Commands\Server\rewrite.php(47): require_once('D:\\laragon\\www\\pesolink\\public\\index.php')
CRITICAL - 2023-11-25 01:19:21 --> CodeIgniter\Validation\Validation::run(): Argument #1 ($data) must be of type ?array, stdClass given, called in D:\laragon\www\pesolink\app\Controllers\UserController.php on line 94
in SYSTEMPATH\Validation\Validation.php on line 132.
 1 APPPATH\Controllers\UserController.php(94): CodeIgniter\Validation\Validation->run(Object(stdClass))
 2 SYSTEMPATH\CodeIgniter.php(919): App\Controllers\UserController->save()
 3 SYSTEMPATH\CodeIgniter.php(494): CodeIgniter\CodeIgniter->runController(Object(App\Controllers\UserController))
 4 SYSTEMPATH\CodeIgniter.php(353): CodeIgniter\CodeIgniter->handleRequest(null, Object(Config\Cache), false)
 5 FCPATH\index.php(87): CodeIgniter\CodeIgniter->run()
 6 SYSTEMPATH\Commands\Server\rewrite.php(47): require_once('D:\\laragon\\www\\pesolink\\public\\index.php')
CRITICAL - 2023-11-25 01:19:28 --> CodeIgniter\Validation\Validation::run(): Argument #1 ($data) must be of type ?array, stdClass given, called in D:\laragon\www\pesolink\app\Controllers\UserController.php on line 94
in SYSTEMPATH\Validation\Validation.php on line 132.
 1 APPPATH\Controllers\UserController.php(94): CodeIgniter\Validation\Validation->run(Object(stdClass))
 2 SYSTEMPATH\CodeIgniter.php(919): App\Controllers\UserController->save()
 3 SYSTEMPATH\CodeIgniter.php(494): CodeIgniter\CodeIgniter->runController(Object(App\Controllers\UserController))
 4 SYSTEMPATH\CodeIgniter.php(353): CodeIgniter\CodeIgniter->handleRequest(null, Object(Config\Cache), false)
 5 FCPATH\index.php(87): CodeIgniter\CodeIgniter->run()
 6 SYSTEMPATH\Commands\Server\rewrite.php(47): require_once('D:\\laragon\\www\\pesolink\\public\\index.php')
CRITICAL - 2023-11-25 01:19:30 --> CodeIgniter\Validation\Validation::run(): Argument #1 ($data) must be of type ?array, stdClass given, called in D:\laragon\www\pesolink\app\Controllers\UserController.php on line 94
in SYSTEMPATH\Validation\Validation.php on line 132.
 1 APPPATH\Controllers\UserController.php(94): CodeIgniter\Validation\Validation->run(Object(stdClass))
 2 SYSTEMPATH\CodeIgniter.php(919): App\Controllers\UserController->save()
 3 SYSTEMPATH\CodeIgniter.php(494): CodeIgniter\CodeIgniter->runController(Object(App\Controllers\UserController))
 4 SYSTEMPATH\CodeIgniter.php(353): CodeIgniter\CodeIgniter->handleRequest(null, Object(Config\Cache), false)
 5 FCPATH\index.php(87): CodeIgniter\CodeIgniter->run()
 6 SYSTEMPATH\Commands\Server\rewrite.php(47): require_once('D:\\laragon\\www\\pesolink\\public\\index.php')
CRITICAL - 2023-11-25 01:19:30 --> CodeIgniter\Validation\Validation::run(): Argument #1 ($data) must be of type ?array, stdClass given, called in D:\laragon\www\pesolink\app\Controllers\UserController.php on line 94
in SYSTEMPATH\Validation\Validation.php on line 132.
 1 APPPATH\Controllers\UserController.php(94): CodeIgniter\Validation\Validation->run(Object(stdClass))
 2 SYSTEMPATH\CodeIgniter.php(919): App\Controllers\UserController->save()
 3 SYSTEMPATH\CodeIgniter.php(494): CodeIgniter\CodeIgniter->runController(Object(App\Controllers\UserController))
 4 SYSTEMPATH\CodeIgniter.php(353): CodeIgniter\CodeIgniter->handleRequest(null, Object(Config\Cache), false)
 5 FCPATH\index.php(87): CodeIgniter\CodeIgniter->run()
 6 SYSTEMPATH\Commands\Server\rewrite.php(47): require_once('D:\\laragon\\www\\pesolink\\public\\index.php')
CRITICAL - 2023-11-25 01:19:30 --> CodeIgniter\Validation\Validation::run(): Argument #1 ($data) must be of type ?array, stdClass given, called in D:\laragon\www\pesolink\app\Controllers\UserController.php on line 94
in SYSTEMPATH\Validation\Validation.php on line 132.
 1 APPPATH\Controllers\UserController.php(94): CodeIgniter\Validation\Validation->run(Object(stdClass))
 2 SYSTEMPATH\CodeIgniter.php(919): App\Controllers\UserController->save()
 3 SYSTEMPATH\CodeIgniter.php(494): CodeIgniter\CodeIgniter->runController(Object(App\Controllers\UserController))
 4 SYSTEMPATH\CodeIgniter.php(353): CodeIgniter\CodeIgniter->handleRequest(null, Object(Config\Cache), false)
 5 FCPATH\index.php(87): CodeIgniter\CodeIgniter->run()
 6 SYSTEMPATH\Commands\Server\rewrite.php(47): require_once('D:\\laragon\\www\\pesolink\\public\\index.php')
CRITICAL - 2023-11-25 01:19:31 --> CodeIgniter\Validation\Validation::run(): Argument #1 ($data) must be of type ?array, stdClass given, called in D:\laragon\www\pesolink\app\Controllers\UserController.php on line 94
in SYSTEMPATH\Validation\Validation.php on line 132.
 1 APPPATH\Controllers\UserController.php(94): CodeIgniter\Validation\Validation->run(Object(stdClass))
 2 SYSTEMPATH\CodeIgniter.php(919): App\Controllers\UserController->save()
 3 SYSTEMPATH\CodeIgniter.php(494): CodeIgniter\CodeIgniter->runController(Object(App\Controllers\UserController))
 4 SYSTEMPATH\CodeIgniter.php(353): CodeIgniter\CodeIgniter->handleRequest(null, Object(Config\Cache), false)
 5 FCPATH\index.php(87): CodeIgniter\CodeIgniter->run()
 6 SYSTEMPATH\Commands\Server\rewrite.php(47): require_once('D:\\laragon\\www\\pesolink\\public\\index.php')
CRITICAL - 2023-11-25 01:19:31 --> CodeIgniter\Validation\Validation::run(): Argument #1 ($data) must be of type ?array, stdClass given, called in D:\laragon\www\pesolink\app\Controllers\UserController.php on line 94
in SYSTEMPATH\Validation\Validation.php on line 132.
 1 APPPATH\Controllers\UserController.php(94): CodeIgniter\Validation\Validation->run(Object(stdClass))
 2 SYSTEMPATH\CodeIgniter.php(919): App\Controllers\UserController->save()
 3 SYSTEMPATH\CodeIgniter.php(494): CodeIgniter\CodeIgniter->runController(Object(App\Controllers\UserController))
 4 SYSTEMPATH\CodeIgniter.php(353): CodeIgniter\CodeIgniter->handleRequest(null, Object(Config\Cache), false)
 5 FCPATH\index.php(87): CodeIgniter\CodeIgniter->run()
 6 SYSTEMPATH\Commands\Server\rewrite.php(47): require_once('D:\\laragon\\www\\pesolink\\public\\index.php')
CRITICAL - 2023-11-25 01:29:02 --> CodeIgniter\Validation\Validation::run(): Argument #1 ($data) must be of type ?array, stdClass given, called in D:\laragon\www\pesolink\app\Controllers\UserController.php on line 94
in SYSTEMPATH\Validation\Validation.php on line 132.
 1 APPPATH\Controllers\UserController.php(94): CodeIgniter\Validation\Validation->run(Object(stdClass))
 2 SYSTEMPATH\CodeIgniter.php(919): App\Controllers\UserController->save()
 3 SYSTEMPATH\CodeIgniter.php(494): CodeIgniter\CodeIgniter->runController(Object(App\Controllers\UserController))
 4 SYSTEMPATH\CodeIgniter.php(353): CodeIgniter\CodeIgniter->handleRequest(null, Object(Config\Cache), false)
 5 FCPATH\index.php(87): CodeIgniter\CodeIgniter->run()
 6 SYSTEMPATH\Commands\Server\rewrite.php(47): require_once('D:\\laragon\\www\\pesolink\\public\\index.php')
CRITICAL - 2023-11-25 01:32:27 --> CodeIgniter\Validation\Validation::run(): Argument #1 ($data) must be of type ?array, stdClass given, called in D:\laragon\www\pesolink\app\Controllers\UserController.php on line 94
in SYSTEMPATH\Validation\Validation.php on line 132.
 1 APPPATH\Controllers\UserController.php(94): CodeIgniter\Validation\Validation->run(Object(stdClass))
 2 SYSTEMPATH\CodeIgniter.php(919): App\Controllers\UserController->save()
 3 SYSTEMPATH\CodeIgniter.php(494): CodeIgniter\CodeIgniter->runController(Object(App\Controllers\UserController))
 4 SYSTEMPATH\CodeIgniter.php(353): CodeIgniter\CodeIgniter->handleRequest(null, Object(Config\Cache), false)
 5 FCPATH\index.php(87): CodeIgniter\CodeIgniter->run()
 6 SYSTEMPATH\Commands\Server\rewrite.php(47): require_once('D:\\laragon\\www\\pesolink\\public\\index.php')
CRITICAL - 2023-11-25 01:32:38 --> CodeIgniter\Validation\Validation::run(): Argument #1 ($data) must be of type ?array, stdClass given, called in D:\laragon\www\pesolink\app\Controllers\UserController.php on line 94
in SYSTEMPATH\Validation\Validation.php on line 132.
 1 APPPATH\Controllers\UserController.php(94): CodeIgniter\Validation\Validation->run(Object(stdClass))
 2 SYSTEMPATH\CodeIgniter.php(919): App\Controllers\UserController->save()
 3 SYSTEMPATH\CodeIgniter.php(494): CodeIgniter\CodeIgniter->runController(Object(App\Controllers\UserController))
 4 SYSTEMPATH\CodeIgniter.php(353): CodeIgniter\CodeIgniter->handleRequest(null, Object(Config\Cache), false)
 5 FCPATH\index.php(87): CodeIgniter\CodeIgniter->run()
 6 SYSTEMPATH\Commands\Server\rewrite.php(47): require_once('D:\\laragon\\www\\pesolink\\public\\index.php')
CRITICAL - 2023-11-25 01:32:59 --> CodeIgniter\Validation\Validation::run(): Argument #1 ($data) must be of type ?array, stdClass given, called in D:\laragon\www\pesolink\app\Controllers\UserController.php on line 94
in SYSTEMPATH\Validation\Validation.php on line 132.
 1 APPPATH\Controllers\UserController.php(94): CodeIgniter\Validation\Validation->run(Object(stdClass))
 2 SYSTEMPATH\CodeIgniter.php(919): App\Controllers\UserController->save()
 3 SYSTEMPATH\CodeIgniter.php(494): CodeIgniter\CodeIgniter->runController(Object(App\Controllers\UserController))
 4 SYSTEMPATH\CodeIgniter.php(353): CodeIgniter\CodeIgniter->handleRequest(null, Object(Config\Cache), false)
 5 FCPATH\index.php(87): CodeIgniter\CodeIgniter->run()
 6 SYSTEMPATH\Commands\Server\rewrite.php(47): require_once('D:\\laragon\\www\\pesolink\\public\\index.php')
CRITICAL - 2023-11-25 01:33:07 --> CodeIgniter\Validation\Validation::run(): Argument #1 ($data) must be of type ?array, stdClass given, called in D:\laragon\www\pesolink\app\Controllers\UserController.php on line 94
in SYSTEMPATH\Validation\Validation.php on line 132.
 1 APPPATH\Controllers\UserController.php(94): CodeIgniter\Validation\Validation->run(Object(stdClass))
 2 SYSTEMPATH\CodeIgniter.php(919): App\Controllers\UserController->save()
 3 SYSTEMPATH\CodeIgniter.php(494): CodeIgniter\CodeIgniter->runController(Object(App\Controllers\UserController))
 4 SYSTEMPATH\CodeIgniter.php(353): CodeIgniter\CodeIgniter->handleRequest(null, Object(Config\Cache), false)
 5 FCPATH\index.php(87): CodeIgniter\CodeIgniter->run()
 6 SYSTEMPATH\Commands\Server\rewrite.php(47): require_once('D:\\laragon\\www\\pesolink\\public\\index.php')
CRITICAL - 2023-11-25 01:34:37 --> CodeIgniter\Validation\Validation::run(): Argument #1 ($data) must be of type ?array, stdClass given, called in D:\laragon\www\pesolink\app\Controllers\UserController.php on line 94
in SYSTEMPATH\Validation\Validation.php on line 132.
 1 APPPATH\Controllers\UserController.php(94): CodeIgniter\Validation\Validation->run(Object(stdClass))
 2 SYSTEMPATH\CodeIgniter.php(919): App\Controllers\UserController->save()
 3 SYSTEMPATH\CodeIgniter.php(494): CodeIgniter\CodeIgniter->runController(Object(App\Controllers\UserController))
 4 SYSTEMPATH\CodeIgniter.php(353): CodeIgniter\CodeIgniter->handleRequest(null, Object(Config\Cache), false)
 5 FCPATH\index.php(87): CodeIgniter\CodeIgniter->run()
 6 SYSTEMPATH\Commands\Server\rewrite.php(47): require_once('D:\\laragon\\www\\pesolink\\public\\index.php')
CRITICAL - 2023-11-25 01:34:42 --> CodeIgniter\Validation\Validation::run(): Argument #1 ($data) must be of type ?array, stdClass given, called in D:\laragon\www\pesolink\app\Controllers\UserController.php on line 94
in SYSTEMPATH\Validation\Validation.php on line 132.
 1 APPPATH\Controllers\UserController.php(94): CodeIgniter\Validation\Validation->run(Object(stdClass))
 2 SYSTEMPATH\CodeIgniter.php(919): App\Controllers\UserController->save()
 3 SYSTEMPATH\CodeIgniter.php(494): CodeIgniter\CodeIgniter->runController(Object(App\Controllers\UserController))
 4 SYSTEMPATH\CodeIgniter.php(353): CodeIgniter\CodeIgniter->handleRequest(null, Object(Config\Cache), false)
 5 FCPATH\index.php(87): CodeIgniter\CodeIgniter->run()
 6 SYSTEMPATH\Commands\Server\rewrite.php(47): require_once('D:\\laragon\\www\\pesolink\\public\\index.php')
CRITICAL - 2023-11-25 03:19:25 --> Undefined property: stdClass::$contact_number
in APPPATH\Controllers\UserController.php on line 90.
 1 APPPATH\Controllers\UserController.php(90): CodeIgniter\Debug\Exceptions->errorHandler(2, 'Undefined property: stdClass::$contact_number', 'D:\\laragon\\www\\pesolink\\app\\Controllers\\UserController.php', 90)
 2 SYSTEMPATH\CodeIgniter.php(919): App\Controllers\UserController->save()
 3 SYSTEMPATH\CodeIgniter.php(494): CodeIgniter\CodeIgniter->runController(Object(App\Controllers\UserController))
 4 SYSTEMPATH\CodeIgniter.php(353): CodeIgniter\CodeIgniter->handleRequest(null, Object(Config\Cache), false)
 5 FCPATH\index.php(87): CodeIgniter\CodeIgniter->run()
 6 SYSTEMPATH\Commands\Server\rewrite.php(47): require_once('D:\\laragon\\www\\pesolink\\public\\index.php')
CRITICAL - 2023-11-25 03:19:34 --> Undefined property: stdClass::$contact_number
in APPPATH\Controllers\UserController.php on line 90.
 1 APPPATH\Controllers\UserController.php(90): CodeIgniter\Debug\Exceptions->errorHandler(2, 'Undefined property: stdClass::$contact_number', 'D:\\laragon\\www\\pesolink\\app\\Controllers\\UserController.php', 90)
 2 SYSTEMPATH\CodeIgniter.php(919): App\Controllers\UserController->save()
 3 SYSTEMPATH\CodeIgniter.php(494): CodeIgniter\CodeIgniter->runController(Object(App\Controllers\UserController))
 4 SYSTEMPATH\CodeIgniter.php(353): CodeIgniter\CodeIgniter->handleRequest(null, Object(Config\Cache), false)
 5 FCPATH\index.php(87): CodeIgniter\CodeIgniter->run()
 6 SYSTEMPATH\Commands\Server\rewrite.php(47): require_once('D:\\laragon\\www\\pesolink\\public\\index.php')
CRITICAL - 2023-11-25 03:20:05 --> Undefined property: stdClass::$contact_number
in APPPATH\Controllers\UserController.php on line 90.
 1 APPPATH\Controllers\UserController.php(90): CodeIgniter\Debug\Exceptions->errorHandler(2, 'Undefined property: stdClass::$contact_number', 'D:\\laragon\\www\\pesolink\\app\\Controllers\\UserController.php', 90)
 2 SYSTEMPATH\CodeIgniter.php(919): App\Controllers\UserController->save()
 3 SYSTEMPATH\CodeIgniter.php(494): CodeIgniter\CodeIgniter->runController(Object(App\Controllers\UserController))
 4 SYSTEMPATH\CodeIgniter.php(353): CodeIgniter\CodeIgniter->handleRequest(null, Object(Config\Cache), false)
 5 FCPATH\index.php(87): CodeIgniter\CodeIgniter->run()
 6 SYSTEMPATH\Commands\Server\rewrite.php(47): require_once('D:\\laragon\\www\\pesolink\\public\\index.php')
CRITICAL - 2023-11-25 03:52:54 --> Undefined variable $applicants
in APPPATH\Views\Admin\manageuser.php on line 73.
 1 APPPATH\Views\Admin\manageuser.php(73): CodeIgniter\Debug\Exceptions->errorHandler(2, 'Undefined variable $applicants', 'D:\\laragon\\www\\pesolink\\app\\Views\\Admin\\manageuser.php', 73)
 2 SYSTEMPATH\View\View.php(226): include('D:\\laragon\\www\\pesolink\\app\\Views\\Admin\\manageuser.php')
 3 SYSTEMPATH\View\View.php(229): CodeIgniter\View\View->CodeIgniter\View\{closure}()
 4 SYSTEMPATH\Common.php(1188): CodeIgniter\View\View->render('Admin/manageuser', [], true)
 5 APPPATH\Controllers\AdminController.php(45): view('Admin/manageuser')
 6 SYSTEMPATH\CodeIgniter.php(919): App\Controllers\AdminController->manageuser()
 7 SYSTEMPATH\CodeIgniter.php(494): CodeIgniter\CodeIgniter->runController(Object(App\Controllers\AdminController))
 8 SYSTEMPATH\CodeIgniter.php(353): CodeIgniter\CodeIgniter->handleRequest(null, Object(Config\Cache), false)
 9 FCPATH\index.php(87): CodeIgniter\CodeIgniter->run()
10 SYSTEMPATH\Commands\Server\rewrite.php(47): require_once('D:\\laragon\\www\\pesolink\\public\\index.php')
CRITICAL - 2023-11-25 03:53:37 --> Unmatched '}'
in APPPATH\Views\Admin\manageuser.php on line 104.
 1 SYSTEMPATH\View\View.php(229): CodeIgniter\View\View->CodeIgniter\View\{closure}()
 2 SYSTEMPATH\Common.php(1188): CodeIgniter\View\View->render('Admin/manageuser', [], true)
 3 APPPATH\Controllers\AdminController.php(45): view('Admin/manageuser')
 4 SYSTEMPATH\CodeIgniter.php(919): App\Controllers\AdminController->manageuser()
 5 SYSTEMPATH\CodeIgniter.php(494): CodeIgniter\CodeIgniter->runController(Object(App\Controllers\AdminController))
 6 SYSTEMPATH\CodeIgniter.php(353): CodeIgniter\CodeIgniter->handleRequest(null, Object(Config\Cache), false)
 7 FCPATH\index.php(87): CodeIgniter\CodeIgniter->run()
 8 SYSTEMPATH\Commands\Server\rewrite.php(47): require_once('D:\\laragon\\www\\pesolink\\public\\index.php')
CRITICAL - 2023-11-25 03:54:01 --> Undefined variable $applicants
in APPPATH\Views\Admin\manageuser.php on line 73.
 1 APPPATH\Views\Admin\manageuser.php(73): CodeIgniter\Debug\Exceptions->errorHandler(2, 'Undefined variable $applicants', 'D:\\laragon\\www\\pesolink\\app\\Views\\Admin\\manageuser.php', 73)
 2 SYSTEMPATH\View\View.php(226): include('D:\\laragon\\www\\pesolink\\app\\Views\\Admin\\manageuser.php')
 3 SYSTEMPATH\View\View.php(229): CodeIgniter\View\View->CodeIgniter\View\{closure}()
 4 SYSTEMPATH\Common.php(1188): CodeIgniter\View\View->render('Admin/manageuser', [], true)
 5 APPPATH\Controllers\AdminController.php(45): view('Admin/manageuser')
 6 SYSTEMPATH\CodeIgniter.php(919): App\Controllers\AdminController->manageuser()
 7 SYSTEMPATH\CodeIgniter.php(494): CodeIgniter\CodeIgniter->runController(Object(App\Controllers\AdminController))
 8 SYSTEMPATH\CodeIgniter.php(353): CodeIgniter\CodeIgniter->handleRequest(null, Object(Config\Cache), false)
 9 FCPATH\index.php(87): CodeIgniter\CodeIgniter->run()
10 SYSTEMPATH\Commands\Server\rewrite.php(47): require_once('D:\\laragon\\www\\pesolink\\public\\index.php')
CRITICAL - 2023-11-25 03:54:55 --> Unmatched '}'
in APPPATH\Views\Admin\manageuser.php on line 101.
 1 SYSTEMPATH\View\View.php(229): CodeIgniter\View\View->CodeIgniter\View\{closure}()
 2 SYSTEMPATH\Common.php(1188): CodeIgniter\View\View->render('Admin/manageuser', [], true)
 3 APPPATH\Controllers\AdminController.php(45): view('Admin/manageuser')
 4 SYSTEMPATH\CodeIgniter.php(919): App\Controllers\AdminController->manageuser()
 5 SYSTEMPATH\CodeIgniter.php(494): CodeIgniter\CodeIgniter->runController(Object(App\Controllers\AdminController))
 6 SYSTEMPATH\CodeIgniter.php(353): CodeIgniter\CodeIgniter->handleRequest(null, Object(Config\Cache), false)
 7 FCPATH\index.php(87): CodeIgniter\CodeIgniter->run()
 8 SYSTEMPATH\Commands\Server\rewrite.php(47): require_once('D:\\laragon\\www\\pesolink\\public\\index.php')
CRITICAL - 2023-11-25 03:54:59 --> Unmatched '}'
in APPPATH\Views\Admin\manageuser.php on line 101.
 1 SYSTEMPATH\View\View.php(229): CodeIgniter\View\View->CodeIgniter\View\{closure}()
 2 SYSTEMPATH\Common.php(1188): CodeIgniter\View\View->render('Admin/manageuser', [], true)
 3 APPPATH\Controllers\AdminController.php(45): view('Admin/manageuser')
 4 SYSTEMPATH\CodeIgniter.php(919): App\Controllers\AdminController->manageuser()
 5 SYSTEMPATH\CodeIgniter.php(494): CodeIgniter\CodeIgniter->runController(Object(App\Controllers\AdminController))
 6 SYSTEMPATH\CodeIgniter.php(353): CodeIgniter\CodeIgniter->handleRequest(null, Object(Config\Cache), false)
 7 FCPATH\index.php(87): CodeIgniter\CodeIgniter->run()
 8 SYSTEMPATH\Commands\Server\rewrite.php(47): require_once('D:\\laragon\\www\\pesolink\\public\\index.php')
CRITICAL - 2023-11-25 03:55:10 --> Undefined variable $applicants
in APPPATH\Views\Admin\manageuser.php on line 73.
 1 APPPATH\Views\Admin\manageuser.php(73): CodeIgniter\Debug\Exceptions->errorHandler(2, 'Undefined variable $applicants', 'D:\\laragon\\www\\pesolink\\app\\Views\\Admin\\manageuser.php', 73)
 2 SYSTEMPATH\View\View.php(226): include('D:\\laragon\\www\\pesolink\\app\\Views\\Admin\\manageuser.php')
 3 SYSTEMPATH\View\View.php(229): CodeIgniter\View\View->CodeIgniter\View\{closure}()
 4 SYSTEMPATH\Common.php(1188): CodeIgniter\View\View->render('Admin/manageuser', [], true)
 5 APPPATH\Controllers\AdminController.php(45): view('Admin/manageuser')
 6 SYSTEMPATH\CodeIgniter.php(919): App\Controllers\AdminController->manageuser()
 7 SYSTEMPATH\CodeIgniter.php(494): CodeIgniter\CodeIgniter->runController(Object(App\Controllers\AdminController))
 8 SYSTEMPATH\CodeIgniter.php(353): CodeIgniter\CodeIgniter->handleRequest(null, Object(Config\Cache), false)
 9 FCPATH\index.php(87): CodeIgniter\CodeIgniter->run()
10 SYSTEMPATH\Commands\Server\rewrite.php(47): require_once('D:\\laragon\\www\\pesolink\\public\\index.php')
CRITICAL - 2023-11-25 03:55:11 --> Undefined variable $applicants
in APPPATH\Views\Admin\manageuser.php on line 73.
 1 APPPATH\Views\Admin\manageuser.php(73): CodeIgniter\Debug\Exceptions->errorHandler(2, 'Undefined variable $applicants', 'D:\\laragon\\www\\pesolink\\app\\Views\\Admin\\manageuser.php', 73)
 2 SYSTEMPATH\View\View.php(226): include('D:\\laragon\\www\\pesolink\\app\\Views\\Admin\\manageuser.php')
 3 SYSTEMPATH\View\View.php(229): CodeIgniter\View\View->CodeIgniter\View\{closure}()
 4 SYSTEMPATH\Common.php(1188): CodeIgniter\View\View->render('Admin/manageuser', [], true)
 5 APPPATH\Controllers\AdminController.php(45): view('Admin/manageuser')
 6 SYSTEMPATH\CodeIgniter.php(919): App\Controllers\AdminController->manageuser()
 7 SYSTEMPATH\CodeIgniter.php(494): CodeIgniter\CodeIgniter->runController(Object(App\Controllers\AdminController))
 8 SYSTEMPATH\CodeIgniter.php(353): CodeIgniter\CodeIgniter->handleRequest(null, Object(Config\Cache), false)
 9 FCPATH\index.php(87): CodeIgniter\CodeIgniter->run()
10 SYSTEMPATH\Commands\Server\rewrite.php(47): require_once('D:\\laragon\\www\\pesolink\\public\\index.php')
CRITICAL - 2023-11-25 04:00:31 --> Undefined variable $applicants
in APPPATH\Views\Admin\manageuser.php on line 74.
 1 APPPATH\Views\Admin\manageuser.php(74): CodeIgniter\Debug\Exceptions->errorHandler(2, 'Undefined variable $applicants', 'D:\\laragon\\www\\pesolink\\app\\Views\\Admin\\manageuser.php', 74)
 2 SYSTEMPATH\View\View.php(226): include('D:\\laragon\\www\\pesolink\\app\\Views\\Admin\\manageuser.php')
 3 SYSTEMPATH\View\View.php(229): CodeIgniter\View\View->CodeIgniter\View\{closure}()
 4 SYSTEMPATH\Common.php(1188): CodeIgniter\View\View->render('Admin/manageuser', [], true)
 5 APPPATH\Controllers\AdminController.php(45): view('Admin/manageuser')
 6 SYSTEMPATH\CodeIgniter.php(919): App\Controllers\AdminController->manageuser()
 7 SYSTEMPATH\CodeIgniter.php(494): CodeIgniter\CodeIgniter->runController(Object(App\Controllers\AdminController))
 8 SYSTEMPATH\CodeIgniter.php(353): CodeIgniter\CodeIgniter->handleRequest(null, Object(Config\Cache), false)
 9 FCPATH\index.php(87): CodeIgniter\CodeIgniter->run()
10 SYSTEMPATH\Commands\Server\rewrite.php(47): require_once('D:\\laragon\\www\\pesolink\\public\\index.php')
