CRITICAL - 2023-11-03 12:21:06 --> Invalid file: "User/jobdetails.php"
in SYSTEMPATH\Exceptions\FrameworkException.php on line 39.
 1 SYSTEMPATH\View\View.php(214): CodeIgniter\Exceptions\FrameworkException::forInvalidFile('User/jobdetails.php')
 2 SYSTEMPATH\Common.php(1188): CodeIgniter\View\View->render('User/jobdetails', [], true)
 3 APPPATH\Controllers\UserController.php(26): view('User/jobdetails')
 4 SYSTEMPATH\CodeIgniter.php(919): App\Controllers\UserController->jobdetails()
 5 SYSTEMPATH\CodeIgniter.php(494): CodeIgniter\CodeIgniter->runController(Object(App\Controllers\UserController))
 6 SYSTEMPATH\CodeIgniter.php(353): CodeIgniter\CodeIgniter->handleRequest(null, Object(Config\Cache), false)
 7 FCPATH\index.php(79): CodeIgniter\CodeIgniter->run()
 8 SYSTEMPATH\Commands\Server\rewrite.php(47): require_once('D:\\laragon\\www\\PesoLink\\public\\index.php')
CRITICAL - 2023-11-03 22:39:15 --> syntax error, unexpected string content "User/inc/footer) ?>"
in APPPATH\Views\User\contact.php on line 216.
 1 SYSTEMPATH\View\View.php(229): CodeIgniter\View\View->CodeIgniter\View\{closure}()
 2 SYSTEMPATH\Common.php(1188): CodeIgniter\View\View->render('User/contact', [], true)
 3 APPPATH\Controllers\UserController.php(31): view('User/contact')
 4 SYSTEMPATH\CodeIgniter.php(919): App\Controllers\UserController->contact()
 5 SYSTEMPATH\CodeIgniter.php(494): CodeIgniter\CodeIgniter->runController(Object(App\Controllers\UserController))
 6 SYSTEMPATH\CodeIgniter.php(353): CodeIgniter\CodeIgniter->handleRequest(null, Object(Config\Cache), false)
 7 FCPATH\index.php(79): CodeIgniter\CodeIgniter->run()
 8 SYSTEMPATH\Commands\Server\rewrite.php(47): require_once('D:\\laragon\\www\\PesoLink\\public\\index.php')
